#
# There is insufficient memory for the Java Runtime Environment to continue.
# Native memory allocation (mmap) failed to map 150994944 bytes for Failed to commit area from 0x000000008ef00000 to 0x0000000097f00000 of length 150994944.
# Possible reasons:
#   The system is out of physical RAM or swap space
#   The process is running with CompressedOops enabled, and the Java Heap may be blocking the growth of the native heap
# Possible solutions:
#   Reduce memory load on the system
#   Increase physical memory or swap space
#   Check if swap backing store is full
#   Decrease Java heap size (-Xmx/-Xms)
#   Decrease number of Java threads
#   Decrease Java thread stack sizes (-Xss)
#   Set larger code cache with -XX:ReservedCodeCacheSize=
#   JVM is running with Unscaled Compressed Oops mode in which the Java heap is
#     placed in the first 4GB address space. The Java Heap base address is the
#     maximum limit for the native heap growth. Please use -XX:HeapBaseMinAddress
#     to set the Java Heap base and to place the Java Heap above 4GB virtual address.
# This output file may be truncated or incomplete.
#
#  Out of Memory Error (./src/hotspot/os/windows/os_windows.cpp:3301), pid=32256, tid=32452
#
# JRE version: OpenJDK Runtime Environment (11.0.11+9) (build 11.0.11+9-b60-7590822)
# Java VM: OpenJDK 64-Bit Server VM (11.0.11+9-b60-7590822, mixed mode, tiered, compressed oops, g1 gc, windows-amd64)
# No core dump will be written. Minidumps are not enabled by default on client versions of Windows
#

---------------  S U M M A R Y ------------

Command Line: --add-opens=java.base/java.util=ALL-UNNAMED --add-opens=java.base/java.lang=ALL-UNNAMED --add-opens=java.base/java.lang.invoke=ALL-UNNAMED --add-opens=java.base/java.util=ALL-UNNAMED --add-opens=java.prefs/java.util.prefs=ALL-UNNAMED --add-opens=java.prefs/java.util.prefs=ALL-UNNAMED --add-opens=java.base/java.nio.charset=ALL-UNNAMED --add-opens=java.base/java.net=ALL-UNNAMED --add-opens=java.base/java.util.concurrent.atomic=ALL-UNNAMED -Xmx2048m -Dfile.encoding=UTF-8 -Duser.country=US -Duser.language=en -Duser.variant org.gradle.launcher.daemon.bootstrap.GradleDaemon 7.2

Host: AMD Ryzen 5 2500U with Radeon Vega Mobile Gfx  , 8 cores, 10G,  Windows 10 , 64 bit Build 22616 (10.0.22616.1)
Time: Sun May 15 17:51:05 2022 SE Asia Standard Time elapsed time: 24.789098 seconds (0d 0h 0m 24s)

---------------  T H R E A D  ---------------

Current thread (0x000002209c544000):  VMThread "VM Thread" [stack: 0x000000e4eeb00000,0x000000e4eec00000] [id=32452]

Stack: [0x000000e4eeb00000,0x000000e4eec00000]
[error occurred during error reporting (printing stack bounds), id 0xc0000005, EXCEPTION_ACCESS_VIOLATION (0xc0000005) at pc=0x0000022084e30f2d]

Native frames: (J=compiled Java code, j=interpreted, Vv=VM code, C=native code)
V  [jvm.dll+0x5f214a]
V  [jvm.dll+0x726fb5]
V  [jvm.dll+0x7285cd]
V  [jvm.dll+0x728be5]
V  [jvm.dll+0x728b9b]
V  [jvm.dll+0x5f14e8]
V  [jvm.dll+0x5f1c78]
C  [ntdll.dll+0xa3d6f]
C  [ntdll.dll+0x1eaa6]
C  [ntdll.dll+0xa2d5e]
C  0x0000022084e30f2d

VM_Operation (0x000000e4f88fe480): G1CollectForAllocation, mode: safepoint, requested by thread 0x000002209d521800


---------------  P R O C E S S  ---------------

Threads class SMR info:
_java_thread_list=0x00000220a4b9cf30, length=148, elements={
0x00000220ffc5b800, 0x000002209bd29800, 0x000002209bd36800, 0x000002209c594800,
0x000002209c595800, 0x000002209c596800, 0x000002209c598000, 0x000002209c5a2000,
0x000002209c5a8800, 0x000002209c708800, 0x000002209eb4e000, 0x000002209c7ac800,
0x000002209c93e800, 0x000002209d2d3800, 0x000002209e1d3800, 0x000002209e565800,
0x000002209fc68800, 0x000002209f93e800, 0x000002209f93f000, 0x000002209eaec000,
0x000002209eaeb800, 0x000002209eaed000, 0x000002209eae8000, 0x000002209eae7000,
0x000002209eaee000, 0x000002209eae9000, 0x000002209eaea800, 0x000002209eae9800,
0x00000220a0238000, 0x00000220a0239000, 0x00000220a0239800, 0x00000220a023d000,
0x00000220a023b800, 0x00000220a0240000, 0x00000220a0242000, 0x00000220a023c000,
0x00000220a023e800, 0x00000220a0243800, 0x00000220a0242800, 0x00000220a023d800,
0x00000220a0244800, 0x00000220a0245000, 0x00000220a023f800, 0x00000220a0246000,
0x000002209d850000, 0x000002209d850800, 0x000002209d84c800, 0x000002209d852000,
0x000002209d851800, 0x000002209d853000, 0x000002209d84f000, 0x000002209d84d800,
0x000002209d854000, 0x000002209d84e000, 0x000002209d859800, 0x000002209d856800,
0x000002209d85a800, 0x000002209d854800, 0x000002209d855800, 0x000002209d85b000,
0x000002209d857000, 0x000002209d858000, 0x000002209d859000, 0x000002209d7e8000,
0x000002209d7e9000, 0x000002209d7ee800, 0x000002209d7ea800, 0x000002209d7ed000,
0x000002209d7ec000, 0x000002209d7ee000, 0x000002209d7ef800, 0x000002209d7ea000,
0x000002209d7f0800, 0x000002209d7f1000, 0x000002209d7eb800, 0x000002209d7f3000,
0x000002209d7f4800, 0x000002209d7f3800, 0x000002209d7f2000, 0x000002209d7f7000,
0x000002209d7f5000, 0x000002209d7f6000, 0x000002209d419800, 0x000002209d417000,
0x000002209d418800, 0x000002209d414800, 0x000002209d415000, 0x000002209d416000,
0x000002209d417800, 0x000002209d41f000, 0x000002209d41a000, 0x000002209d420800,
0x000002209d41e000, 0x000002209d41d800, 0x000002209d41b000, 0x000002209d41c800,
0x000002209d420000, 0x000002209d421800, 0x000002209d41b800, 0x000002209d422800,
0x000002209d423000, 0x000002209d86f800, 0x000002209d86a800, 0x000002209d86a000,
0x000002209d86b800, 0x000002209d86d000, 0x000002209d872000, 0x000002209d871800,
0x000002209d86e000, 0x000002209d86c800, 0x000002209d86f000, 0x000002209d870800,
0x000002209d875800, 0x000002209d878000, 0x000002209d878800, 0x000002209d873000,
0x000002209d873800, 0x000002209d876000, 0x000002209d874800, 0x000002209d877000,
0x00000220a1a2d000, 0x000002209fc3e000, 0x00000220a200a000, 0x00000220a1a2f800,
0x00000220a1a2e800, 0x00000220a1a29800, 0x00000220a1a30000, 0x00000220a1a2a800,
0x00000220a1a31000, 0x00000220a1a2b000, 0x00000220a1a31800, 0x00000220a1a2c000,
0x00000220a1a37800, 0x00000220a1a36800, 0x00000220a1a38800, 0x00000220a1a36000,
0x00000220a1a32800, 0x00000220a1a35000, 0x00000220a1a33800, 0x00000220a1a34000,
0x000002209d523000, 0x000002209d524000, 0x000002209d520800, 0x000002209d522000,
0x000002209d526800, 0x000002209d521800, 0x000002209d529000, 0x000002209d524800
}

Java Threads: ( => current thread )
  0x00000220ffc5b800 JavaThread "main" [_thread_blocked, id=33568, stack(0x000000e4ee500000,0x000000e4ee600000)]
  0x000002209bd29800 JavaThread "Reference Handler" daemon [_thread_blocked, id=30816, stack(0x000000e4eec00000,0x000000e4eed00000)]
  0x000002209bd36800 JavaThread "Finalizer" daemon [_thread_blocked, id=21116, stack(0x000000e4eed00000,0x000000e4eee00000)]
  0x000002209c594800 JavaThread "Signal Dispatcher" daemon [_thread_blocked, id=6804, stack(0x000000e4eee00000,0x000000e4eef00000)]
  0x000002209c595800 JavaThread "Attach Listener" daemon [_thread_blocked, id=19008, stack(0x000000e4eef00000,0x000000e4ef000000)]
  0x000002209c596800 JavaThread "Service Thread" daemon [_thread_blocked, id=19396, stack(0x000000e4ef000000,0x000000e4ef100000)]
  0x000002209c598000 JavaThread "C2 CompilerThread0" daemon [_thread_in_native, id=7240, stack(0x000000e4ef100000,0x000000e4ef200000)]
  0x000002209c5a2000 JavaThread "C1 CompilerThread0" daemon [_thread_blocked, id=26536, stack(0x000000e4ef200000,0x000000e4ef300000)]
  0x000002209c5a8800 JavaThread "Sweeper thread" daemon [_thread_blocked, id=30668, stack(0x000000e4ef300000,0x000000e4ef400000)]
  0x000002209c708800 JavaThread "Common-Cleaner" daemon [_thread_blocked, id=32312, stack(0x000000e4ef400000,0x000000e4ef500000)]
  0x000002209eb4e000 JavaThread "Daemon health stats" [_thread_blocked, id=30764, stack(0x000000e4efb00000,0x000000e4efc00000)]
  0x000002209c7ac800 JavaThread "Incoming local TCP Connector on port 65178" [_thread_in_native, id=31616, stack(0x000000e4ef600000,0x000000e4ef700000)]
  0x000002209c93e800 JavaThread "Daemon periodic checks" [_thread_blocked, id=25688, stack(0x000000e4ef700000,0x000000e4ef800000)]
  0x000002209d2d3800 JavaThread "Daemon" [_thread_blocked, id=11088, stack(0x000000e4efc00000,0x000000e4efd00000)]
  0x000002209e1d3800 JavaThread "Handler for socket connection from /127.0.0.1:65178 to /127.0.0.1:65179" [_thread_in_native, id=4548, stack(0x000000e4efd00000,0x000000e4efe00000)]
  0x000002209e565800 JavaThread "Cancel handler" [_thread_blocked, id=32580, stack(0x000000e4efe00000,0x000000e4eff00000)]
  0x000002209fc68800 JavaThread "Daemon worker" [_thread_blocked, id=9636, stack(0x000000e4eff00000,0x000000e4f0000000)]
  0x000002209f93e800 JavaThread "Asynchronous log dispatcher for DefaultDaemonConnection: socket connection from /127.0.0.1:65178 to /127.0.0.1:65179" [_thread_blocked, id=20052, stack(0x000000e4f0000000,0x000000e4f0100000)]
  0x000002209f93f000 JavaThread "Stdin handler" [_thread_blocked, id=31140, stack(0x000000e4f0100000,0x000000e4f0200000)]
  0x000002209eaec000 JavaThread "Daemon client event forwarder" [_thread_blocked, id=22852, stack(0x000000e4f0200000,0x000000e4f0300000)]
  0x000002209eaeb800 JavaThread "Cache worker for journal cache (C:\Users\Asus\.gradle\caches\journal-1)" [_thread_blocked, id=33396, stack(0x000000e4f0300000,0x000000e4f0400000)]
  0x000002209eaed000 JavaThread "File lock request listener" [_thread_in_native, id=29068, stack(0x000000e4f0400000,0x000000e4f0500000)]
  0x000002209eae8000 JavaThread "Cache worker for file hash cache (C:\Users\Asus\.gradle\caches\7.2\fileHashes)" [_thread_blocked, id=30452, stack(0x000000e4f0500000,0x000000e4f0600000)]
  0x000002209eae7000 JavaThread "Cache worker for file hash cache (C:\Users\Asus\AndroidStudioProjects\GiuaKyQLNT7\.gradle\7.2\fileHashes)" [_thread_blocked, id=30076, stack(0x000000e4f0b00000,0x000000e4f0c00000)]
  0x000002209eaee000 JavaThread "File watcher server" daemon [_thread_blocked, id=32032, stack(0x000000e4f0d00000,0x000000e4f0e00000)]
  0x000002209eae9000 JavaThread "File watcher consumer" daemon [_thread_blocked, id=31668, stack(0x000000e4f0e00000,0x000000e4f0f00000)]
  0x000002209eaea800 JavaThread "Cache worker for checksums cache (C:\Users\Asus\AndroidStudioProjects\GiuaKyQLNT7\.gradle\checksums)" [_thread_blocked, id=31392, stack(0x000000e4f0f00000,0x000000e4f1000000)]
  0x000002209eae9800 JavaThread "Cache worker for cache directory md-supplier (C:\Users\Asus\.gradle\caches\7.2\md-supplier)" [_thread_blocked, id=31284, stack(0x000000e4f1000000,0x000000e4f1100000)]
  0x00000220a0238000 JavaThread "Cache worker for cache directory md-rule (C:\Users\Asus\.gradle\caches\7.2\md-rule)" [_thread_blocked, id=28164, stack(0x000000e4f1100000,0x000000e4f1200000)]
  0x00000220a0239000 JavaThread "Cache worker for execution history cache (C:\Users\Asus\.gradle\caches\7.2\executionHistory)" [_thread_blocked, id=15748, stack(0x000000e4f1200000,0x000000e4f1300000)]
  0x00000220a0239800 JavaThread "jar transforms" [_thread_blocked, id=10688, stack(0x000000e4f1400000,0x000000e4f1500000)]
  0x00000220a023d000 JavaThread "jar transforms Thread 2" [_thread_blocked, id=32592, stack(0x000000e4f1500000,0x000000e4f1600000)]
  0x00000220a023b800 JavaThread "Cache worker for file content cache (C:\Users\Asus\.gradle\caches\7.2\fileContent)" [_thread_blocked, id=31048, stack(0x000000e4f1600000,0x000000e4f1700000)]
  0x00000220a0240000 JavaThread "Cache worker for dependencies-accessors (C:\Users\Asus\AndroidStudioProjects\GiuaKyQLNT7\.gradle\7.2\dependencies-accessors)" [_thread_blocked, id=31848, stack(0x000000e4f1700000,0x000000e4f1800000)]
  0x00000220a0242000 JavaThread "jar transforms Thread 3" [_thread_blocked, id=15464, stack(0x000000e4f1800000,0x000000e4f1900000)]
  0x00000220a023c000 JavaThread "Cache worker for Build Output Cleanup Cache (C:\Users\Asus\AndroidStudioProjects\GiuaKyQLNT7\.gradle\buildOutputCleanup)" [_thread_blocked, id=19864, stack(0x000000e4f1900000,0x000000e4f1a00000)]
  0x00000220a023e800 JavaThread "Unconstrained build operations" [_thread_blocked, id=18816, stack(0x000000e4f1a00000,0x000000e4f1b00000)]
  0x00000220a0243800 JavaThread "Unconstrained build operations Thread 2" [_thread_blocked, id=20568, stack(0x000000e4f1b00000,0x000000e4f1c00000)]
  0x00000220a0242800 JavaThread "Unconstrained build operations Thread 3" [_thread_blocked, id=5268, stack(0x000000e4f1c00000,0x000000e4f1d00000)]
  0x00000220a023d800 JavaThread "Unconstrained build operations Thread 4" [_thread_blocked, id=29748, stack(0x000000e4f1d00000,0x000000e4f1e00000)]
  0x00000220a0244800 JavaThread "Unconstrained build operations Thread 5" [_thread_blocked, id=32004, stack(0x000000e4f1e00000,0x000000e4f1f00000)]
  0x00000220a0245000 JavaThread "Unconstrained build operations Thread 6" [_thread_blocked, id=21088, stack(0x000000e4f1f00000,0x000000e4f2000000)]
  0x00000220a023f800 JavaThread "Unconstrained build operations Thread 7" [_thread_blocked, id=25900, stack(0x000000e4f2000000,0x000000e4f2100000)]
  0x00000220a0246000 JavaThread "Unconstrained build operations Thread 8" [_thread_blocked, id=33632, stack(0x000000e4f2100000,0x000000e4f2200000)]
  0x000002209d850000 JavaThread "Unconstrained build operations Thread 9" [_thread_blocked, id=24560, stack(0x000000e4f2200000,0x000000e4f2300000)]
  0x000002209d850800 JavaThread "Unconstrained build operations Thread 10" [_thread_blocked, id=7712, stack(0x000000e4f2300000,0x000000e4f2400000)]
  0x000002209d84c800 JavaThread "Unconstrained build operations Thread 11" [_thread_blocked, id=23536, stack(0x000000e4f2400000,0x000000e4f2500000)]
  0x000002209d852000 JavaThread "Unconstrained build operations Thread 12" [_thread_blocked, id=21432, stack(0x000000e4f2500000,0x000000e4f2600000)]
  0x000002209d851800 JavaThread "Unconstrained build operations Thread 13" [_thread_blocked, id=20396, stack(0x000000e4f2600000,0x000000e4f2700000)]
  0x000002209d853000 JavaThread "Unconstrained build operations Thread 14" [_thread_blocked, id=17200, stack(0x000000e4f2700000,0x000000e4f2800000)]
  0x000002209d84f000 JavaThread "Unconstrained build operations Thread 15" [_thread_blocked, id=8104, stack(0x000000e4f2800000,0x000000e4f2900000)]
  0x000002209d84d800 JavaThread "Unconstrained build operations Thread 16" [_thread_blocked, id=6048, stack(0x000000e4f2900000,0x000000e4f2a00000)]
  0x000002209d854000 JavaThread "Unconstrained build operations Thread 17" [_thread_blocked, id=26680, stack(0x000000e4f2a00000,0x000000e4f2b00000)]
  0x000002209d84e000 JavaThread "Unconstrained build operations Thread 18" [_thread_blocked, id=33384, stack(0x000000e4f2b00000,0x000000e4f2c00000)]
  0x000002209d859800 JavaThread "Unconstrained build operations Thread 19" [_thread_blocked, id=12460, stack(0x000000e4f2c00000,0x000000e4f2d00000)]
  0x000002209d856800 JavaThread "Unconstrained build operations Thread 20" [_thread_blocked, id=20240, stack(0x000000e4f2d00000,0x000000e4f2e00000)]
  0x000002209d85a800 JavaThread "Unconstrained build operations Thread 21" [_thread_blocked, id=30212, stack(0x000000e4f2e00000,0x000000e4f2f00000)]
  0x000002209d854800 JavaThread "Unconstrained build operations Thread 22" [_thread_blocked, id=31692, stack(0x000000e4f2f00000,0x000000e4f3000000)]
  0x000002209d855800 JavaThread "Unconstrained build operations Thread 23" [_thread_blocked, id=28312, stack(0x000000e4f3000000,0x000000e4f3100000)]
  0x000002209d85b000 JavaThread "Unconstrained build operations Thread 24" [_thread_blocked, id=29024, stack(0x000000e4f3100000,0x000000e4f3200000)]
  0x000002209d857000 JavaThread "Unconstrained build operations Thread 25" [_thread_blocked, id=8788, stack(0x000000e4f3200000,0x000000e4f3300000)]
  0x000002209d858000 JavaThread "Unconstrained build operations Thread 26" [_thread_blocked, id=30880, stack(0x000000e4f3300000,0x000000e4f3400000)]
  0x000002209d859000 JavaThread "Unconstrained build operations Thread 27" [_thread_blocked, id=29852, stack(0x000000e4f3400000,0x000000e4f3500000)]
  0x000002209d7e8000 JavaThread "Unconstrained build operations Thread 28" [_thread_blocked, id=32928, stack(0x000000e4f3500000,0x000000e4f3600000)]
  0x000002209d7e9000 JavaThread "Unconstrained build operations Thread 29" [_thread_blocked, id=31404, stack(0x000000e4f3600000,0x000000e4f3700000)]
  0x000002209d7ee800 JavaThread "Unconstrained build operations Thread 30" [_thread_blocked, id=1552, stack(0x000000e4f3700000,0x000000e4f3800000)]
  0x000002209d7ea800 JavaThread "Unconstrained build operations Thread 31" [_thread_blocked, id=30252, stack(0x000000e4f3800000,0x000000e4f3900000)]
  0x000002209d7ed000 JavaThread "Unconstrained build operations Thread 32" [_thread_blocked, id=11704, stack(0x000000e4f3900000,0x000000e4f3a00000)]
  0x000002209d7ec000 JavaThread "Unconstrained build operations Thread 33" [_thread_blocked, id=30596, stack(0x000000e4f3a00000,0x000000e4f3b00000)]
  0x000002209d7ee000 JavaThread "Unconstrained build operations Thread 34" [_thread_blocked, id=18268, stack(0x000000e4f3b00000,0x000000e4f3c00000)]
  0x000002209d7ef800 JavaThread "Unconstrained build operations Thread 35" [_thread_blocked, id=19996, stack(0x000000e4f3c00000,0x000000e4f3d00000)]
  0x000002209d7ea000 JavaThread "Unconstrained build operations Thread 36" [_thread_blocked, id=26760, stack(0x000000e4f3d00000,0x000000e4f3e00000)]
  0x000002209d7f0800 JavaThread "Unconstrained build operations Thread 37" [_thread_blocked, id=19840, stack(0x000000e4f3e00000,0x000000e4f3f00000)]
  0x000002209d7f1000 JavaThread "Unconstrained build operations Thread 38" [_thread_blocked, id=31680, stack(0x000000e4f3f00000,0x000000e4f4000000)]
  0x000002209d7eb800 JavaThread "Unconstrained build operations Thread 39" [_thread_blocked, id=28972, stack(0x000000e4f4000000,0x000000e4f4100000)]
  0x000002209d7f3000 JavaThread "Unconstrained build operations Thread 40" [_thread_blocked, id=4080, stack(0x000000e4f4100000,0x000000e4f4200000)]
  0x000002209d7f4800 JavaThread "Unconstrained build operations Thread 41" [_thread_blocked, id=30100, stack(0x000000e4f4200000,0x000000e4f4300000)]
  0x000002209d7f3800 JavaThread "Unconstrained build operations Thread 42" [_thread_blocked, id=23236, stack(0x000000e4f4300000,0x000000e4f4400000)]
  0x000002209d7f2000 JavaThread "Unconstrained build operations Thread 43" [_thread_blocked, id=17212, stack(0x000000e4f4400000,0x000000e4f4500000)]
  0x000002209d7f7000 JavaThread "Unconstrained build operations Thread 44" [_thread_blocked, id=31476, stack(0x000000e4f4500000,0x000000e4f4600000)]
  0x000002209d7f5000 JavaThread "Unconstrained build operations Thread 45" [_thread_blocked, id=25920, stack(0x000000e4f4600000,0x000000e4f4700000)]
  0x000002209d7f6000 JavaThread "Unconstrained build operations Thread 46" [_thread_blocked, id=32888, stack(0x000000e4f4700000,0x000000e4f4800000)]
  0x000002209d419800 JavaThread "Unconstrained build operations Thread 47" [_thread_blocked, id=24116, stack(0x000000e4f4800000,0x000000e4f4900000)]
  0x000002209d417000 JavaThread "Unconstrained build operations Thread 48" [_thread_blocked, id=31236, stack(0x000000e4f4900000,0x000000e4f4a00000)]
  0x000002209d418800 JavaThread "Unconstrained build operations Thread 49" [_thread_blocked, id=29300, stack(0x000000e4f4a00000,0x000000e4f4b00000)]
  0x000002209d414800 JavaThread "Unconstrained build operations Thread 50" [_thread_blocked, id=31660, stack(0x000000e4f4b00000,0x000000e4f4c00000)]
  0x000002209d415000 JavaThread "Unconstrained build operations Thread 51" [_thread_blocked, id=29724, stack(0x000000e4f4c00000,0x000000e4f4d00000)]
  0x000002209d416000 JavaThread "Unconstrained build operations Thread 52" [_thread_blocked, id=30300, stack(0x000000e4f4d00000,0x000000e4f4e00000)]
  0x000002209d417800 JavaThread "Unconstrained build operations Thread 53" [_thread_blocked, id=33196, stack(0x000000e4f4e00000,0x000000e4f4f00000)]
  0x000002209d41f000 JavaThread "Unconstrained build operations Thread 54" [_thread_blocked, id=27308, stack(0x000000e4f4f00000,0x000000e4f5000000)]
  0x000002209d41a000 JavaThread "Unconstrained build operations Thread 55" [_thread_blocked, id=31092, stack(0x000000e4f5000000,0x000000e4f5100000)]
  0x000002209d420800 JavaThread "Unconstrained build operations Thread 56" [_thread_blocked, id=30124, stack(0x000000e4f5100000,0x000000e4f5200000)]
  0x000002209d41e000 JavaThread "Unconstrained build operations Thread 57" [_thread_blocked, id=29808, stack(0x000000e4f5200000,0x000000e4f5300000)]
  0x000002209d41d800 JavaThread "Unconstrained build operations Thread 58" [_thread_blocked, id=31728, stack(0x000000e4f5300000,0x000000e4f5400000)]
  0x000002209d41b000 JavaThread "Unconstrained build operations Thread 59" [_thread_blocked, id=31488, stack(0x000000e4f5400000,0x000000e4f5500000)]
  0x000002209d41c800 JavaThread "Unconstrained build operations Thread 60" [_thread_blocked, id=32160, stack(0x000000e4f5500000,0x000000e4f5600000)]
  0x000002209d420000 JavaThread "Unconstrained build operations Thread 61" [_thread_blocked, id=23116, stack(0x000000e4f5600000,0x000000e4f5700000)]
  0x000002209d421800 JavaThread "Unconstrained build operations Thread 62" [_thread_blocked, id=27824, stack(0x000000e4f5700000,0x000000e4f5800000)]
  0x000002209d41b800 JavaThread "Unconstrained build operations Thread 63" [_thread_blocked, id=18612, stack(0x000000e4f5800000,0x000000e4f5900000)]
  0x000002209d422800 JavaThread "Unconstrained build operations Thread 64" [_thread_blocked, id=24304, stack(0x000000e4f5900000,0x000000e4f5a00000)]
  0x000002209d423000 JavaThread "Unconstrained build operations Thread 65" [_thread_blocked, id=30400, stack(0x000000e4f5a00000,0x000000e4f5b00000)]
  0x000002209d86f800 JavaThread "Unconstrained build operations Thread 66" [_thread_blocked, id=29004, stack(0x000000e4f5b00000,0x000000e4f5c00000)]
  0x000002209d86a800 JavaThread "Unconstrained build operations Thread 67" [_thread_blocked, id=16024, stack(0x000000e4f5c00000,0x000000e4f5d00000)]
  0x000002209d86a000 JavaThread "Unconstrained build operations Thread 68" [_thread_blocked, id=20136, stack(0x000000e4f5d00000,0x000000e4f5e00000)]
  0x000002209d86b800 JavaThread "Unconstrained build operations Thread 69" [_thread_blocked, id=13032, stack(0x000000e4f5e00000,0x000000e4f5f00000)]
  0x000002209d86d000 JavaThread "Unconstrained build operations Thread 70" [_thread_blocked, id=28624, stack(0x000000e4f5f00000,0x000000e4f6000000)]
  0x000002209d872000 JavaThread "Unconstrained build operations Thread 71" [_thread_blocked, id=29412, stack(0x000000e4f6000000,0x000000e4f6100000)]
  0x000002209d871800 JavaThread "Unconstrained build operations Thread 72" [_thread_blocked, id=29684, stack(0x000000e4f6100000,0x000000e4f6200000)]
  0x000002209d86e000 JavaThread "Unconstrained build operations Thread 73" [_thread_blocked, id=28992, stack(0x000000e4f6200000,0x000000e4f6300000)]
  0x000002209d86c800 JavaThread "Unconstrained build operations Thread 74" [_thread_blocked, id=30972, stack(0x000000e4f6300000,0x000000e4f6400000)]
  0x000002209d86f000 JavaThread "Unconstrained build operations Thread 75" [_thread_blocked, id=32880, stack(0x000000e4f6400000,0x000000e4f6500000)]
  0x000002209d870800 JavaThread "Unconstrained build operations Thread 76" [_thread_blocked, id=33320, stack(0x000000e4f6500000,0x000000e4f6600000)]
  0x000002209d875800 JavaThread "Unconstrained build operations Thread 77" [_thread_blocked, id=28928, stack(0x000000e4f6600000,0x000000e4f6700000)]
  0x000002209d878000 JavaThread "Unconstrained build operations Thread 78" [_thread_blocked, id=33456, stack(0x000000e4f6700000,0x000000e4f6800000)]
  0x000002209d878800 JavaThread "Unconstrained build operations Thread 79" [_thread_blocked, id=15996, stack(0x000000e4f6800000,0x000000e4f6900000)]
  0x000002209d873000 JavaThread "Unconstrained build operations Thread 80" [_thread_blocked, id=30516, stack(0x000000e4f6900000,0x000000e4f6a00000)]
  0x000002209d873800 JavaThread "jar transforms Thread 4" [_thread_blocked, id=30856, stack(0x000000e4f6a00000,0x000000e4f6b00000)]
  0x000002209d876000 JavaThread "jar transforms Thread 5" [_thread_blocked, id=33448, stack(0x000000e4f6b00000,0x000000e4f6c00000)]
  0x000002209d874800 JavaThread "jar transforms Thread 6" [_thread_blocked, id=20748, stack(0x000000e4f6c00000,0x000000e4f6d00000)]
  0x000002209d877000 JavaThread "jar transforms Thread 7" [_thread_blocked, id=33408, stack(0x000000e4f6d00000,0x000000e4f6e00000)]
  0x00000220a1a2d000 JavaThread "jar transforms Thread 8" [_thread_blocked, id=10028, stack(0x000000e4f6e00000,0x000000e4f6f00000)]
  0x000002209fc3e000 JavaThread "C2 CompilerThread1" daemon [_thread_in_native, id=29056, stack(0x000000e4f0c00000,0x000000e4f0d00000)]
  0x00000220a200a000 JavaThread "C2 CompilerThread2" daemon [_thread_blocked, id=27712, stack(0x000000e4f1300000,0x000000e4f1400000)]
  0x00000220a1a2f800 JavaThread "Memory manager" [_thread_blocked, id=29756, stack(0x000000e4f6f00000,0x000000e4f7000000)]
  0x00000220a1a2e800 JavaThread "build event listener" [_thread_blocked, id=32736, stack(0x000000e4f7000000,0x000000e4f7100000)]
  0x00000220a1a29800 JavaThread "Execution worker for ':'" [_thread_blocked, id=31532, stack(0x000000e4f7100000,0x000000e4f7200000)]
  0x00000220a1a30000 JavaThread "Execution worker for ':' Thread 2" [_thread_blocked, id=31448, stack(0x000000e4f7200000,0x000000e4f7300000)]
  0x00000220a1a2a800 JavaThread "Execution worker for ':' Thread 3" [_thread_blocked, id=32676, stack(0x000000e4f7300000,0x000000e4f7400000)]
  0x00000220a1a31000 JavaThread "Execution worker for ':' Thread 4" [_thread_blocked, id=13636, stack(0x000000e4f7400000,0x000000e4f7500000)]
  0x00000220a1a2b000 JavaThread "Execution worker for ':' Thread 5" [_thread_blocked, id=29276, stack(0x000000e4f7500000,0x000000e4f7600000)]
  0x00000220a1a31800 JavaThread "Execution worker for ':' Thread 6" [_thread_blocked, id=32684, stack(0x000000e4f7600000,0x000000e4f7700000)]
  0x00000220a1a2c000 JavaThread "Execution worker for ':' Thread 7" [_thread_blocked, id=33136, stack(0x000000e4f7700000,0x000000e4f7800000)]
  0x00000220a1a37800 JavaThread "Cache worker for execution history cache (C:\Users\Asus\AndroidStudioProjects\GiuaKyQLNT7\.gradle\7.2\executionHistory)" [_thread_blocked, id=33400, stack(0x000000e4f7800000,0x000000e4f7900000)]
  0x00000220a1a36800 JavaThread "WorkerExecutor Queue" [_thread_blocked, id=16592, stack(0x000000e4f7900000,0x000000e4f7a00000)]
  0x00000220a1a38800 JavaThread "WorkerExecutor Queue Thread 2" [_thread_blocked, id=29428, stack(0x000000e4f7a00000,0x000000e4f7b00000)]
  0x00000220a1a36000 JavaThread "WorkerExecutor Queue Thread 3" [_thread_blocked, id=21852, stack(0x000000e4f7b00000,0x000000e4f7c00000)]
  0x00000220a1a32800 JavaThread "WorkerExecutor Queue Thread 4" [_thread_blocked, id=25348, stack(0x000000e4f7c00000,0x000000e4f7d00000)]
  0x00000220a1a35000 JavaThread "pool-3-thread-1" [_thread_blocked, id=32284, stack(0x000000e4f7d00000,0x000000e4f7e00000)]
  0x00000220a1a33800 JavaThread "stderr" [_thread_in_native, id=31320, stack(0x000000e4f7e00000,0x000000e4f7f00000)]
  0x00000220a1a34000 JavaThread "stdout" [_thread_in_native, id=22456, stack(0x000000e4f7f00000,0x000000e4f8000000)]
  0x000002209d523000 JavaThread "ForkJoinPool-1-worker-3" daemon [_thread_blocked, id=30628, stack(0x000000e4f8300000,0x000000e4f8400000)]
  0x000002209d524000 JavaThread "ForkJoinPool-1-worker-5" daemon [_thread_blocked, id=32596, stack(0x000000e4f8400000,0x000000e4f8500000)]
  0x000002209d520800 JavaThread "ForkJoinPool-1-worker-7" daemon [_thread_blocked, id=23400, stack(0x000000e4f8500000,0x000000e4f8600000)]
  0x000002209d522000 JavaThread "ForkJoinPool-1-worker-9" daemon [_thread_blocked, id=32144, stack(0x000000e4f8600000,0x000000e4f8700000)]
  0x000002209d526800 JavaThread "ForkJoinPool-1-worker-11" daemon [_thread_blocked, id=30884, stack(0x000000e4f8700000,0x000000e4f8800000)]
  0x000002209d521800 JavaThread "ForkJoinPool-1-worker-13" daemon [_thread_blocked, id=28976, stack(0x000000e4f8800000,0x000000e4f8900000)]
  0x000002209d529000 JavaThread "ForkJoinPool-1-worker-15" daemon [_thread_blocked, id=30660, stack(0x000000e4f8900000,0x000000e4f8a00000)]
  0x000002209d524800 JavaThread "ForkJoinPool-1-worker-1" daemon [_thread_blocked, id=28832, stack(0x000000e4f8a00000,0x000000e4f8b00000)]

Other Threads:
=>0x000002209c544000 VMThread "VM Thread" [stack: 0x000000e4eeb00000,0x000000e4eec00000] [id=32452]
  0x000002209c72d800 WatcherThread [stack: 0x000000e4ef500000,0x000000e4ef600000] [id=26704]
  0x00000220ffc76000 GCTaskThread "GC Thread#0" [stack: 0x000000e4ee600000,0x000000e4ee700000] [id=15672]
  0x000002209ce29800 GCTaskThread "GC Thread#1" [stack: 0x000000e4ef800000,0x000000e4ef900000] [id=33752]
  0x000002209d0cd800 GCTaskThread "GC Thread#2" [stack: 0x000000e4ef900000,0x000000e4efa00000] [id=31008]
  0x000002209ccf2000 GCTaskThread "GC Thread#3" [stack: 0x000000e4efa00000,0x000000e4efb00000] [id=31648]
  0x000002209d22a000 GCTaskThread "GC Thread#4" [stack: 0x000000e4f0600000,0x000000e4f0700000] [id=28584]
  0x000002209e5bd800 GCTaskThread "GC Thread#5" [stack: 0x000000e4f0700000,0x000000e4f0800000] [id=30468]
  0x000002209d5b8800 GCTaskThread "GC Thread#6" [stack: 0x000000e4f0800000,0x000000e4f0900000] [id=22208]
  0x000002209da6c800 GCTaskThread "GC Thread#7" [stack: 0x000000e4f0900000,0x000000e4f0a00000] [id=31784]
  0x00000220ffca6000 ConcurrentGCThread "G1 Main Marker" [stack: 0x000000e4ee700000,0x000000e4ee800000] [id=26436]
  0x00000220ffca8000 ConcurrentGCThread "G1 Conc#0" [stack: 0x000000e4ee800000,0x000000e4ee900000] [id=21228]
  0x000002209ce5e000 ConcurrentGCThread "G1 Conc#1" [stack: 0x000000e4f0a00000,0x000000e4f0b00000] [id=25392]
  0x000002209bb80800 ConcurrentGCThread "G1 Refine#0" [stack: 0x000000e4ee900000,0x000000e4eea00000] [id=32184]
  0x000002209fdcb000 ConcurrentGCThread "G1 Refine#1" [stack: 0x000000e4f8000000,0x000000e4f8100000] [id=29836]
  0x00000220a02e2800 ConcurrentGCThread "G1 Refine#2" [stack: 0x000000e4f8100000,0x000000e4f8200000] [id=14748]
  0x00000220a02e6000 ConcurrentGCThread "G1 Refine#3" [stack: 0x000000e4f8200000,0x000000e4f8300000] [id=20284]
  0x000002209bb83000 ConcurrentGCThread "G1 Young RemSet Sampling" [stack: 0x000000e4eea00000,0x000000e4eeb00000] [id=14708]

Threads with active compile tasks:
C2 CompilerThread0  24841 11464       4       com.android.tools.r8.code.x1::a (4130 bytes)
C2 CompilerThread1  24841 11500       4       com.android.tools.r8.dex.r::e (654 bytes)
C2 CompilerThread2  24841 11445 %     4       com.android.tools.r8.dex.r::a @ 315 (1038 bytes)

VM state:at safepoint (normal execution)

VM Mutex/Monitor currently owned by a thread:  ([mutex/lock_event])
[0x00000220ffc580a0] Threads_lock - owner thread: 0x000002209c544000
[0x00000220ffc58370] Heap_lock - owner thread: 0x000002209d521800

Heap address: 0x0000000080000000, size: 2048 MB, Compressed Oops mode: 32-bit
Narrow klass base: 0x0000000000000000, Narrow klass shift: 3
Compressed class space size: 1073741824 Address: 0x0000000100000000

Heap:
 garbage-first heap   total 392192K, used 198310K [0x0000000080000000, 0x0000000100000000)
  region size 1024K, 2 young (2048K), 2 survivors (2048K)
 Metaspace       used 92581K, capacity 95050K, committed 95180K, reserved 1130496K
  class space    used 12228K, capacity 13178K, committed 13260K, reserved 1048576K
Heap Regions: E=young(eden), S=young(survivor), O=old, HS=humongous(starts), HC=humongous(continues), CS=collection set, F=free, A=archive, TAMS=top-at-mark-start (previous, next)
|   0|0x0000000080000000, 0x0000000080100000, 0x0000000080100000|100%| O|  |TAMS 0x0000000080100000, 0x0000000080000000| Updating 
|   1|0x0000000080100000, 0x0000000080200000, 0x0000000080200000|100%| O|  |TAMS 0x0000000080200000, 0x0000000080100000| Updating 
|   2|0x0000000080200000, 0x0000000080300000, 0x0000000080300000|100%| O|  |TAMS 0x0000000080300000, 0x0000000080200000| Updating 
|   3|0x0000000080300000, 0x0000000080400000, 0x0000000080400000|100%|HS|  |TAMS 0x0000000080400000, 0x0000000080300000| Complete 
|   4|0x0000000080400000, 0x0000000080500000, 0x0000000080500000|100%|HC|  |TAMS 0x0000000080500000, 0x0000000080400000| Complete 
|   5|0x0000000080500000, 0x0000000080600000, 0x0000000080600000|100%|HC|  |TAMS 0x0000000080600000, 0x0000000080500000| Complete 
|   6|0x0000000080600000, 0x0000000080700000, 0x0000000080700000|100%| O|  |TAMS 0x0000000080700000, 0x0000000080600000| Updating 
|   7|0x0000000080700000, 0x0000000080800000, 0x0000000080800000|100%| O|  |TAMS 0x0000000080800000, 0x0000000080700000| Updating 
|   8|0x0000000080800000, 0x0000000080900000, 0x0000000080900000|100%| O|  |TAMS 0x0000000080900000, 0x0000000080800000| Updating 
|   9|0x0000000080900000, 0x0000000080a00000, 0x0000000080a00000|100%| O|  |TAMS 0x0000000080a00000, 0x0000000080900000| Updating 
|  10|0x0000000080a00000, 0x0000000080b00000, 0x0000000080b00000|100%| O|  |TAMS 0x0000000080b00000, 0x0000000080a00000| Updating 
|  11|0x0000000080b00000, 0x0000000080c00000, 0x0000000080c00000|100%| O|  |TAMS 0x0000000080c00000, 0x0000000080b00000| Updating 
|  12|0x0000000080c00000, 0x0000000080d00000, 0x0000000080d00000|100%| O|  |TAMS 0x0000000080d00000, 0x0000000080c00000| Updating 
|  13|0x0000000080d00000, 0x0000000080e00000, 0x0000000080e00000|100%| O|  |TAMS 0x0000000080e00000, 0x0000000080d00000| Updating 
|  14|0x0000000080e00000, 0x0000000080f00000, 0x0000000080f00000|100%| O|  |TAMS 0x0000000080f00000, 0x0000000080e00000| Updating 
|  15|0x0000000080f00000, 0x0000000081000000, 0x0000000081000000|100%| O|  |TAMS 0x0000000081000000, 0x0000000080f00000| Updating 
|  16|0x0000000081000000, 0x0000000081100000, 0x0000000081100000|100%| O|  |TAMS 0x0000000081100000, 0x0000000081000000| Updating 
|  17|0x0000000081100000, 0x0000000081200000, 0x0000000081200000|100%|HS|  |TAMS 0x0000000081200000, 0x0000000081100000| Complete 
|  18|0x0000000081200000, 0x0000000081300000, 0x0000000081300000|100%| O|  |TAMS 0x0000000081300000, 0x0000000081200000| Updating 
|  19|0x0000000081300000, 0x0000000081400000, 0x0000000081400000|100%| O|  |TAMS 0x0000000081400000, 0x0000000081300000| Updating 
|  20|0x0000000081400000, 0x0000000081500000, 0x0000000081500000|100%| O|  |TAMS 0x0000000081500000, 0x0000000081400000| Updating 
|  21|0x0000000081500000, 0x0000000081600000, 0x0000000081600000|100%| O|  |TAMS 0x0000000081600000, 0x0000000081500000| Updating 
|  22|0x0000000081600000, 0x0000000081700000, 0x0000000081700000|100%| O|  |TAMS 0x0000000081700000, 0x0000000081600000| Updating 
|  23|0x0000000081700000, 0x0000000081800000, 0x0000000081800000|100%|HS|  |TAMS 0x0000000081800000, 0x0000000081700000| Complete 
|  24|0x0000000081800000, 0x0000000081900000, 0x0000000081900000|100%|HS|  |TAMS 0x0000000081900000, 0x0000000081800000| Complete 
|  25|0x0000000081900000, 0x0000000081a00000, 0x0000000081a00000|100%|HS|  |TAMS 0x0000000081a00000, 0x0000000081900000| Complete 
|  26|0x0000000081a00000, 0x0000000081b00000, 0x0000000081b00000|100%|HC|  |TAMS 0x0000000081b00000, 0x0000000081a00000| Complete 
|  27|0x0000000081b00000, 0x0000000081c00000, 0x0000000081c00000|100%| O|  |TAMS 0x0000000081c00000, 0x0000000081b00000| Updating 
|  28|0x0000000081c00000, 0x0000000081d00000, 0x0000000081d00000|100%| O|  |TAMS 0x0000000081d00000, 0x0000000081c00000| Updating 
|  29|0x0000000081d00000, 0x0000000081e00000, 0x0000000081e00000|100%| O|  |TAMS 0x0000000081e00000, 0x0000000081d00000| Updating 
|  30|0x0000000081e00000, 0x0000000081f00000, 0x0000000081f00000|100%| O|  |TAMS 0x0000000081f00000, 0x0000000081e00000| Updating 
|  31|0x0000000081f00000, 0x0000000082000000, 0x0000000082000000|100%| O|  |TAMS 0x0000000082000000, 0x0000000081f00000| Updating 
|  32|0x0000000082000000, 0x0000000082100000, 0x0000000082100000|100%| O|  |TAMS 0x0000000082100000, 0x0000000082000000| Updating 
|  33|0x0000000082100000, 0x0000000082200000, 0x0000000082200000|100%| O|  |TAMS 0x0000000082200000, 0x0000000082100000| Updating 
|  34|0x0000000082200000, 0x0000000082300000, 0x0000000082300000|100%| O|  |TAMS 0x0000000082300000, 0x0000000082200000| Updating 
|  35|0x0000000082300000, 0x0000000082400000, 0x0000000082400000|100%| O|  |TAMS 0x0000000082400000, 0x0000000082300000| Updating 
|  36|0x0000000082400000, 0x0000000082500000, 0x0000000082500000|100%| O|  |TAMS 0x0000000082500000, 0x0000000082400000| Updating 
|  37|0x0000000082500000, 0x0000000082600000, 0x0000000082600000|100%| O|  |TAMS 0x0000000082600000, 0x0000000082500000| Updating 
|  38|0x0000000082600000, 0x0000000082700000, 0x0000000082700000|100%| O|  |TAMS 0x0000000082700000, 0x0000000082600000| Updating 
|  39|0x0000000082700000, 0x0000000082800000, 0x0000000082800000|100%| O|  |TAMS 0x0000000082800000, 0x0000000082700000| Updating 
|  40|0x0000000082800000, 0x0000000082900000, 0x0000000082900000|100%| O|  |TAMS 0x0000000082900000, 0x0000000082800000| Updating 
|  41|0x0000000082900000, 0x0000000082a00000, 0x0000000082a00000|100%| O|  |TAMS 0x0000000082a00000, 0x0000000082900000| Updating 
|  42|0x0000000082a00000, 0x0000000082b00000, 0x0000000082b00000|100%| O|  |TAMS 0x0000000082b00000, 0x0000000082a00000| Updating 
|  43|0x0000000082b00000, 0x0000000082c00000, 0x0000000082c00000|100%| O|  |TAMS 0x0000000082c00000, 0x0000000082b00000| Updating 
|  44|0x0000000082c00000, 0x0000000082d00000, 0x0000000082d00000|100%| O|  |TAMS 0x0000000082d00000, 0x0000000082c00000| Updating 
|  45|0x0000000082d00000, 0x0000000082e00000, 0x0000000082e00000|100%| O|  |TAMS 0x0000000082e00000, 0x0000000082d00000| Updating 
|  46|0x0000000082e00000, 0x0000000082f00000, 0x0000000082f00000|100%| O|  |TAMS 0x0000000082f00000, 0x0000000082e00000| Updating 
|  47|0x0000000082f00000, 0x0000000083000000, 0x0000000083000000|100%| O|  |TAMS 0x0000000083000000, 0x0000000082f00000| Updating 
|  48|0x0000000083000000, 0x0000000083100000, 0x0000000083100000|100%| O|  |TAMS 0x0000000083100000, 0x0000000083000000| Updating 
|  49|0x0000000083100000, 0x0000000083200000, 0x0000000083200000|100%| O|  |TAMS 0x0000000083200000, 0x0000000083100000| Updating 
|  50|0x0000000083200000, 0x0000000083300000, 0x0000000083300000|100%| O|  |TAMS 0x0000000083300000, 0x0000000083200000| Updating 
|  51|0x0000000083300000, 0x0000000083400000, 0x0000000083400000|100%| O|  |TAMS 0x0000000083400000, 0x0000000083300000| Updating 
|  52|0x0000000083400000, 0x0000000083500000, 0x0000000083500000|100%| O|  |TAMS 0x0000000083500000, 0x0000000083400000| Updating 
|  53|0x0000000083500000, 0x0000000083600000, 0x0000000083600000|100%| O|  |TAMS 0x0000000083600000, 0x0000000083500000| Updating 
|  54|0x0000000083600000, 0x0000000083700000, 0x0000000083700000|100%| O|  |TAMS 0x0000000083700000, 0x0000000083600000| Updating 
|  55|0x0000000083700000, 0x0000000083800000, 0x0000000083800000|100%| O|  |TAMS 0x0000000083800000, 0x0000000083700000| Updating 
|  56|0x0000000083800000, 0x0000000083900000, 0x0000000083900000|100%| O|  |TAMS 0x0000000083900000, 0x0000000083800000| Updating 
|  57|0x0000000083900000, 0x0000000083a00000, 0x0000000083a00000|100%| O|  |TAMS 0x0000000083a00000, 0x0000000083900000| Updating 
|  58|0x0000000083a00000, 0x0000000083b00000, 0x0000000083b00000|100%| O|  |TAMS 0x0000000083b00000, 0x0000000083a00000| Updating 
|  59|0x0000000083b00000, 0x0000000083c00000, 0x0000000083c00000|100%| O|  |TAMS 0x0000000083c00000, 0x0000000083b00000| Updating 
|  60|0x0000000083c00000, 0x0000000083d00000, 0x0000000083d00000|100%| O|  |TAMS 0x0000000083d00000, 0x0000000083c00000| Updating 
|  61|0x0000000083d00000, 0x0000000083e00000, 0x0000000083e00000|100%| O|  |TAMS 0x0000000083e00000, 0x0000000083d00000| Updating 
|  62|0x0000000083e00000, 0x0000000083f00000, 0x0000000083f00000|100%| O|  |TAMS 0x0000000083f00000, 0x0000000083e00000| Updating 
|  63|0x0000000083f00000, 0x0000000084000000, 0x0000000084000000|100%| O|  |TAMS 0x0000000084000000, 0x0000000083f00000| Updating 
|  64|0x0000000084000000, 0x0000000084100000, 0x0000000084100000|100%| O|  |TAMS 0x0000000084100000, 0x0000000084000000| Updating 
|  65|0x0000000084100000, 0x0000000084200000, 0x0000000084200000|100%| O|  |TAMS 0x0000000084200000, 0x0000000084100000| Updating 
|  66|0x0000000084200000, 0x0000000084300000, 0x0000000084300000|100%| O|  |TAMS 0x0000000084300000, 0x0000000084200000| Updating 
|  67|0x0000000084300000, 0x0000000084400000, 0x0000000084400000|100%| O|  |TAMS 0x0000000084400000, 0x0000000084300000| Updating 
|  68|0x0000000084400000, 0x0000000084500000, 0x0000000084500000|100%| O|  |TAMS 0x0000000084500000, 0x0000000084400000| Updating 
|  69|0x0000000084500000, 0x0000000084600000, 0x0000000084600000|100%| O|  |TAMS 0x0000000084600000, 0x0000000084500000| Updating 
|  70|0x0000000084600000, 0x0000000084700000, 0x0000000084700000|100%| O|  |TAMS 0x0000000084700000, 0x0000000084600000| Updating 
|  71|0x0000000084700000, 0x0000000084800000, 0x0000000084800000|100%| O|  |TAMS 0x0000000084800000, 0x0000000084700000| Updating 
|  72|0x0000000084800000, 0x0000000084900000, 0x0000000084900000|100%| O|  |TAMS 0x0000000084900000, 0x0000000084800000| Updating 
|  73|0x0000000084900000, 0x0000000084a00000, 0x0000000084a00000|100%| O|  |TAMS 0x0000000084a00000, 0x0000000084900000| Updating 
|  74|0x0000000084a00000, 0x0000000084b00000, 0x0000000084b00000|100%| O|  |TAMS 0x0000000084b00000, 0x0000000084a00000| Updating 
|  75|0x0000000084b00000, 0x0000000084c00000, 0x0000000084c00000|100%| O|  |TAMS 0x0000000084c00000, 0x0000000084b00000| Updating 
|  76|0x0000000084c00000, 0x0000000084d00000, 0x0000000084d00000|100%| O|  |TAMS 0x0000000084d00000, 0x0000000084c00000| Updating 
|  77|0x0000000084d00000, 0x0000000084e00000, 0x0000000084e00000|100%| O|  |TAMS 0x0000000084e00000, 0x0000000084d00000| Updating 
|  78|0x0000000084e00000, 0x0000000084f00000, 0x0000000084f00000|100%| O|  |TAMS 0x0000000084f00000, 0x0000000084e00000| Updating 
|  79|0x0000000084f00000, 0x0000000085000000, 0x0000000085000000|100%| O|  |TAMS 0x0000000085000000, 0x0000000084f00000| Updating 
|  80|0x0000000085000000, 0x0000000085100000, 0x0000000085100000|100%| O|  |TAMS 0x0000000085100000, 0x0000000085000000| Updating 
|  81|0x0000000085100000, 0x0000000085200000, 0x0000000085200000|100%| O|  |TAMS 0x0000000085200000, 0x0000000085100000| Updating 
|  82|0x0000000085200000, 0x0000000085300000, 0x0000000085300000|100%| O|  |TAMS 0x0000000085300000, 0x0000000085200000| Updating 
|  83|0x0000000085300000, 0x0000000085400000, 0x0000000085400000|100%| O|  |TAMS 0x0000000085400000, 0x0000000085300000| Updating 
|  84|0x0000000085400000, 0x0000000085500000, 0x0000000085500000|100%|HS|  |TAMS 0x0000000085500000, 0x0000000085400000| Complete 
|  85|0x0000000085500000, 0x0000000085600000, 0x0000000085600000|100%|HC|  |TAMS 0x0000000085600000, 0x0000000085500000| Complete 
|  86|0x0000000085600000, 0x0000000085700000, 0x0000000085700000|100%|HS|  |TAMS 0x0000000085700000, 0x0000000085600000| Complete 
|  87|0x0000000085700000, 0x0000000085800000, 0x0000000085800000|100%|HS|  |TAMS 0x0000000085800000, 0x0000000085700000| Complete 
|  88|0x0000000085800000, 0x0000000085900000, 0x0000000085900000|100%|HC|  |TAMS 0x0000000085900000, 0x0000000085800000| Complete 
|  89|0x0000000085900000, 0x0000000085a00000, 0x0000000085a00000|100%|HC|  |TAMS 0x0000000085a00000, 0x0000000085900000| Complete 
|  90|0x0000000085a00000, 0x0000000085b00000, 0x0000000085b00000|100%|HC|  |TAMS 0x0000000085b00000, 0x0000000085a00000| Complete 
|  91|0x0000000085b00000, 0x0000000085c00000, 0x0000000085c00000|100%|HC|  |TAMS 0x0000000085c00000, 0x0000000085b00000| Complete 
|  92|0x0000000085c00000, 0x0000000085d00000, 0x0000000085d00000|100%|HC|  |TAMS 0x0000000085d00000, 0x0000000085c00000| Complete 
|  93|0x0000000085d00000, 0x0000000085e00000, 0x0000000085e00000|100%|HS|  |TAMS 0x0000000085e00000, 0x0000000085d00000| Complete 
|  94|0x0000000085e00000, 0x0000000085f00000, 0x0000000085f00000|100%|HC|  |TAMS 0x0000000085f00000, 0x0000000085e00000| Complete 
|  95|0x0000000085f00000, 0x0000000086000000, 0x0000000086000000|100%|HC|  |TAMS 0x0000000086000000, 0x0000000085f00000| Complete 
|  96|0x0000000086000000, 0x0000000086100000, 0x0000000086100000|100%|HS|  |TAMS 0x0000000086100000, 0x0000000086000000| Complete 
|  97|0x0000000086100000, 0x0000000086200000, 0x0000000086200000|100%|HS|  |TAMS 0x0000000086200000, 0x0000000086100000| Complete 
|  98|0x0000000086200000, 0x0000000086300000, 0x0000000086300000|100%|HS|  |TAMS 0x0000000086300000, 0x0000000086200000| Complete 
|  99|0x0000000086300000, 0x0000000086400000, 0x0000000086400000|100%|HS|  |TAMS 0x0000000086400000, 0x0000000086300000| Complete 
| 100|0x0000000086400000, 0x0000000086500000, 0x0000000086500000|100%|HS|  |TAMS 0x0000000086500000, 0x0000000086400000| Complete 
| 101|0x0000000086500000, 0x0000000086600000, 0x0000000086600000|100%| O|  |TAMS 0x0000000086600000, 0x0000000086500000| Updating 
| 102|0x0000000086600000, 0x0000000086700000, 0x0000000086700000|100%| O|  |TAMS 0x0000000086700000, 0x0000000086600000| Updating 
| 103|0x0000000086700000, 0x0000000086800000, 0x0000000086800000|100%| O|  |TAMS 0x0000000086800000, 0x0000000086700000| Updating 
| 104|0x0000000086800000, 0x0000000086900000, 0x0000000086900000|100%| O|  |TAMS 0x0000000086900000, 0x0000000086800000| Updating 
| 105|0x0000000086900000, 0x0000000086a00000, 0x0000000086a00000|100%| O|  |TAMS 0x0000000086a00000, 0x0000000086900000| Updating 
| 106|0x0000000086a00000, 0x0000000086b00000, 0x0000000086b00000|100%|HS|  |TAMS 0x0000000086b00000, 0x0000000086a00000| Complete 
| 107|0x0000000086b00000, 0x0000000086c00000, 0x0000000086c00000|100%|HC|  |TAMS 0x0000000086c00000, 0x0000000086b00000| Complete 
| 108|0x0000000086c00000, 0x0000000086d00000, 0x0000000086d00000|100%| O|  |TAMS 0x0000000086d00000, 0x0000000086c00000| Updating 
| 109|0x0000000086d00000, 0x0000000086e00000, 0x0000000086e00000|100%|HS|  |TAMS 0x0000000086e00000, 0x0000000086d00000| Complete 
| 110|0x0000000086e00000, 0x0000000086f00000, 0x0000000086f00000|100%| O|  |TAMS 0x0000000086f00000, 0x0000000086e00000| Updating 
| 111|0x0000000086f00000, 0x0000000087000000, 0x0000000087000000|100%| O|  |TAMS 0x0000000087000000, 0x0000000086f00000| Updating 
| 112|0x0000000087000000, 0x0000000087100000, 0x0000000087100000|100%| O|  |TAMS 0x0000000087000000, 0x0000000087000000| Untracked 
| 113|0x0000000087100000, 0x0000000087200000, 0x0000000087200000|100%|HS|  |TAMS 0x0000000087200000, 0x0000000087100000| Complete 
| 114|0x0000000087200000, 0x0000000087300000, 0x0000000087300000|100%|HC|  |TAMS 0x0000000087300000, 0x0000000087200000| Complete 
| 115|0x0000000087300000, 0x0000000087400000, 0x0000000087400000|100%| O|  |TAMS 0x0000000087400000, 0x0000000087300000| Updating 
| 116|0x0000000087400000, 0x0000000087500000, 0x0000000087500000|100%|HS|  |TAMS 0x0000000087500000, 0x0000000087400000| Complete 
| 117|0x0000000087500000, 0x0000000087600000, 0x0000000087600000|100%|HC|  |TAMS 0x0000000087600000, 0x0000000087500000| Complete 
| 118|0x0000000087600000, 0x0000000087700000, 0x0000000087700000|100%|HC|  |TAMS 0x0000000087700000, 0x0000000087600000| Complete 
| 119|0x0000000087700000, 0x0000000087800000, 0x0000000087800000|100%|HC|  |TAMS 0x0000000087800000, 0x0000000087700000| Complete 
| 120|0x0000000087800000, 0x0000000087900000, 0x0000000087900000|100%|HC|  |TAMS 0x0000000087900000, 0x0000000087800000| Complete 
| 121|0x0000000087900000, 0x0000000087a00000, 0x0000000087a00000|100%|HC|  |TAMS 0x0000000087a00000, 0x0000000087900000| Complete 
| 122|0x0000000087a00000, 0x0000000087b00000, 0x0000000087b00000|100%| O|  |TAMS 0x0000000087b00000, 0x0000000087a00000| Updating 
| 123|0x0000000087b00000, 0x0000000087c00000, 0x0000000087c00000|100%| O|  |TAMS 0x0000000087c00000, 0x0000000087b00000| Updating 
| 124|0x0000000087c00000, 0x0000000087d00000, 0x0000000087d00000|100%| O|  |TAMS 0x0000000087d00000, 0x0000000087c00000| Updating 
| 125|0x0000000087d00000, 0x0000000087e00000, 0x0000000087e00000|100%|HS|  |TAMS 0x0000000087e00000, 0x0000000087d00000| Complete 
| 126|0x0000000087e00000, 0x0000000087f00000, 0x0000000087f00000|100%|HC|  |TAMS 0x0000000087f00000, 0x0000000087e00000| Complete 
| 127|0x0000000087f00000, 0x0000000088000000, 0x0000000088000000|100%|HC|  |TAMS 0x0000000088000000, 0x0000000087f00000| Complete 
| 128|0x0000000088000000, 0x0000000088100000, 0x0000000088100000|100%| O|  |TAMS 0x0000000088100000, 0x0000000088000000| Updating 
| 129|0x0000000088100000, 0x0000000088200000, 0x0000000088200000|100%|HS|  |TAMS 0x0000000088200000, 0x0000000088100000| Complete 
| 130|0x0000000088200000, 0x0000000088300000, 0x0000000088300000|100%| O|  |TAMS 0x0000000088300000, 0x0000000088200000| Updating 
| 131|0x0000000088300000, 0x0000000088400000, 0x0000000088400000|100%|HS|  |TAMS 0x0000000088400000, 0x0000000088300000| Complete 
| 132|0x0000000088400000, 0x0000000088500000, 0x0000000088500000|100%| O|  |TAMS 0x0000000088500000, 0x0000000088400000| Updating 
| 133|0x0000000088500000, 0x0000000088600000, 0x0000000088600000|100%|HS|  |TAMS 0x0000000088600000, 0x0000000088500000| Complete 
| 134|0x0000000088600000, 0x0000000088700000, 0x0000000088700000|100%| O|  |TAMS 0x0000000088700000, 0x0000000088600000| Updating 
| 135|0x0000000088700000, 0x0000000088800000, 0x0000000088800000|100%|HS|  |TAMS 0x0000000088800000, 0x0000000088700000| Complete 
| 136|0x0000000088800000, 0x0000000088900000, 0x0000000088900000|100%| O|  |TAMS 0x0000000088900000, 0x0000000088800000| Updating 
| 137|0x0000000088900000, 0x0000000088a00000, 0x0000000088a00000|100%|HS|  |TAMS 0x0000000088a00000, 0x0000000088900000| Complete 
| 138|0x0000000088a00000, 0x0000000088b00000, 0x0000000088b00000|100%| O|  |TAMS 0x0000000088b00000, 0x0000000088a00000| Updating 
| 139|0x0000000088b00000, 0x0000000088c00000, 0x0000000088c00000|100%| O|  |TAMS 0x0000000088c00000, 0x0000000088b00000| Updating 
| 140|0x0000000088c00000, 0x0000000088d00000, 0x0000000088d00000|100%|HS|  |TAMS 0x0000000088d00000, 0x0000000088c00000| Complete 
| 141|0x0000000088d00000, 0x0000000088e00000, 0x0000000088e00000|100%| O|  |TAMS 0x0000000088e00000, 0x0000000088d00000| Updating 
| 142|0x0000000088e00000, 0x0000000088f00000, 0x0000000088f00000|100%| O|  |TAMS 0x0000000088f00000, 0x0000000088e00000| Updating 
| 143|0x0000000088f00000, 0x0000000089000000, 0x0000000089000000|100%| O|  |TAMS 0x0000000089000000, 0x0000000088f00000| Updating 
| 144|0x0000000089000000, 0x0000000089100000, 0x0000000089100000|100%| O|  |TAMS 0x0000000089100000, 0x0000000089000000| Updating 
| 145|0x0000000089100000, 0x0000000089200000, 0x0000000089200000|100%| O|  |TAMS 0x0000000089200000, 0x0000000089100000| Updating 
| 146|0x0000000089200000, 0x0000000089300000, 0x0000000089300000|100%| O|  |TAMS 0x0000000089300000, 0x0000000089200000| Updating 
| 147|0x0000000089300000, 0x0000000089400000, 0x0000000089400000|100%| O|  |TAMS 0x0000000089400000, 0x0000000089300000| Updating 
| 148|0x0000000089400000, 0x0000000089500000, 0x0000000089500000|100%| O|  |TAMS 0x0000000089500000, 0x0000000089400000| Updating 
| 149|0x0000000089500000, 0x0000000089600000, 0x0000000089600000|100%| O|  |TAMS 0x0000000089600000, 0x0000000089500000| Updating 
| 150|0x0000000089600000, 0x0000000089700000, 0x0000000089700000|100%| O|  |TAMS 0x0000000089700000, 0x0000000089600000| Updating 
| 151|0x0000000089700000, 0x0000000089800000, 0x0000000089800000|100%| O|  |TAMS 0x0000000089800000, 0x0000000089700000| Updating 
| 152|0x0000000089800000, 0x0000000089900000, 0x0000000089900000|100%| O|  |TAMS 0x0000000089900000, 0x0000000089800000| Updating 
| 153|0x0000000089900000, 0x0000000089a00000, 0x0000000089a00000|100%| O|  |TAMS 0x0000000089a00000, 0x0000000089900000| Updating 
| 154|0x0000000089a00000, 0x0000000089b00000, 0x0000000089b00000|100%| O|  |TAMS 0x0000000089b00000, 0x0000000089a00000| Updating 
| 155|0x0000000089b00000, 0x0000000089c00000, 0x0000000089c00000|100%| O|  |TAMS 0x0000000089c00000, 0x0000000089b00000| Updating 
| 156|0x0000000089c00000, 0x0000000089d00000, 0x0000000089d00000|100%| O|  |TAMS 0x0000000089c6b600, 0x0000000089c00000| Updating 
| 157|0x0000000089d00000, 0x0000000089e00000, 0x0000000089e00000|100%| O|  |TAMS 0x0000000089d00000, 0x0000000089d00000| Untracked 
| 158|0x0000000089e00000, 0x0000000089f00000, 0x0000000089f00000|100%| O|  |TAMS 0x0000000089e00000, 0x0000000089e00000| Untracked 
| 159|0x0000000089f00000, 0x000000008a000000, 0x000000008a000000|100%| O|  |TAMS 0x0000000089f00000, 0x0000000089f00000| Untracked 
| 160|0x000000008a000000, 0x000000008a100000, 0x000000008a100000|100%| O|  |TAMS 0x000000008a000000, 0x000000008a000000| Untracked 
| 161|0x000000008a100000, 0x000000008a200000, 0x000000008a200000|100%| O|  |TAMS 0x000000008a100000, 0x000000008a100000| Untracked 
| 162|0x000000008a200000, 0x000000008a300000, 0x000000008a300000|100%| O|  |TAMS 0x000000008a200000, 0x000000008a200000| Untracked 
| 163|0x000000008a300000, 0x000000008a400000, 0x000000008a400000|100%| O|  |TAMS 0x000000008a300000, 0x000000008a300000| Untracked 
| 164|0x000000008a400000, 0x000000008a500000, 0x000000008a500000|100%| O|  |TAMS 0x000000008a400000, 0x000000008a400000| Untracked 
| 165|0x000000008a500000, 0x000000008a600000, 0x000000008a600000|100%| O|  |TAMS 0x000000008a500000, 0x000000008a500000| Untracked 
| 166|0x000000008a600000, 0x000000008a700000, 0x000000008a700000|100%| O|  |TAMS 0x000000008a600000, 0x000000008a600000| Updating 
| 167|0x000000008a700000, 0x000000008a800000, 0x000000008a800000|100%| O|  |TAMS 0x000000008a700000, 0x000000008a700000| Untracked 
| 168|0x000000008a800000, 0x000000008a900000, 0x000000008a900000|100%| O|  |TAMS 0x000000008a800000, 0x000000008a800000| Untracked 
| 169|0x000000008a900000, 0x000000008aa00000, 0x000000008aa00000|100%| O|  |TAMS 0x000000008a900000, 0x000000008a900000| Untracked 
| 170|0x000000008aa00000, 0x000000008ab00000, 0x000000008ab00000|100%| O|  |TAMS 0x000000008aa00000, 0x000000008aa00000| Untracked 
| 171|0x000000008ab00000, 0x000000008ac00000, 0x000000008ac00000|100%| O|  |TAMS 0x000000008ab00000, 0x000000008ab00000| Untracked 
| 172|0x000000008ac00000, 0x000000008ad00000, 0x000000008ad00000|100%| O|  |TAMS 0x000000008ac00000, 0x000000008ac00000| Untracked 
| 173|0x000000008ad00000, 0x000000008ada9800, 0x000000008ae00000| 66%| O|  |TAMS 0x000000008ad00000, 0x000000008ad00000| Untracked 
| 174|0x000000008ae00000, 0x000000008ae00000, 0x000000008af00000|  0%| F|  |TAMS 0x000000008ae00000, 0x000000008ae00000| Untracked 
| 175|0x000000008af00000, 0x000000008af00000, 0x000000008b000000|  0%| F|  |TAMS 0x000000008af00000, 0x000000008af00000| Untracked 
| 176|0x000000008b000000, 0x000000008b000000, 0x000000008b100000|  0%| F|  |TAMS 0x000000008b000000, 0x000000008b000000| Untracked 
| 177|0x000000008b100000, 0x000000008b200000, 0x000000008b200000|100%| O|  |TAMS 0x000000008b200000, 0x000000008b100000| Updating 
| 178|0x000000008b200000, 0x000000008b200000, 0x000000008b300000|  0%| F|  |TAMS 0x000000008b200000, 0x000000008b200000| Untracked 
| 179|0x000000008b300000, 0x000000008b400000, 0x000000008b400000|100%| O|  |TAMS 0x000000008b400000, 0x000000008b300000| Updating 
| 180|0x000000008b400000, 0x000000008b400000, 0x000000008b500000|  0%| F|  |TAMS 0x000000008b400000, 0x000000008b400000| Untracked 
| 181|0x000000008b500000, 0x000000008b600000, 0x000000008b600000|100%| O|  |TAMS 0x000000008b600000, 0x000000008b500000| Updating 
| 182|0x000000008b600000, 0x000000008b600000, 0x000000008b700000|  0%| F|  |TAMS 0x000000008b600000, 0x000000008b600000| Untracked 
| 183|0x000000008b700000, 0x000000008b700000, 0x000000008b800000|  0%| F|  |TAMS 0x000000008b700000, 0x000000008b700000| Untracked 
| 184|0x000000008b800000, 0x000000008b900000, 0x000000008b900000|100%| O|  |TAMS 0x000000008b900000, 0x000000008b800000| Updating 
| 185|0x000000008b900000, 0x000000008ba00000, 0x000000008ba00000|100%| O|  |TAMS 0x000000008ba00000, 0x000000008b900000| Updating 
| 186|0x000000008ba00000, 0x000000008bb00000, 0x000000008bb00000|100%| O|  |TAMS 0x000000008bb00000, 0x000000008ba00000| Updating 
| 187|0x000000008bb00000, 0x000000008bc00000, 0x000000008bc00000|100%| O|  |TAMS 0x000000008bc00000, 0x000000008bb00000| Updating 
| 188|0x000000008bc00000, 0x000000008bd00000, 0x000000008bd00000|100%| O|  |TAMS 0x000000008bd00000, 0x000000008bc00000| Updating 
| 189|0x000000008bd00000, 0x000000008be00000, 0x000000008be00000|100%| O|  |TAMS 0x000000008be00000, 0x000000008bd00000| Updating 
| 190|0x000000008be00000, 0x000000008bf00000, 0x000000008bf00000|100%| O|  |TAMS 0x000000008bf00000, 0x000000008be00000| Updating 
| 191|0x000000008bf00000, 0x000000008c000000, 0x000000008c000000|100%| O|  |TAMS 0x000000008c000000, 0x000000008bf00000| Updating 
| 192|0x000000008c000000, 0x000000008c100000, 0x000000008c100000|100%| O|  |TAMS 0x000000008c100000, 0x000000008c000000| Updating 
| 193|0x000000008c100000, 0x000000008c200000, 0x000000008c200000|100%| O|  |TAMS 0x000000008c200000, 0x000000008c100000| Updating 
| 194|0x000000008c200000, 0x000000008c300000, 0x000000008c300000|100%| O|  |TAMS 0x000000008c300000, 0x000000008c200000| Updating 
| 195|0x000000008c300000, 0x000000008c400000, 0x000000008c400000|100%| O|  |TAMS 0x000000008c400000, 0x000000008c300000| Updating 
| 196|0x000000008c400000, 0x000000008c500000, 0x000000008c500000|100%| O|  |TAMS 0x000000008c500000, 0x000000008c400000| Updating 
| 197|0x000000008c500000, 0x000000008c600000, 0x000000008c600000|100%| O|  |TAMS 0x000000008c600000, 0x000000008c500000| Updating 
| 198|0x000000008c600000, 0x000000008c700000, 0x000000008c700000|100%| O|  |TAMS 0x000000008c700000, 0x000000008c600000| Updating 
| 199|0x000000008c700000, 0x000000008c700000, 0x000000008c800000|  0%| F|  |TAMS 0x000000008c700000, 0x000000008c700000| Untracked 
| 200|0x000000008c800000, 0x000000008c800000, 0x000000008c900000|  0%| F|  |TAMS 0x000000008c800000, 0x000000008c800000| Untracked 
| 201|0x000000008c900000, 0x000000008c900000, 0x000000008ca00000|  0%| F|  |TAMS 0x000000008c900000, 0x000000008c900000| Untracked 
| 202|0x000000008ca00000, 0x000000008ca00000, 0x000000008cb00000|  0%| F|  |TAMS 0x000000008ca00000, 0x000000008ca00000| Untracked 
| 203|0x000000008cb00000, 0x000000008cb00000, 0x000000008cc00000|  0%| F|  |TAMS 0x000000008cb00000, 0x000000008cb00000| Untracked 
| 204|0x000000008cc00000, 0x000000008cc00000, 0x000000008cd00000|  0%| F|  |TAMS 0x000000008cc00000, 0x000000008cc00000| Untracked 
| 205|0x000000008cd00000, 0x000000008cd00000, 0x000000008ce00000|  0%| F|  |TAMS 0x000000008cd00000, 0x000000008cd00000| Untracked 
| 206|0x000000008ce00000, 0x000000008ce00000, 0x000000008cf00000|  0%| F|  |TAMS 0x000000008ce00000, 0x000000008ce00000| Untracked 
| 207|0x000000008cf00000, 0x000000008cf00000, 0x000000008d000000|  0%| F|  |TAMS 0x000000008cf00000, 0x000000008cf00000| Untracked 
| 208|0x000000008d000000, 0x000000008d000000, 0x000000008d100000|  0%| F|  |TAMS 0x000000008d000000, 0x000000008d000000| Untracked 
| 209|0x000000008d100000, 0x000000008d100000, 0x000000008d200000|  0%| F|  |TAMS 0x000000008d100000, 0x000000008d100000| Untracked 
| 210|0x000000008d200000, 0x000000008d200000, 0x000000008d300000|  0%| F|  |TAMS 0x000000008d200000, 0x000000008d200000| Untracked 
| 211|0x000000008d300000, 0x000000008d300000, 0x000000008d400000|  0%| F|  |TAMS 0x000000008d300000, 0x000000008d300000| Untracked 
| 212|0x000000008d400000, 0x000000008d400000, 0x000000008d500000|  0%| F|  |TAMS 0x000000008d400000, 0x000000008d400000| Untracked 
| 213|0x000000008d500000, 0x000000008d500000, 0x000000008d600000|  0%| F|  |TAMS 0x000000008d500000, 0x000000008d500000| Untracked 
| 214|0x000000008d600000, 0x000000008d600000, 0x000000008d700000|  0%| F|  |TAMS 0x000000008d600000, 0x000000008d600000| Untracked 
| 215|0x000000008d700000, 0x000000008d700000, 0x000000008d800000|  0%| F|  |TAMS 0x000000008d700000, 0x000000008d700000| Untracked 
| 216|0x000000008d800000, 0x000000008d800000, 0x000000008d900000|  0%| F|  |TAMS 0x000000008d800000, 0x000000008d800000| Untracked 
| 217|0x000000008d900000, 0x000000008d900000, 0x000000008da00000|  0%| F|  |TAMS 0x000000008d900000, 0x000000008d900000| Untracked 
| 218|0x000000008da00000, 0x000000008da00000, 0x000000008db00000|  0%| F|  |TAMS 0x000000008da00000, 0x000000008da00000| Untracked 
| 219|0x000000008db00000, 0x000000008db00000, 0x000000008dc00000|  0%| F|  |TAMS 0x000000008db00000, 0x000000008db00000| Untracked 
| 220|0x000000008dc00000, 0x000000008dc00000, 0x000000008dd00000|  0%| F|  |TAMS 0x000000008dc00000, 0x000000008dc00000| Untracked 
| 221|0x000000008dd00000, 0x000000008dd00000, 0x000000008de00000|  0%| F|  |TAMS 0x000000008dd00000, 0x000000008dd00000| Untracked 
| 222|0x000000008de00000, 0x000000008de00000, 0x000000008df00000|  0%| F|  |TAMS 0x000000008de00000, 0x000000008de00000| Untracked 
| 223|0x000000008df00000, 0x000000008df00000, 0x000000008e000000|  0%| F|  |TAMS 0x000000008df00000, 0x000000008df00000| Untracked 
| 224|0x000000008e000000, 0x000000008e000000, 0x000000008e100000|  0%| F|  |TAMS 0x000000008e000000, 0x000000008e000000| Untracked 
| 225|0x000000008e100000, 0x000000008e200000, 0x000000008e200000|100%| S|CS|TAMS 0x000000008e100000, 0x000000008e100000| Complete 
| 226|0x000000008e200000, 0x000000008e300000, 0x000000008e300000|100%| S|CS|TAMS 0x000000008e200000, 0x000000008e200000| Complete 
| 227|0x000000008e300000, 0x000000008e300000, 0x000000008e400000|  0%| F|  |TAMS 0x000000008e300000, 0x000000008e300000| Untracked 
| 228|0x000000008e400000, 0x000000008e400000, 0x000000008e500000|  0%| F|  |TAMS 0x000000008e400000, 0x000000008e400000| Untracked 
| 229|0x000000008e500000, 0x000000008e500000, 0x000000008e600000|  0%| F|  |TAMS 0x000000008e500000, 0x000000008e500000| Untracked 
| 230|0x000000008e600000, 0x000000008e600000, 0x000000008e700000|  0%| F|  |TAMS 0x000000008e600000, 0x000000008e600000| Untracked 
| 231|0x000000008e700000, 0x000000008e700000, 0x000000008e800000|  0%| F|  |TAMS 0x000000008e700000, 0x000000008e700000| Untracked 
| 232|0x000000008e800000, 0x000000008e800000, 0x000000008e900000|  0%| F|  |TAMS 0x000000008e800000, 0x000000008e800000| Untracked 
| 233|0x000000008e900000, 0x000000008e900000, 0x000000008ea00000|  0%| F|  |TAMS 0x000000008e900000, 0x000000008e900000| Untracked 
| 234|0x000000008ea00000, 0x000000008ea00000, 0x000000008eb00000|  0%| F|  |TAMS 0x000000008ea00000, 0x000000008ea00000| Untracked 
| 235|0x000000008eb00000, 0x000000008eb00000, 0x000000008ec00000|  0%| F|  |TAMS 0x000000008eb00000, 0x000000008eb00000| Untracked 
| 236|0x000000008ec00000, 0x000000008ec00000, 0x000000008ed00000|  0%| F|  |TAMS 0x000000008ec00000, 0x000000008ec00000| Untracked 
| 237|0x000000008ed00000, 0x000000008ed00000, 0x000000008ee00000|  0%| F|  |TAMS 0x000000008ed00000, 0x000000008ed00000| Untracked 
| 238|0x000000008ee00000, 0x000000008ee00000, 0x000000008ef00000|  0%| F|  |TAMS 0x000000008ee00000, 0x000000008ee00000| Untracked 

Card table byte_map: [0x0000022094ab0000,0x0000022094eb0000] _byte_map_base: 0x00000220946b0000

Marking Bits (Prev, Next): (CMBitMap*) 0x00000220ffc9d330, (CMBitMap*) 0x00000220ffc9d2f8
 Prev Bits: [0x00000220972b0000, 0x00000220992b0000)
 Next Bits: [0x00000220952b0000, 0x00000220972b0000)

Polling page: 0x00000220ffd30000

Metaspace:

Usage:
  Non-class:     79.95 MB capacity,    78.47 MB ( 98%) used,     1.22 MB (  2%) free+waste,   269.00 KB ( <1%) overhead. 
      Class:     12.87 MB capacity,    11.94 MB ( 93%) used,   826.00 KB (  6%) free+waste,   123.19 KB ( <1%) overhead. 
       Both:     92.82 MB capacity,    90.41 MB ( 97%) used,     2.03 MB (  2%) free+waste,   392.19 KB ( <1%) overhead. 

Virtual space:
  Non-class space:       80.00 MB reserved,      80.00 MB (100%) committed 
      Class space:        1.00 GB reserved,      12.95 MB (  1%) committed 
             Both:        1.08 GB reserved,      92.95 MB (  8%) committed 

Chunk freelists:
   Non-Class:  48.00 KB
       Class:  6.00 KB
        Both:  54.00 KB

MaxMetaspaceSize: 17179869184.00 GB
CompressedClassSpaceSize: 1.00 GB

CodeHeap 'non-profiled nmethods': size=120000Kb used=7502Kb max_used=7502Kb free=112497Kb
 bounds [0x000002208c900000, 0x000002208d060000, 0x0000022093e30000]
CodeHeap 'profiled nmethods': size=120000Kb used=24814Kb max_used=24814Kb free=95186Kb
 bounds [0x00000220853d0000, 0x0000022086c10000, 0x000002208c900000]
CodeHeap 'non-nmethods': size=5760Kb used=2311Kb max_used=2353Kb free=3448Kb
 bounds [0x0000022084e30000, 0x00000220850a0000, 0x00000220853d0000]
 total_blobs=12498 nmethods=11588 adapters=819
 compilation: enabled
              stopped_count=0, restarted_count=0
 full_count=0

Compilation events (20 events):
Event: 24.766 Thread 0x000002209c5a2000 11741       2       com.android.tools.r8.graph.c1$k::f0 (2 bytes)
Event: 24.766 Thread 0x000002209c5a2000 nmethod 11741 0x0000022086c0aa10 code [0x0000022086c0abc0, 0x0000022086c0acb8]
Event: 24.766 Thread 0x000002209c5a2000 11747       1       com.android.tools.r8.internal.ce1::b (6 bytes)
Event: 24.766 Thread 0x000002209c5a2000 nmethod 11747 0x000002208d052890 code [0x000002208d052a40, 0x000002208d052b38]
Event: 24.766 Thread 0x000002209c5a2000 11748       1       com.android.tools.r8.graph.c1$g::x0 (5 bytes)
Event: 24.766 Thread 0x000002209c5a2000 nmethod 11748 0x000002208d052b90 code [0x000002208d052d40, 0x000002208d052df8]
Event: 24.766 Thread 0x000002209c5a2000 11735       2       com.android.tools.r8.code.S0::hashCode (21 bytes)
Event: 24.767 Thread 0x000002209c5a2000 nmethod 11735 0x0000022086c0ad90 code [0x0000022086c0af40, 0x0000022086c0b088]
Event: 24.767 Thread 0x000002209c5a2000 11752       1       com.android.tools.r8.graph.c1$j::r0 (2 bytes)
Event: 24.767 Thread 0x000002209c5a2000 nmethod 11752 0x000002208d052e90 code [0x000002208d053040, 0x000002208d0530f8]
Event: 24.767 Thread 0x000002209c5a2000 11753       1       com.android.tools.r8.graph.c1$l::w0 (5 bytes)
Event: 24.767 Thread 0x000002209c5a2000 nmethod 11753 0x000002208d053190 code [0x000002208d053340, 0x000002208d0533f8]
Event: 24.767 Thread 0x000002209c5a2000 11754       1       com.android.tools.r8.internal.ce1::a (6 bytes)
Event: 24.767 Thread 0x000002209c5a2000 nmethod 11754 0x000002208d053490 code [0x000002208d053640, 0x000002208d053738]
Event: 24.767 Thread 0x000002209c5a2000 11750       2       com.android.tools.r8.internal.N0::<init> (5 bytes)
Event: 24.767 Thread 0x000002209c5a2000 nmethod 11750 0x0000022086c0b110 code [0x0000022086c0b2c0, 0x0000022086c0b3b8]
Event: 24.767 Thread 0x000002209c5a2000 11751       2       com.android.tools.r8.internal.P0::<init> (5 bytes)
Event: 24.768 Thread 0x000002209c5a2000 nmethod 11751 0x0000022086c0b490 code [0x0000022086c0b640, 0x0000022086c0b738]
Event: 24.768 Thread 0x000002209c5a2000 11736       1       com.android.tools.r8.graph.c1::r0 (2 bytes)
Event: 24.768 Thread 0x000002209c5a2000 nmethod 11736 0x000002208d053790 code [0x000002208d053940, 0x000002208d0539f8]

GC Heap History (20 events):
Event: 22.403 GC heap after
{Heap after GC invocations=18 (full 0):
 garbage-first heap   total 180224K, used 88215K [0x0000000080000000, 0x0000000100000000)
  region size 1024K, 7 young (7168K), 7 survivors (7168K)
 Metaspace       used 86359K, capacity 88782K, committed 89036K, reserved 1126400K
  class space    used 11257K, capacity 12126K, committed 12236K, reserved 1048576K
}
Event: 22.528 GC heap before
{Heap before GC invocations=18 (full 0):
 garbage-first heap   total 180224K, used 107671K [0x0000000080000000, 0x0000000100000000)
  region size 1024K, 28 young (28672K), 7 survivors (7168K)
 Metaspace       used 86880K, capacity 89354K, committed 89676K, reserved 1126400K
  class space    used 11320K, capacity 12227K, committed 12364K, reserved 1048576K
}
Event: 22.536 GC heap after
{Heap after GC invocations=19 (full 0):
 garbage-first heap   total 180224K, used 89432K [0x0000000080000000, 0x0000000100000000)
  region size 1024K, 4 young (4096K), 4 survivors (4096K)
 Metaspace       used 86880K, capacity 89354K, committed 89676K, reserved 1126400K
  class space    used 11320K, capacity 12227K, committed 12364K, reserved 1048576K
}
Event: 23.057 GC heap before
{Heap before GC invocations=20 (full 0):
 garbage-first heap   total 180224K, used 129368K [0x0000000080000000, 0x0000000100000000)
  region size 1024K, 28 young (28672K), 4 survivors (4096K)
 Metaspace       used 89663K, capacity 92001K, committed 92492K, reserved 1128448K
  class space    used 11645K, capacity 12491K, committed 12620K, reserved 1048576K
}
Event: 23.069 GC heap after
{Heap after GC invocations=21 (full 0):
 garbage-first heap   total 180224K, used 115406K [0x0000000080000000, 0x0000000100000000)
  region size 1024K, 9 young (9216K), 9 survivors (9216K)
 Metaspace       used 89663K, capacity 92001K, committed 92492K, reserved 1128448K
  class space    used 11645K, capacity 12491K, committed 12620K, reserved 1048576K
}
Event: 23.375 GC heap before
{Heap before GC invocations=22 (full 0):
 garbage-first heap   total 180224K, used 178894K [0x0000000080000000, 0x0000000100000000)
  region size 1024K, 38 young (38912K), 9 survivors (9216K)
 Metaspace       used 90227K, capacity 92555K, committed 93132K, reserved 1130496K
  class space    used 11726K, capacity 12571K, committed 12748K, reserved 1048576K
}
Event: 23.402 GC heap after
{Heap after GC invocations=23 (full 0):
 garbage-first heap   total 203776K, used 146665K [0x0000000080000000, 0x0000000100000000)
  region size 1024K, 5 young (5120K), 5 survivors (5120K)
 Metaspace       used 90227K, capacity 92555K, committed 93132K, reserved 1130496K
  class space    used 11726K, capacity 12571K, committed 12748K, reserved 1048576K
}
Event: 23.418 GC heap before
{Heap before GC invocations=23 (full 0):
 garbage-first heap   total 203776K, used 149737K [0x0000000080000000, 0x0000000100000000)
  region size 1024K, 9 young (9216K), 5 survivors (5120K)
 Metaspace       used 90227K, capacity 92555K, committed 93132K, reserved 1130496K
  class space    used 11726K, capacity 12571K, committed 12748K, reserved 1048576K
}
Event: 23.430 GC heap after
{Heap after GC invocations=24 (full 0):
 garbage-first heap   total 203776K, used 148308K [0x0000000080000000, 0x0000000100000000)
  region size 1024K, 2 young (2048K), 2 survivors (2048K)
 Metaspace       used 90227K, capacity 92555K, committed 93132K, reserved 1130496K
  class space    used 11726K, capacity 12571K, committed 12748K, reserved 1048576K
}
Event: 23.537 GC heap before
{Heap before GC invocations=24 (full 0):
 garbage-first heap   total 203776K, used 165716K [0x0000000080000000, 0x0000000100000000)
  region size 1024K, 16 young (16384K), 2 survivors (2048K)
 Metaspace       used 90227K, capacity 92555K, committed 93132K, reserved 1130496K
  class space    used 11726K, capacity 12571K, committed 12748K, reserved 1048576K
}
Event: 23.553 GC heap after
{Heap after GC invocations=25 (full 0):
 garbage-first heap   total 203776K, used 158185K [0x0000000080000000, 0x0000000100000000)
  region size 1024K, 2 young (2048K), 2 survivors (2048K)
 Metaspace       used 90227K, capacity 92555K, committed 93132K, reserved 1130496K
  class space    used 11726K, capacity 12571K, committed 12748K, reserved 1048576K
}
Event: 23.626 GC heap before
{Heap before GC invocations=25 (full 0):
 garbage-first heap   total 203776K, used 168425K [0x0000000080000000, 0x0000000100000000)
  region size 1024K, 13 young (13312K), 2 survivors (2048K)
 Metaspace       used 90227K, capacity 92555K, committed 93132K, reserved 1130496K
  class space    used 11726K, capacity 12571K, committed 12748K, reserved 1048576K
}
Event: 23.644 GC heap after
{Heap after GC invocations=26 (full 0):
 garbage-first heap   total 244736K, used 163461K [0x0000000080000000, 0x0000000100000000)
  region size 1024K, 2 young (2048K), 2 survivors (2048K)
 Metaspace       used 90227K, capacity 92555K, committed 93132K, reserved 1130496K
  class space    used 11726K, capacity 12571K, committed 12748K, reserved 1048576K
}
Event: 23.886 GC heap before
{Heap before GC invocations=27 (full 0):
 garbage-first heap   total 244736K, used 187013K [0x0000000080000000, 0x0000000100000000)
  region size 1024K, 25 young (25600K), 2 survivors (2048K)
 Metaspace       used 90246K, capacity 92555K, committed 93132K, reserved 1130496K
  class space    used 11727K, capacity 12571K, committed 12748K, reserved 1048576K
}
Event: 23.907 GC heap after
{Heap after GC invocations=28 (full 0):
 garbage-first heap   total 244736K, used 173965K [0x0000000080000000, 0x0000000100000000)
  region size 1024K, 4 young (4096K), 4 survivors (4096K)
 Metaspace       used 90246K, capacity 92555K, committed 93132K, reserved 1130496K
  class space    used 11727K, capacity 12571K, committed 12748K, reserved 1048576K
}
Event: 24.282 GC heap before
{Heap before GC invocations=28 (full 0):
 garbage-first heap   total 244736K, used 194445K [0x0000000080000000, 0x0000000100000000)
  region size 1024K, 24 young (24576K), 4 survivors (4096K)
 Metaspace       used 92513K, capacity 94982K, committed 95180K, reserved 1130496K
  class space    used 12228K, capacity 13178K, committed 13260K, reserved 1048576K
}
Event: 24.307 GC heap after
{Heap after GC invocations=29 (full 0):
 garbage-first heap   total 244736K, used 181677K [0x0000000080000000, 0x0000000100000000)
  region size 1024K, 3 young (3072K), 3 survivors (3072K)
 Metaspace       used 92513K, capacity 94982K, committed 95180K, reserved 1130496K
  class space    used 12228K, capacity 13178K, committed 13260K, reserved 1048576K
}
Event: 24.618 GC heap before
{Heap before GC invocations=29 (full 0):
 garbage-first heap   total 244736K, used 199085K [0x0000000080000000, 0x0000000100000000)
  region size 1024K, 20 young (20480K), 3 survivors (3072K)
 Metaspace       used 92581K, capacity 95050K, committed 95180K, reserved 1130496K
  class space    used 12228K, capacity 13178K, committed 13260K, reserved 1048576K
}
Event: 24.637 GC heap after
{Heap after GC invocations=30 (full 0):
 garbage-first heap   total 244736K, used 192035K [0x0000000080000000, 0x0000000100000000)
  region size 1024K, 3 young (3072K), 3 survivors (3072K)
 Metaspace       used 92581K, capacity 95050K, committed 95180K, reserved 1130496K
  class space    used 12228K, capacity 13178K, committed 13260K, reserved 1048576K
}
Event: 24.775 GC heap before
{Heap before GC invocations=30 (full 0):
 garbage-first heap   total 244736K, used 203299K [0x0000000080000000, 0x0000000100000000)
  region size 1024K, 15 young (15360K), 3 survivors (3072K)
 Metaspace       used 92581K, capacity 95050K, committed 95180K, reserved 1130496K
  class space    used 12228K, capacity 13178K, committed 13260K, reserved 1048576K
}

Deoptimization events (20 events):
Event: 24.657 Thread 0x000002209d529000 DEOPT PACKING pc=0x0000022086b4828e sp=0x000000e4f89fe0f0
Event: 24.657 Thread 0x000002209d529000 DEOPT UNPACKING pc=0x0000022084e56dde sp=0x000000e4f89fd568 mode 0
Event: 24.675 Thread 0x000002209d521800 DEOPT PACKING pc=0x0000022086b4828e sp=0x000000e4f88fec90
Event: 24.675 Thread 0x000002209d521800 DEOPT UNPACKING pc=0x0000022084e56dde sp=0x000000e4f88fe108 mode 0
Event: 24.684 Thread 0x000002209d521800 DEOPT PACKING pc=0x0000022086b4828e sp=0x000000e4f88fe4f0
Event: 24.684 Thread 0x000002209d521800 DEOPT UNPACKING pc=0x0000022084e56dde sp=0x000000e4f88fd968 mode 0
Event: 24.694 Thread 0x000002209d529000 DEOPT PACKING pc=0x0000022086b4828e sp=0x000000e4f89fe0f0
Event: 24.694 Thread 0x000002209d529000 DEOPT UNPACKING pc=0x0000022084e56dde sp=0x000000e4f89fd568 mode 0
Event: 24.704 Thread 0x000002209d526800 DEOPT PACKING pc=0x0000022086b4828e sp=0x000000e4f87fe680
Event: 24.704 Thread 0x000002209d526800 DEOPT UNPACKING pc=0x0000022084e56dde sp=0x000000e4f87fdaf8 mode 0
Event: 24.723 Thread 0x000002209d526800 DEOPT PACKING pc=0x0000022086b4828e sp=0x000000e4f87fe680
Event: 24.723 Thread 0x000002209d526800 DEOPT UNPACKING pc=0x0000022084e56dde sp=0x000000e4f87fdaf8 mode 0
Event: 24.735 Thread 0x000002209d524000 DEOPT PACKING pc=0x0000022086b4828e sp=0x000000e4f84fe920
Event: 24.735 Thread 0x000002209d524000 DEOPT UNPACKING pc=0x0000022084e56dde sp=0x000000e4f84fdd98 mode 0
Event: 24.744 Thread 0x000002209d523000 DEOPT PACKING pc=0x0000022086b4828e sp=0x000000e4f83fe310
Event: 24.744 Thread 0x000002209d523000 DEOPT UNPACKING pc=0x0000022084e56dde sp=0x000000e4f83fd788 mode 0
Event: 24.755 Thread 0x000002209d526800 DEOPT PACKING pc=0x0000022086b4828e sp=0x000000e4f87fee20
Event: 24.755 Thread 0x000002209d526800 DEOPT UNPACKING pc=0x0000022084e56dde sp=0x000000e4f87fe298 mode 0
Event: 24.767 Thread 0x000002209d521800 DEOPT PACKING pc=0x0000022086b4828e sp=0x000000e4f88fec90
Event: 24.767 Thread 0x000002209d521800 DEOPT UNPACKING pc=0x0000022084e56dde sp=0x000000e4f88fe108 mode 0

Classes redefined (0 events):
No events

Internal exceptions (20 events):
Event: 21.282 Thread 0x00000220a1a2a800 Exception <a 'sun/nio/fs/WindowsException'{0x00000000871e0948}> (0x00000000871e0948) thrown at [./src/hotspot/share/prims/jni.cpp, line 615]
Event: 21.282 Thread 0x00000220a1a2a800 Exception <a 'sun/nio/fs/WindowsException'{0x00000000871e0c30}> (0x00000000871e0c30) thrown at [./src/hotspot/share/prims/jni.cpp, line 615]
Event: 21.283 Thread 0x00000220a1a2a800 Exception <a 'sun/nio/fs/WindowsException'{0x00000000871e1ab8}> (0x00000000871e1ab8) thrown at [./src/hotspot/share/prims/jni.cpp, line 615]
Event: 21.307 Thread 0x00000220a1a2a800 Exception <a 'java/lang/NoSuchMethodError'{0x0000000086f69310}: <clinit>> (0x0000000086f69310) thrown at [./src/hotspot/share/prims/jni.cpp, line 1362]
Event: 21.312 Thread 0x00000220a1a2a800 Exception <a 'java/lang/NoSuchMethodError'{0x0000000086fa0060}: <clinit>> (0x0000000086fa0060) thrown at [./src/hotspot/share/prims/jni.cpp, line 1362]
Event: 21.316 Thread 0x00000220a1a2a800 Exception <a 'java/lang/NoSuchMethodError'{0x0000000086fdbfc8}: <clinit>> (0x0000000086fdbfc8) thrown at [./src/hotspot/share/prims/jni.cpp, line 1362]
Event: 21.318 Thread 0x00000220a1a2a800 Exception <a 'java/lang/NoSuchMethodError'{0x0000000086feedd8}: <clinit>> (0x0000000086feedd8) thrown at [./src/hotspot/share/prims/jni.cpp, line 1362]
Event: 21.719 Thread 0x00000220a1a2c000 Exception <a 'java/lang/NoSuchMethodError'{0x00000000883e4d78}: 'int java.lang.invoke.DirectMethodHandle$Holder.invokeSpecial(java.lang.Object, java.lang.Object, java.lang.Object, java.lang.Object, java.lang.Object)'> (0x00000000883e4d78) thrown at [./src/hotspot/share/interpreter/linkResolver.cpp, line 773]
Event: 22.822 Thread 0x00000220a1a36000 Exception <a 'sun/nio/fs/WindowsException'{0x000000008a0d2cf8}> (0x000000008a0d2cf8) thrown at [./src/hotspot/share/prims/jni.cpp, line 615]
Event: 22.864 Thread 0x00000220a1a36800 Exception <a 'java/lang/NoSuchMethodError'{0x0000000089e5f1a8}: 'void java.lang.invoke.DirectMethodHandle$Holder.invokeStatic(java.lang.Object, long)'> (0x0000000089e5f1a8) thrown at [./src/hotspot/share/interpreter/linkResolver.cpp, line 773]
Event: 22.865 Thread 0x00000220a1a36800 Exception <a 'java/lang/NoSuchMethodError'{0x0000000089d2c490}: 'java.lang.Object java.lang.invoke.DirectMethodHandle$Holder.invokeStatic(java.lang.Object, long)'> (0x0000000089d2c490) thrown at [./src/hotspot/share/interpreter/linkResolver.cpp, line 773]
Event: 22.869 Thread 0x00000220a1a36800 Exception <a 'java/lang/NoSuchMethodError'{0x0000000089d3a7f8}: 'java.lang.Object java.lang.invoke.DirectMethodHandle$Holder.invokeStaticInit(java.lang.Object, java.lang.Object, long, java.lang.Object)'> (0x0000000089d3a7f8) thrown at [./src/hotspot/share/interpreter/linkResolver.cpp, line 773]
Event: 22.870 Thread 0x00000220a1a36800 Exception <a 'java/lang/NoSuchMethodError'{0x0000000089d40990}: 'java.lang.Object java.lang.invoke.DirectMethodHandle$Holder.invokeStatic(java.lang.Object, java.lang.Object, long)'> (0x0000000089d40990) thrown at [./src/hotspot/share/interpreter/linkResolver.cpp, line 773]
Event: 22.871 Thread 0x00000220a1a36800 Exception <a 'java/lang/NoSuchMethodError'{0x0000000089d46f08}: 'java.lang.Object java.lang.invoke.Invokers$Holder.linkToTargetMethod(java.lang.Object, long, java.lang.Object)'> (0x0000000089d46f08) thrown at [./src/hotspot/share/interpreter/linkResolver.cpp, line 773]
Event: 23.098 Thread 0x00000220a1a36000 Exception <a 'java/lang/NoSuchMethodError'{0x000000008ae1dc98}: 'java.lang.Object java.lang.invoke.DirectMethodHandle$Holder.invokeStaticInit(java.lang.Object, java.lang.Object, java.lang.Object, java.lang.Object, java.lang.Object, java.lang.Object, java.lang.Object, java.lang.Object, java.lang.Object, java.lang.Object, java.lang.Object, java.lang.Object, java.lang.Object, java.lang.Object, java.lang.Object, java.lang.Object, java.lang.Object, java.lang.Object, int, java.lang.Object, java.lang.Object)'> (0
Event: 23.131 Thread 0x00000220a1a36800 Exception <a 'java/lang/NoSuchMethodError'{0x000000008ace3bf8}: 'int java.lang.invoke.DirectMethodHandle$Holder.invokeSpecialIFC(java.lang.Object, java.lang.Object, java.lang.Object)'> (0x000000008ace3bf8) thrown at [./src/hotspot/share/interpreter/linkResolver.cpp, line 773]
Event: 23.936 Thread 0x000002209d529000 Exception <a 'java/lang/IncompatibleClassChangeError'{0x000000008ead3568}: Found class java.lang.Object, but interface was expected> (0x000000008ead3568) thrown at [./src/hotspot/share/interpreter/linkResolver.cpp, line 839]
Event: 23.967 Thread 0x000002209d521800 Exception <a 'java/lang/IncompatibleClassChangeError'{0x000000008e828be0}: Found class java.lang.Object, but interface was expected> (0x000000008e828be0) thrown at [./src/hotspot/share/interpreter/linkResolver.cpp, line 839]
Event: 23.968 Thread 0x000002209d521800 Exception <a 'java/lang/IncompatibleClassChangeError'{0x000000008e85d180}: Found class java.lang.Object, but interface was expected> (0x000000008e85d180) thrown at [./src/hotspot/share/interpreter/linkResolver.cpp, line 839]
Event: 23.969 Thread 0x000002209d523000 Exception <a 'java/lang/NoSuchMethodError'{0x000000008e851f58}: 'java.lang.Object java.lang.invoke.DirectMethodHandle$Holder.newInvokeSpecial(java.lang.Object, int)'> (0x000000008e851f58) thrown at [./src/hotspot/share/interpreter/linkResolver.cpp, line 773]

Events (20 events):
Event: 24.159 loading class com/android/tools/r8/graph/D2 done
Event: 24.159 loading class com/android/tools/r8/graph/D2
Event: 24.159 loading class com/android/tools/r8/graph/D2 done
Event: 24.159 loading class com/android/tools/r8/graph/D2
Event: 24.159 loading class com/android/tools/r8/graph/D2 done
Event: 24.159 loading class com/android/tools/r8/internal/Zb1
Event: 24.159 loading class com/android/tools/r8/internal/Zb1 done
Event: 24.159 loading class com/android/tools/r8/graph/D2
Event: 24.159 loading class com/android/tools/r8/graph/D2 done
Event: 24.160 loading class com/android/tools/r8/internal/ec1
Event: 24.160 loading class com/android/tools/r8/internal/ec1 done
Event: 24.282 Executing VM operation: G1CollectForAllocation
Event: 24.307 Executing VM operation: G1CollectForAllocation done
Event: 24.311 loading class com/android/tools/r8/internal/KI0
Event: 24.311 loading class com/android/tools/r8/internal/KI0 done
Event: 24.613 Executing VM operation: G1CollectForAllocation
Event: 24.637 Executing VM operation: G1CollectForAllocation done
Event: 24.662 Executing VM operation: CGC_Operation
Event: 24.674 Executing VM operation: CGC_Operation done
Event: 24.772 Executing VM operation: G1CollectForAllocation


Dynamic libraries:
0x00007ff793990000 - 0x00007ff79399a000 	E:\Program Files\Android\Android Studio\jre\bin\java.exe
0x00007ffcf3210000 - 0x00007ffcf3424000 	C:\WINDOWS\SYSTEM32\ntdll.dll
0x00007ffcf2a90000 - 0x00007ffcf2b52000 	C:\WINDOWS\System32\KERNEL32.DLL
0x00007ffcf09a0000 - 0x00007ffcf0d3c000 	C:\WINDOWS\System32\KERNELBASE.dll
0x00007ffcf0d40000 - 0x00007ffcf0e51000 	C:\WINDOWS\System32\ucrtbase.dll
0x00007ffce2ba0000 - 0x00007ffce2bb7000 	E:\Program Files\Android\Android Studio\jre\bin\VCRUNTIME140.dll
0x00007ffce2a50000 - 0x00007ffce2a69000 	E:\Program Files\Android\Android Studio\jre\bin\jli.dll
0x00007ffcf3010000 - 0x00007ffcf31bb000 	C:\WINDOWS\System32\USER32.dll
0x00007ffcf0970000 - 0x00007ffcf0996000 	C:\WINDOWS\System32\win32u.dll
0x00007ffcdd300000 - 0x00007ffcdd58e000 	C:\WINDOWS\WinSxS\amd64_microsoft.windows.common-controls_6595b64144ccf1df_6.0.22616.1_none_60ea04539af13d52\COMCTL32.dll
0x00007ffcf2a60000 - 0x00007ffcf2a89000 	C:\WINDOWS\System32\GDI32.dll
0x00007ffcf2d80000 - 0x00007ffcf2e27000 	C:\WINDOWS\System32\msvcrt.dll
0x00007ffcf0850000 - 0x00007ffcf0962000 	C:\WINDOWS\System32\gdi32full.dll
0x00007ffcf0e60000 - 0x00007ffcf0efa000 	C:\WINDOWS\System32\msvcp_win.dll
0x00007ffcf2fb0000 - 0x00007ffcf2fe1000 	C:\WINDOWS\System32\IMM32.DLL
0x00007ffcc4380000 - 0x00007ffcc441d000 	E:\Program Files\Android\Android Studio\jre\bin\msvcp140.dll
0x00007ffc9ada0000 - 0x00007ffc9b875000 	E:\Program Files\Android\Android Studio\jre\bin\server\jvm.dll
0x00007ffcf1270000 - 0x00007ffcf131e000 	C:\WINDOWS\System32\ADVAPI32.dll
0x00007ffcf2cb0000 - 0x00007ffcf2d54000 	C:\WINDOWS\System32\sechost.dll
0x00007ffcf1050000 - 0x00007ffcf1165000 	C:\WINDOWS\System32\RPCRT4.dll
0x00007ffcf31c0000 - 0x00007ffcf31c8000 	C:\WINDOWS\System32\PSAPI.DLL
0x00007ffce8c20000 - 0x00007ffce8c54000 	C:\WINDOWS\SYSTEM32\WINMM.dll
0x00007ffcebdf0000 - 0x00007ffcebdf9000 	C:\WINDOWS\SYSTEM32\WSOCK32.dll
0x00007ffcf2350000 - 0x00007ffcf23c1000 	C:\WINDOWS\System32\WS2_32.dll
0x00007ffce9000000 - 0x00007ffce900a000 	C:\WINDOWS\SYSTEM32\VERSION.dll
0x00007ffcef690000 - 0x00007ffcef6a8000 	C:\WINDOWS\SYSTEM32\kernel.appcore.dll
0x00007ffceb010000 - 0x00007ffceb021000 	E:\Program Files\Android\Android Studio\jre\bin\verify.dll
0x00007ffcee130000 - 0x00007ffcee35e000 	C:\WINDOWS\SYSTEM32\DBGHELP.DLL
0x00007ffcf1c80000 - 0x00007ffcf2009000 	C:\WINDOWS\System32\combase.dll
0x00007ffcf2b60000 - 0x00007ffcf2c37000 	C:\WINDOWS\System32\OLEAUT32.dll
0x00007ffcc9760000 - 0x00007ffcc9792000 	C:\WINDOWS\SYSTEM32\dbgcore.DLL
0x00007ffcf07d0000 - 0x00007ffcf084b000 	C:\WINDOWS\System32\bcryptPrimitives.dll
0x00007ffce2b70000 - 0x00007ffce2b99000 	E:\Program Files\Android\Android Studio\jre\bin\java.dll
0x00007ffcebdc0000 - 0x00007ffcebdcb000 	E:\Program Files\Android\Android Studio\jre\bin\jimage.dll
0x00007ffce33b0000 - 0x00007ffce33c8000 	E:\Program Files\Android\Android Studio\jre\bin\zip.dll
0x00007ffcf14a0000 - 0x00007ffcf1c78000 	C:\WINDOWS\System32\SHELL32.dll
0x00007ffcee650000 - 0x00007ffceef08000 	C:\WINDOWS\SYSTEM32\windows.storage.dll
0x00007ffcee510000 - 0x00007ffcee64d000 	C:\WINDOWS\SYSTEM32\wintypes.dll
0x00007ffcf13a0000 - 0x00007ffcf1491000 	C:\WINDOWS\System32\SHCORE.dll
0x00007ffcf2c50000 - 0x00007ffcf2cae000 	C:\WINDOWS\System32\shlwapi.dll
0x00007ffcf0590000 - 0x00007ffcf05b1000 	C:\WINDOWS\SYSTEM32\profapi.dll
0x00007ffce3160000 - 0x00007ffce317a000 	E:\Program Files\Android\Android Studio\jre\bin\net.dll
0x00007ffce8c60000 - 0x00007ffce8d8f000 	C:\WINDOWS\SYSTEM32\WINHTTP.dll
0x00007ffcefaf0000 - 0x00007ffcefb59000 	C:\WINDOWS\system32\mswsock.dll
0x00007ffce2a90000 - 0x00007ffce2aa4000 	E:\Program Files\Android\Android Studio\jre\bin\nio.dll
0x00007ffcdb930000 - 0x00007ffcdb957000 	C:\Users\Asus\.gradle\native\e1d6ef7f7dcc3fd88c89a11ec53ec762bb8ba0a96d01ffa2cd45eb1d1d8dd5c5\windows-amd64\native-platform.dll
0x00007ffc8bbb0000 - 0x00007ffc8bcf4000 	C:\Users\Asus\.gradle\native\5664cfc778a61ccfe75a443a1ab52a65af34e5dc3c78e0209fed803814484fcb\windows-amd64\native-platform-file-events.dll
0x00007ffceb6e0000 - 0x00007ffceb6ea000 	E:\Program Files\Android\Android Studio\jre\bin\management.dll
0x00007ffceb000000 - 0x00007ffceb00d000 	E:\Program Files\Android\Android Studio\jre\bin\management_ext.dll
0x00007ffcefd10000 - 0x00007ffcefd2b000 	C:\WINDOWS\SYSTEM32\CRYPTSP.dll
0x00007ffcef600000 - 0x00007ffcef635000 	C:\WINDOWS\system32\rsaenh.dll
0x00007ffcefbb0000 - 0x00007ffcefbd8000 	C:\WINDOWS\SYSTEM32\USERENV.dll
0x00007ffceff20000 - 0x00007ffceff48000 	C:\WINDOWS\SYSTEM32\bcrypt.dll
0x00007ffcefd00000 - 0x00007ffcefd0c000 	C:\WINDOWS\SYSTEM32\CRYPTBASE.dll
0x00007ffcef160000 - 0x00007ffcef18d000 	C:\WINDOWS\SYSTEM32\IPHLPAPI.DLL
0x00007ffcf3000000 - 0x00007ffcf3009000 	C:\WINDOWS\System32\NSI.dll
0x00007ffce9010000 - 0x00007ffce9029000 	C:\WINDOWS\SYSTEM32\dhcpcsvc6.DLL
0x00007ffce8a70000 - 0x00007ffce8a8f000 	C:\WINDOWS\SYSTEM32\dhcpcsvc.DLL
0x00007ffcef1d0000 - 0x00007ffcef2c2000 	C:\WINDOWS\SYSTEM32\DNSAPI.dll

dbghelp: loaded successfully - version: 4.0.5 - missing functions: none
symbol engine: initialized successfully - sym options: 0x614 - pdb path: .;E:\Program Files\Android\Android Studio\jre\bin;C:\WINDOWS\SYSTEM32;C:\WINDOWS\WinSxS\amd64_microsoft.windows.common-controls_6595b64144ccf1df_6.0.22616.1_none_60ea04539af13d52;E:\Program Files\Android\Android Studio\jre\bin\server;C:\Users\Asus\.gradle\native\e1d6ef7f7dcc3fd88c89a11ec53ec762bb8ba0a96d01ffa2cd45eb1d1d8dd5c5\windows-amd64;C:\Users\Asus\.gradle\native\5664cfc778a61ccfe75a443a1ab52a65af34e5dc3c78e0209fed803814484fcb\windows-amd64

VM Arguments:
jvm_args: --add-opens=java.base/java.util=ALL-UNNAMED --add-opens=java.base/java.lang=ALL-UNNAMED --add-opens=java.base/java.lang.invoke=ALL-UNNAMED --add-opens=java.base/java.util=ALL-UNNAMED --add-opens=java.prefs/java.util.prefs=ALL-UNNAMED --add-opens=java.prefs/java.util.prefs=ALL-UNNAMED --add-opens=java.base/java.nio.charset=ALL-UNNAMED --add-opens=java.base/java.net=ALL-UNNAMED --add-opens=java.base/java.util.concurrent.atomic=ALL-UNNAMED -Xmx2048m -Dfile.encoding=UTF-8 -Duser.country=US -Duser.language=en -Duser.variant 
java_command: org.gradle.launcher.daemon.bootstrap.GradleDaemon 7.2
java_class_path (initial): C:\Users\Asus\.gradle\wrapper\dists\gradle-7.2-bin\2dnblmf4td7x66yl1d74lt32g\gradle-7.2\lib\gradle-launcher-7.2.jar
Launcher Type: SUN_STANDARD

[Global flags]
     intx CICompilerCount                          = 4                                         {product} {ergonomic}
     uint ConcGCThreads                            = 2                                         {product} {ergonomic}
     uint G1ConcRefinementThreads                  = 8                                         {product} {ergonomic}
   size_t G1HeapRegionSize                         = 1048576                                   {product} {ergonomic}
    uintx GCDrainStackTargetSize                   = 64                                        {product} {ergonomic}
   size_t InitialHeapSize                          = 184549376                                 {product} {ergonomic}
   size_t MarkStackSize                            = 4194304                                   {product} {ergonomic}
   size_t MaxHeapSize                              = 2147483648                                {product} {command line}
   size_t MaxNewSize                               = 1287651328                                {product} {ergonomic}
   size_t MinHeapDeltaBytes                        = 1048576                                   {product} {ergonomic}
    uintx NonNMethodCodeHeapSize                   = 5836300                                {pd product} {ergonomic}
    uintx NonProfiledCodeHeapSize                  = 122910970                              {pd product} {ergonomic}
    uintx ProfiledCodeHeapSize                     = 122910970                              {pd product} {ergonomic}
    uintx ReservedCodeCacheSize                    = 251658240                              {pd product} {ergonomic}
     bool SegmentedCodeCache                       = true                                      {product} {ergonomic}
     bool UseCompressedClassPointers               = true                                 {lp64_product} {ergonomic}
     bool UseCompressedOops                        = true                                 {lp64_product} {ergonomic}
     bool UseG1GC                                  = true                                      {product} {ergonomic}
     bool UseLargePagesIndividualAllocation        = false                                  {pd product} {ergonomic}

Logging:
Log output configuration:
 #0: stdout all=warning uptime,level,tags
 #1: stderr all=off uptime,level,tags

Environment Variables:
PATH=D:\Program Files (x86)\VMware\VMware Workstation\bin\;C:\Program Files\Common Files\Oracle\Java\javapath;C:\Windows\system32;C:\Windows;C:\Windows\System32\Wbem;C:\Windows\System32\WindowsPowerShell\v1.0\;C:\Windows\System32\OpenSSH\;C:\Program Files (x86)\NVIDIA Corporation\PhysX\Common;C:\WINDOWS\system32;C:\WINDOWS;C:\WINDOWS\System32\Wbem;C:\WINDOWS\System32\WindowsPowerShell\v1.0\;C:\WINDOWS\System32\OpenSSH\;C:\Program Files\Microsoft SQL Server\Client SDK\ODBC\110\Tools\Binn\;C:\Program Files (x86)\Microsoft SQL Server\120\Tools\Binn\;C:\Program Files\Microsoft SQL Server\120\Tools\Binn\;C:\Program Files\Microsoft SQL Server\120\DTS\Binn\;C:\Program Files (x86)\Microsoft SQL Server\120\Tools\Binn\ManagementStudio\;C:\Program Files (x86)\Microsoft SQL Server\120\DTS\Binn\;C:\Program Files\Microsoft SQL Server\Client SDK\ODBC\170\Tools\Binn\;C:\Program Files (x86)\Microsoft SQL Server\150\Tools\Binn\;C:\Program Files\Microsoft SQL Server\150\Tools\Binn\;C:\Program Files\Microsoft SQL Server\150\DTS\Binn\;C:\Program Files\dotnet\;C:\Program Files\Microsoft SQL Server\130\Tools\Binn\;C:\Program Files (x86)\dotnet\;E:\Program Files\PuTTY\;C:\Program Files\Git\cmd;C:\Program Files\MySQL\MySQL Shell 8.0\bin\;C:\Users\Asus\AppData\Local\Microsoft\WindowsApps;;D:\Microsoft VS Code\bin;C:\Program Files\Azure Data Studio\bin;C:\Users\Asus\.dotnet\tools
USERNAME=Asus
OS=Windows_NT
PROCESSOR_IDENTIFIER=AMD64 Family 23 Model 17 Stepping 0, AuthenticAMD



---------------  S Y S T E M  ---------------

OS: Windows 10 , 64 bit Build 22616 (10.0.22616.1)
OS uptime: 1 days 8:05 hours
Hyper-V role detected

CPU:total 8 (initial active 8) (8 cores per cpu, 2 threads per core) family 23 model 17 stepping 0 microcode 0x0, cmov, cx8, fxsr, mmx, sse, sse2, sse3, ssse3, sse4.1, sse4.2, popcnt, avx, avx2, aes, clmul, mmxext, 3dnowpref, lzcnt, sse4a, ht, tsc, tscinvbit, tscinv, bmi1, bmi2, adx, s

Memory: 4k page, system-wide physical 11212M (1901M free)
TotalPageFile size 17765M (AvailPageFile size 145M)
current process WorkingSet (physical memory assigned to process): 521M, peak: 525M
current process commit charge ("private bytes"): 576M, peak: 722M

vm_info: OpenJDK 64-Bit Server VM (11.0.11+9-b60-7590822) for windows-amd64 JRE (11.0.11+9-b60-7590822), built on Jul 29 2021 21:43:44 by "builder" with MS VC++ 14.0 (VS2015)

END.
