#
# There is insufficient memory for the Java Runtime Environment to continue.
# Native memory allocation (mmap) failed to map 117440512 bytes for Failed to commit area from 0x0000000090a00000 to 0x0000000097a00000 of length 117440512.
# Possible reasons:
#   The system is out of physical RAM or swap space
#   The process is running with CompressedOops enabled, and the Java Heap may be blocking the growth of the native heap
# Possible solutions:
#   Reduce memory load on the system
#   Increase physical memory or swap space
#   Check if swap backing store is full
#   Decrease Java heap size (-Xmx/-Xms)
#   Decrease number of Java threads
#   Decrease Java thread stack sizes (-Xss)
#   Set larger code cache with -XX:ReservedCodeCacheSize=
#   JVM is running with Unscaled Compressed Oops mode in which the Java heap is
#     placed in the first 4GB address space. The Java Heap base address is the
#     maximum limit for the native heap growth. Please use -XX:HeapBaseMinAddress
#     to set the Java Heap base and to place the Java Heap above 4GB virtual address.
# This output file may be truncated or incomplete.
#
#  Out of Memory Error (./src/hotspot/os/windows/os_windows.cpp:3301), pid=19976, tid=8704
#
# JRE version: OpenJDK Runtime Environment (11.0.11+9) (build 11.0.11+9-b60-7590822)
# Java VM: OpenJDK 64-Bit Server VM (11.0.11+9-b60-7590822, mixed mode, tiered, compressed oops, g1 gc, windows-amd64)
# No core dump will be written. Minidumps are not enabled by default on client versions of Windows
#

---------------  S U M M A R Y ------------

Command Line: --add-opens=java.base/java.util=ALL-UNNAMED --add-opens=java.base/java.lang=ALL-UNNAMED --add-opens=java.base/java.lang.invoke=ALL-UNNAMED --add-opens=java.base/java.util=ALL-UNNAMED --add-opens=java.prefs/java.util.prefs=ALL-UNNAMED --add-opens=java.prefs/java.util.prefs=ALL-UNNAMED --add-opens=java.base/java.nio.charset=ALL-UNNAMED --add-opens=java.base/java.net=ALL-UNNAMED --add-opens=java.base/java.util.concurrent.atomic=ALL-UNNAMED -Xmx2048m -Dfile.encoding=UTF-8 -Duser.country=US -Duser.language=en -Duser.variant org.gradle.launcher.daemon.bootstrap.GradleDaemon 7.2

Host: AMD Ryzen 5 2500U with Radeon Vega Mobile Gfx  , 8 cores, 10G,  Windows 10 , 64 bit Build 22616 (10.0.22616.1)
Time: Sun May 15 17:45:19 2022 SE Asia Standard Time elapsed time: 6909.704626 seconds (0d 1h 55m 9s)

---------------  T H R E A D  ---------------

Current thread (0x0000028c07306800):  VMThread "VM Thread" [stack: 0x000000f1f1500000,0x000000f1f1600000] [id=8704]

Stack: [0x000000f1f1500000,0x000000f1f1600000]
[error occurred during error reporting (printing stack bounds), id 0xc0000005, EXCEPTION_ACCESS_VIOLATION (0xc0000005) at pc=0x0000028c701d0f2d]

Native frames: (J=compiled Java code, j=interpreted, Vv=VM code, C=native code)
V  [jvm.dll+0x5f214a]
V  [jvm.dll+0x726fb5]
V  [jvm.dll+0x7285cd]
V  [jvm.dll+0x728be5]
V  [jvm.dll+0x728b9b]
V  [jvm.dll+0x5f14e8]
V  [jvm.dll+0x5f1c78]
C  [ntdll.dll+0xa3d6f]
C  [ntdll.dll+0x1eaa6]
C  [ntdll.dll+0xa2d5e]
C  0x0000028c701d0f2d

VM_Operation (0x000000f1fa2fcf90): G1CollectForAllocation, mode: safepoint, requested by thread 0x0000028c0baf3000


---------------  P R O C E S S  ---------------

Threads class SMR info:
_java_thread_list=0x0000028c1317b8b0, length=147, elements={
0x0000028c6aefe000, 0x0000028c07345000, 0x0000028c07349000, 0x0000028c07ba8800,
0x0000028c07ba9800, 0x0000028c07bac800, 0x0000028c07bba800, 0x0000028c07bbc800,
0x0000028c07bc6000, 0x0000028c07d14800, 0x0000028c0a618000, 0x0000028c07e40800,
0x0000028c0810d800, 0x0000028c09f17000, 0x0000028c09f1a000, 0x0000028c09f1b000,
0x0000028c09f16000, 0x0000028c09f17800, 0x0000028c07eb7800, 0x0000028c07eb9800,
0x0000028c07eba000, 0x0000028c07ebb000, 0x0000028c07ebd800, 0x0000028c0baf5800,
0x0000028c0bafd800, 0x0000028c0bafc000, 0x0000028c0baf8800, 0x0000028c0bafc800,
0x0000028c100fd800, 0x0000028c10105800, 0x0000028c15073000, 0x0000028c09f15000,
0x0000028c09f19000, 0x0000028c09f18800, 0x0000028c0baf6000, 0x0000028c07ebc000,
0x0000028c07eb7000, 0x0000028c1506b000, 0x0000028c1506f000, 0x0000028c15069000,
0x0000028c1506e000, 0x0000028c1506f800, 0x0000028c15070800, 0x0000028c1506d800,
0x0000028c15071800, 0x0000028c1506c800, 0x0000028c1506b800, 0x0000028c15074800,
0x0000028c15074000, 0x0000028c15075800, 0x0000028c15072000, 0x0000028c15077000,
0x0000028c15076800, 0x0000028c15078000, 0x0000028c0ee13000, 0x0000028c0ee10800,
0x0000028c0ee11800, 0x0000028c0ee0d800, 0x0000028c0ee12000, 0x0000028c0ee14000,
0x0000028c0ee0e000, 0x0000028c0ee0f000, 0x0000028c0ee15800, 0x0000028c0ee0f800,
0x0000028c0ee18800, 0x0000028c0ee19800, 0x0000028c0ee17000, 0x0000028c0ee1a800,
0x0000028c0ee18000, 0x0000028c0ee16000, 0x0000028c0ee1b000, 0x0000028c0ee1c000,
0x0000028c09f31800, 0x0000028c09f33000, 0x0000028c09f32000, 0x0000028c09f2d000,
0x0000028c09f33800, 0x0000028c09f2e000, 0x0000028c09f30800, 0x0000028c09f34800,
0x0000028c09f2f000, 0x0000028c09f35800, 0x0000028c09f2f800, 0x0000028c09f3c000,
0x0000028c09f39800, 0x0000028c09f38800, 0x0000028c09f36000, 0x0000028c09f3a000,
0x0000028c09f38000, 0x0000028c09f3b000, 0x0000028c0e7fc000, 0x0000028c0e800000,
0x0000028c0e7ff000, 0x0000028c0e7fc800, 0x0000028c0e7fd800, 0x0000028c0e7fb000,
0x0000028c0e7fe000, 0x0000028c0e7fa000, 0x0000028c0e802800, 0x0000028c0e804000,
0x0000028c0e806800, 0x0000028c0e805000, 0x0000028c0e800800, 0x0000028c0e805800,
0x0000028c0e801800, 0x0000028c0e803000, 0x0000028c0e808000, 0x0000028c0e809000,
0x0000028c0a9d1800, 0x0000028c0a9d8000, 0x0000028c0a9d5800, 0x0000028c0a9d4800,
0x0000028c0a9d2800, 0x0000028c0a9d6800, 0x0000028c0a9d9000, 0x0000028c0a9d7000,
0x0000028c0a9d3000, 0x0000028c0a9df800, 0x0000028c0a9dd000, 0x0000028c0a9d9800,
0x0000028c0a9dc000, 0x0000028c0a9dd800, 0x0000028c0a9da800, 0x0000028c0a9de800,
0x0000028c0a9e0000, 0x0000028c100fb800, 0x0000028c100fa000, 0x0000028c100f9000,
0x0000028c100ff000, 0x0000028c10100800, 0x0000028c100fc800, 0x0000028c10101800,
0x0000028c100ff800, 0x0000028c10106000, 0x0000028c10108000, 0x0000028c10103000,
0x0000028c10104800, 0x0000028c10107000, 0x0000028c10102000, 0x0000028c10104000,
0x0000028c0baf3000, 0x0000028c0baf1800, 0x0000028c0baf4800, 0x0000028c0baf3800,
0x0000028c0baef000, 0x0000028c0baf7000, 0x0000028c0bafb000
}

Java Threads: ( => current thread )
  0x0000028c6aefe000 JavaThread "main" [_thread_blocked, id=22664, stack(0x000000f1f0f00000,0x000000f1f1000000)]
  0x0000028c07345000 JavaThread "Reference Handler" daemon [_thread_blocked, id=13032, stack(0x000000f1f1600000,0x000000f1f1700000)]
  0x0000028c07349000 JavaThread "Finalizer" daemon [_thread_blocked, id=23028, stack(0x000000f1f1700000,0x000000f1f1800000)]
  0x0000028c07ba8800 JavaThread "Signal Dispatcher" daemon [_thread_blocked, id=24560, stack(0x000000f1f1800000,0x000000f1f1900000)]
  0x0000028c07ba9800 JavaThread "Attach Listener" daemon [_thread_blocked, id=29496, stack(0x000000f1f1900000,0x000000f1f1a00000)]
  0x0000028c07bac800 JavaThread "Service Thread" daemon [_thread_blocked, id=29260, stack(0x000000f1f1a00000,0x000000f1f1b00000)]
  0x0000028c07bba800 JavaThread "C2 CompilerThread0" daemon [_thread_blocked, id=26704, stack(0x000000f1f1b00000,0x000000f1f1c00000)]
  0x0000028c07bbc800 JavaThread "C1 CompilerThread0" daemon [_thread_blocked, id=27056, stack(0x000000f1f1c00000,0x000000f1f1d00000)]
  0x0000028c07bc6000 JavaThread "Sweeper thread" daemon [_thread_blocked, id=9184, stack(0x000000f1f1d00000,0x000000f1f1e00000)]
  0x0000028c07d14800 JavaThread "Common-Cleaner" daemon [_thread_blocked, id=17532, stack(0x000000f1f1e00000,0x000000f1f1f00000)]
  0x0000028c0a618000 JavaThread "Daemon health stats" [_thread_blocked, id=15732, stack(0x000000f1f2500000,0x000000f1f2600000)]
  0x0000028c07e40800 JavaThread "Incoming local TCP Connector on port 61309" [_thread_in_native, id=27824, stack(0x000000f1f2000000,0x000000f1f2100000)]
  0x0000028c0810d800 JavaThread "Daemon periodic checks" [_thread_blocked, id=23300, stack(0x000000f1f2100000,0x000000f1f2200000)]
  0x0000028c09f17000 JavaThread "Cache worker for journal cache (C:\Users\Asus\.gradle\caches\journal-1)" [_thread_blocked, id=29320, stack(0x000000f1f2d00000,0x000000f1f2e00000)]
  0x0000028c09f1a000 JavaThread "File lock request listener" [_thread_in_native, id=24116, stack(0x000000f1f2e00000,0x000000f1f2f00000)]
  0x0000028c09f1b000 JavaThread "Cache worker for file hash cache (C:\Users\Asus\.gradle\caches\7.2\fileHashes)" [_thread_blocked, id=20136, stack(0x000000f1f2f00000,0x000000f1f3000000)]
  0x0000028c09f16000 JavaThread "File watcher server" daemon [_thread_blocked, id=28052, stack(0x000000f1f3700000,0x000000f1f3800000)]
  0x0000028c09f17800 JavaThread "File watcher consumer" daemon [_thread_blocked, id=7240, stack(0x000000f1f3800000,0x000000f1f3900000)]
  0x0000028c07eb7800 JavaThread "Cache worker for execution history cache (C:\Users\Asus\.gradle\caches\7.2\executionHistory)" [_thread_blocked, id=29212, stack(0x000000f1f3c00000,0x000000f1f3d00000)]
  0x0000028c07eb9800 JavaThread "jar transforms" [_thread_blocked, id=14096, stack(0x000000f1f3e00000,0x000000f1f3f00000)]
  0x0000028c07eba000 JavaThread "jar transforms Thread 2" [_thread_blocked, id=17624, stack(0x000000f1f3f00000,0x000000f1f4000000)]
  0x0000028c07ebb000 JavaThread "Cache worker for file content cache (C:\Users\Asus\.gradle\caches\7.2\fileContent)" [_thread_blocked, id=15084, stack(0x000000f1f4000000,0x000000f1f4100000)]
  0x0000028c07ebd800 JavaThread "jar transforms Thread 3" [_thread_blocked, id=19840, stack(0x000000f1f4200000,0x000000f1f4300000)]
  0x0000028c0baf5800 JavaThread "jar transforms Thread 4" [_thread_blocked, id=28212, stack(0x000000f1f9400000,0x000000f1f9500000)]
  0x0000028c0bafd800 JavaThread "jar transforms Thread 5" [_thread_blocked, id=29400, stack(0x000000f1f9500000,0x000000f1f9600000)]
  0x0000028c0bafc000 JavaThread "jar transforms Thread 6" [_thread_blocked, id=28688, stack(0x000000f1f9600000,0x000000f1f9700000)]
  0x0000028c0baf8800 JavaThread "jar transforms Thread 7" [_thread_blocked, id=28972, stack(0x000000f1f9700000,0x000000f1f9800000)]
  0x0000028c0bafc800 JavaThread "jar transforms Thread 8" [_thread_blocked, id=17700, stack(0x000000f1f9800000,0x000000f1f9900000)]
  0x0000028c100fd800 JavaThread "Memory manager" [_thread_blocked, id=14432, stack(0x000000f1f9900000,0x000000f1f9a00000)]
  0x0000028c10105800 JavaThread "Cache worker for Java compile cache (C:\Users\Asus\.gradle\caches\7.2\javaCompile)" [_thread_blocked, id=27772, stack(0x000000f1fa300000,0x000000f1fa400000)]
  0x0000028c15073000 JavaThread "ForkJoinPool.commonPool-worker-13" daemon [_thread_blocked, id=14760, stack(0x000000f1fb800000,0x000000f1fb900000)]
  0x0000028c09f15000 JavaThread "ForkJoinPool.commonPool-worker-3" daemon [_thread_blocked, id=29428, stack(0x000000f1fb500000,0x000000f1fb600000)]
  0x0000028c09f19000 JavaThread "ForkJoinPool.commonPool-worker-7" daemon [_thread_blocked, id=31200, stack(0x000000f1fb700000,0x000000f1fb800000)]
  0x0000028c09f18800 JavaThread "ForkJoinPool.commonPool-worker-9" daemon [_thread_blocked, id=21372, stack(0x000000f1fb900000,0x000000f1fba00000)]
  0x0000028c0baf6000 JavaThread "ForkJoinPool.commonPool-worker-11" daemon [_thread_blocked, id=13304, stack(0x000000f1fba00000,0x000000f1fbb00000)]
  0x0000028c07ebc000 JavaThread "Daemon Thread 13" [_thread_blocked, id=33396, stack(0x000000f1f0c00000,0x000000f1f0d00000)]
  0x0000028c07eb7000 JavaThread "Daemon worker Thread 13" [_thread_blocked, id=29420, stack(0x000000f1f2600000,0x000000f1f2700000)]
  0x0000028c1506b000 JavaThread "Handler for socket connection from /127.0.0.1:61309 to /127.0.0.1:64984" [_thread_in_native, id=10356, stack(0x000000f1f0d00000,0x000000f1f0e00000)]
  0x0000028c1506f000 JavaThread "Cancel handler" [_thread_blocked, id=31936, stack(0x000000f1f0e00000,0x000000f1f0f00000)]
  0x0000028c15069000 JavaThread "Asynchronous log dispatcher for DefaultDaemonConnection: socket connection from /127.0.0.1:61309 to /127.0.0.1:64984" [_thread_blocked, id=26948, stack(0x000000f1f2700000,0x000000f1f2800000)]
  0x0000028c1506e000 JavaThread "Stdin handler" [_thread_blocked, id=32584, stack(0x000000f1f2800000,0x000000f1f2900000)]
  0x0000028c1506f800 JavaThread "Daemon client event forwarder" [_thread_blocked, id=31848, stack(0x000000f1f2900000,0x000000f1f2a00000)]
  0x0000028c15070800 JavaThread "Cache worker for file hash cache (C:\Users\Asus\AndroidStudioProjects\GiuaKyQLNT7\.gradle\7.2\fileHashes)" [_thread_blocked, id=27712, stack(0x000000f1f2a00000,0x000000f1f2b00000)]
  0x0000028c1506d800 JavaThread "Cache worker for checksums cache (C:\Users\Asus\AndroidStudioProjects\GiuaKyQLNT7\.gradle\checksums)" [_thread_blocked, id=30056, stack(0x000000f1f2b00000,0x000000f1f2c00000)]
  0x0000028c15071800 JavaThread "Cache worker for cache directory md-supplier (C:\Users\Asus\.gradle\caches\7.2\md-supplier)" [_thread_blocked, id=33536, stack(0x000000f1f2c00000,0x000000f1f2d00000)]
  0x0000028c1506c800 JavaThread "Cache worker for cache directory md-rule (C:\Users\Asus\.gradle\caches\7.2\md-rule)" [_thread_blocked, id=33500, stack(0x000000f1f3500000,0x000000f1f3600000)]
  0x0000028c1506b800 JavaThread "Cache worker for dependencies-accessors (C:\Users\Asus\AndroidStudioProjects\GiuaKyQLNT7\.gradle\7.2\dependencies-accessors)" [_thread_blocked, id=30700, stack(0x000000f1f3600000,0x000000f1f3700000)]
  0x0000028c15074800 JavaThread "Cache worker for Build Output Cleanup Cache (C:\Users\Asus\AndroidStudioProjects\GiuaKyQLNT7\.gradle\buildOutputCleanup)" [_thread_blocked, id=14196, stack(0x000000f1f3900000,0x000000f1f3a00000)]
  0x0000028c15074000 JavaThread "C2 CompilerThread1" daemon [_thread_blocked, id=32660, stack(0x000000f1f3a00000,0x000000f1f3b00000)]
  0x0000028c15075800 JavaThread "Unconstrained build operations" [_thread_blocked, id=23536, stack(0x000000f1f3b00000,0x000000f1f3c00000)]
  0x0000028c15072000 JavaThread "Unconstrained build operations Thread 2" [_thread_blocked, id=32684, stack(0x000000f1f3d00000,0x000000f1f3e00000)]
  0x0000028c15077000 JavaThread "Unconstrained build operations Thread 3" [_thread_blocked, id=33096, stack(0x000000f1f4100000,0x000000f1f4200000)]
  0x0000028c15076800 JavaThread "Unconstrained build operations Thread 4" [_thread_blocked, id=31320, stack(0x000000f1f4300000,0x000000f1f4400000)]
  0x0000028c15078000 JavaThread "Unconstrained build operations Thread 5" [_thread_blocked, id=32556, stack(0x000000f1f4400000,0x000000f1f4500000)]
  0x0000028c0ee13000 JavaThread "Unconstrained build operations Thread 6" [_thread_blocked, id=28608, stack(0x000000f1f4500000,0x000000f1f4600000)]
  0x0000028c0ee10800 JavaThread "Unconstrained build operations Thread 7" [_thread_blocked, id=31524, stack(0x000000f1f4600000,0x000000f1f4700000)]
  0x0000028c0ee11800 JavaThread "Unconstrained build operations Thread 8" [_thread_blocked, id=14536, stack(0x000000f1f4700000,0x000000f1f4800000)]
  0x0000028c0ee0d800 JavaThread "Unconstrained build operations Thread 9" [_thread_blocked, id=30964, stack(0x000000f1f4800000,0x000000f1f4900000)]
  0x0000028c0ee12000 JavaThread "Unconstrained build operations Thread 10" [_thread_blocked, id=33056, stack(0x000000f1f4900000,0x000000f1f4a00000)]
  0x0000028c0ee14000 JavaThread "Unconstrained build operations Thread 11" [_thread_blocked, id=26464, stack(0x000000f1f4a00000,0x000000f1f4b00000)]
  0x0000028c0ee0e000 JavaThread "Unconstrained build operations Thread 12" [_thread_blocked, id=14780, stack(0x000000f1f4b00000,0x000000f1f4c00000)]
  0x0000028c0ee0f000 JavaThread "Unconstrained build operations Thread 13" [_thread_blocked, id=33428, stack(0x000000f1f4c00000,0x000000f1f4d00000)]
  0x0000028c0ee15800 JavaThread "Unconstrained build operations Thread 14" [_thread_blocked, id=24020, stack(0x000000f1f4d00000,0x000000f1f4e00000)]
  0x0000028c0ee0f800 JavaThread "Unconstrained build operations Thread 15" [_thread_blocked, id=5628, stack(0x000000f1f4e00000,0x000000f1f4f00000)]
  0x0000028c0ee18800 JavaThread "Unconstrained build operations Thread 16" [_thread_blocked, id=29144, stack(0x000000f1f4f00000,0x000000f1f5000000)]
  0x0000028c0ee19800 JavaThread "Unconstrained build operations Thread 17" [_thread_blocked, id=31076, stack(0x000000f1f5000000,0x000000f1f5100000)]
  0x0000028c0ee17000 JavaThread "Unconstrained build operations Thread 18" [_thread_blocked, id=23096, stack(0x000000f1f5100000,0x000000f1f5200000)]
  0x0000028c0ee1a800 JavaThread "Unconstrained build operations Thread 19" [_thread_blocked, id=32596, stack(0x000000f1f5200000,0x000000f1f5300000)]
  0x0000028c0ee18000 JavaThread "Unconstrained build operations Thread 20" [_thread_blocked, id=33296, stack(0x000000f1f5300000,0x000000f1f5400000)]
  0x0000028c0ee16000 JavaThread "Unconstrained build operations Thread 21" [_thread_blocked, id=30764, stack(0x000000f1f5400000,0x000000f1f5500000)]
  0x0000028c0ee1b000 JavaThread "Unconstrained build operations Thread 22" [_thread_blocked, id=19396, stack(0x000000f1f5500000,0x000000f1f5600000)]
  0x0000028c0ee1c000 JavaThread "Unconstrained build operations Thread 23" [_thread_blocked, id=30384, stack(0x000000f1f5600000,0x000000f1f5700000)]
  0x0000028c09f31800 JavaThread "Unconstrained build operations Thread 24" [_thread_blocked, id=13580, stack(0x000000f1f5700000,0x000000f1f5800000)]
  0x0000028c09f33000 JavaThread "Unconstrained build operations Thread 25" [_thread_blocked, id=31028, stack(0x000000f1f5800000,0x000000f1f5900000)]
  0x0000028c09f32000 JavaThread "Unconstrained build operations Thread 26" [_thread_blocked, id=31024, stack(0x000000f1f5900000,0x000000f1f5a00000)]
  0x0000028c09f2d000 JavaThread "Unconstrained build operations Thread 27" [_thread_blocked, id=27888, stack(0x000000f1f5a00000,0x000000f1f5b00000)]
  0x0000028c09f33800 JavaThread "Unconstrained build operations Thread 28" [_thread_blocked, id=29780, stack(0x000000f1f5b00000,0x000000f1f5c00000)]
  0x0000028c09f2e000 JavaThread "Unconstrained build operations Thread 29" [_thread_blocked, id=4080, stack(0x000000f1f5c00000,0x000000f1f5d00000)]
  0x0000028c09f30800 JavaThread "Unconstrained build operations Thread 30" [_thread_blocked, id=22456, stack(0x000000f1f5d00000,0x000000f1f5e00000)]
  0x0000028c09f34800 JavaThread "Unconstrained build operations Thread 31" [_thread_blocked, id=28228, stack(0x000000f1f5e00000,0x000000f1f5f00000)]
  0x0000028c09f2f000 JavaThread "Unconstrained build operations Thread 32" [_thread_blocked, id=31988, stack(0x000000f1f5f00000,0x000000f1f6000000)]
  0x0000028c09f35800 JavaThread "Unconstrained build operations Thread 33" [_thread_blocked, id=30736, stack(0x000000f1f6000000,0x000000f1f6100000)]
  0x0000028c09f2f800 JavaThread "Unconstrained build operations Thread 34" [_thread_blocked, id=30068, stack(0x000000f1f6100000,0x000000f1f6200000)]
  0x0000028c09f3c000 JavaThread "Unconstrained build operations Thread 35" [_thread_blocked, id=26392, stack(0x000000f1f6200000,0x000000f1f6300000)]
  0x0000028c09f39800 JavaThread "Unconstrained build operations Thread 36" [_thread_blocked, id=22088, stack(0x000000f1f6300000,0x000000f1f6400000)]
  0x0000028c09f38800 JavaThread "Unconstrained build operations Thread 37" [_thread_blocked, id=17200, stack(0x000000f1f6400000,0x000000f1f6500000)]
  0x0000028c09f36000 JavaThread "Unconstrained build operations Thread 38" [_thread_blocked, id=2372, stack(0x000000f1f6500000,0x000000f1f6600000)]
  0x0000028c09f3a000 JavaThread "Unconstrained build operations Thread 39" [_thread_blocked, id=30080, stack(0x000000f1f6600000,0x000000f1f6700000)]
  0x0000028c09f38000 JavaThread "Unconstrained build operations Thread 40" [_thread_blocked, id=21588, stack(0x000000f1f6700000,0x000000f1f6800000)]
  0x0000028c09f3b000 JavaThread "Unconstrained build operations Thread 41" [_thread_blocked, id=25932, stack(0x000000f1f6800000,0x000000f1f6900000)]
  0x0000028c0e7fc000 JavaThread "Unconstrained build operations Thread 42" [_thread_blocked, id=31852, stack(0x000000f1f6900000,0x000000f1f6a00000)]
  0x0000028c0e800000 JavaThread "Unconstrained build operations Thread 43" [_thread_blocked, id=11040, stack(0x000000f1f6a00000,0x000000f1f6b00000)]
  0x0000028c0e7ff000 JavaThread "Unconstrained build operations Thread 44" [_thread_blocked, id=8972, stack(0x000000f1f6b00000,0x000000f1f6c00000)]
  0x0000028c0e7fc800 JavaThread "Unconstrained build operations Thread 45" [_thread_blocked, id=12104, stack(0x000000f1f6c00000,0x000000f1f6d00000)]
  0x0000028c0e7fd800 JavaThread "Unconstrained build operations Thread 46" [_thread_blocked, id=26536, stack(0x000000f1f6d00000,0x000000f1f6e00000)]
  0x0000028c0e7fb000 JavaThread "Unconstrained build operations Thread 47" [_thread_blocked, id=26588, stack(0x000000f1f6e00000,0x000000f1f6f00000)]
  0x0000028c0e7fe000 JavaThread "Unconstrained build operations Thread 48" [_thread_blocked, id=10368, stack(0x000000f1f6f00000,0x000000f1f7000000)]
  0x0000028c0e7fa000 JavaThread "Unconstrained build operations Thread 49" [_thread_blocked, id=28188, stack(0x000000f1f7000000,0x000000f1f7100000)]
  0x0000028c0e802800 JavaThread "Unconstrained build operations Thread 50" [_thread_blocked, id=30008, stack(0x000000f1f7100000,0x000000f1f7200000)]
  0x0000028c0e804000 JavaThread "Unconstrained build operations Thread 51" [_thread_blocked, id=19856, stack(0x000000f1f7200000,0x000000f1f7300000)]
  0x0000028c0e806800 JavaThread "Unconstrained build operations Thread 52" [_thread_blocked, id=21852, stack(0x000000f1f7300000,0x000000f1f7400000)]
  0x0000028c0e805000 JavaThread "Unconstrained build operations Thread 53" [_thread_blocked, id=18548, stack(0x000000f1f7400000,0x000000f1f7500000)]
  0x0000028c0e800800 JavaThread "Unconstrained build operations Thread 54" [_thread_blocked, id=27868, stack(0x000000f1f7500000,0x000000f1f7600000)]
  0x0000028c0e805800 JavaThread "Unconstrained build operations Thread 55" [_thread_blocked, id=33156, stack(0x000000f1f7600000,0x000000f1f7700000)]
  0x0000028c0e801800 JavaThread "Unconstrained build operations Thread 56" [_thread_blocked, id=4008, stack(0x000000f1f7700000,0x000000f1f7800000)]
  0x0000028c0e803000 JavaThread "Unconstrained build operations Thread 57" [_thread_blocked, id=27860, stack(0x000000f1f7800000,0x000000f1f7900000)]
  0x0000028c0e808000 JavaThread "Unconstrained build operations Thread 58" [_thread_blocked, id=32256, stack(0x000000f1f7900000,0x000000f1f7a00000)]
  0x0000028c0e809000 JavaThread "Unconstrained build operations Thread 59" [_thread_blocked, id=32664, stack(0x000000f1f7a00000,0x000000f1f7b00000)]
  0x0000028c0a9d1800 JavaThread "Unconstrained build operations Thread 60" [_thread_blocked, id=31528, stack(0x000000f1f7b00000,0x000000f1f7c00000)]
  0x0000028c0a9d8000 JavaThread "Unconstrained build operations Thread 61" [_thread_blocked, id=7764, stack(0x000000f1f7c00000,0x000000f1f7d00000)]
  0x0000028c0a9d5800 JavaThread "Unconstrained build operations Thread 62" [_thread_blocked, id=788, stack(0x000000f1f7d00000,0x000000f1f7e00000)]
  0x0000028c0a9d4800 JavaThread "Unconstrained build operations Thread 63" [_thread_blocked, id=33176, stack(0x000000f1f7e00000,0x000000f1f7f00000)]
  0x0000028c0a9d2800 JavaThread "Unconstrained build operations Thread 64" [_thread_blocked, id=30872, stack(0x000000f1f7f00000,0x000000f1f8000000)]
  0x0000028c0a9d6800 JavaThread "Unconstrained build operations Thread 65" [_thread_blocked, id=29176, stack(0x000000f1f8000000,0x000000f1f8100000)]
  0x0000028c0a9d9000 JavaThread "Unconstrained build operations Thread 66" [_thread_blocked, id=28348, stack(0x000000f1f8100000,0x000000f1f8200000)]
  0x0000028c0a9d7000 JavaThread "Unconstrained build operations Thread 67" [_thread_blocked, id=30400, stack(0x000000f1f8200000,0x000000f1f8300000)]
  0x0000028c0a9d3000 JavaThread "Unconstrained build operations Thread 68" [_thread_blocked, id=21512, stack(0x000000f1f8300000,0x000000f1f8400000)]
  0x0000028c0a9df800 JavaThread "Unconstrained build operations Thread 69" [_thread_blocked, id=25064, stack(0x000000f1f8400000,0x000000f1f8500000)]
  0x0000028c0a9dd000 JavaThread "Unconstrained build operations Thread 70" [_thread_blocked, id=14364, stack(0x000000f1f8500000,0x000000f1f8600000)]
  0x0000028c0a9d9800 JavaThread "Unconstrained build operations Thread 71" [_thread_blocked, id=14292, stack(0x000000f1f8600000,0x000000f1f8700000)]
  0x0000028c0a9dc000 JavaThread "Unconstrained build operations Thread 72" [_thread_blocked, id=32908, stack(0x000000f1f8700000,0x000000f1f8800000)]
  0x0000028c0a9dd800 JavaThread "Unconstrained build operations Thread 73" [_thread_blocked, id=29836, stack(0x000000f1f8800000,0x000000f1f8900000)]
  0x0000028c0a9da800 JavaThread "Unconstrained build operations Thread 74" [_thread_blocked, id=27656, stack(0x000000f1f8900000,0x000000f1f8a00000)]
  0x0000028c0a9de800 JavaThread "Unconstrained build operations Thread 75" [_thread_blocked, id=31660, stack(0x000000f1f8a00000,0x000000f1f8b00000)]
  0x0000028c0a9e0000 JavaThread "Unconstrained build operations Thread 76" [_thread_blocked, id=28408, stack(0x000000f1f8b00000,0x000000f1f8c00000)]
  0x0000028c100fb800 JavaThread "Unconstrained build operations Thread 77" [_thread_blocked, id=29564, stack(0x000000f1f8c00000,0x000000f1f8d00000)]
  0x0000028c100fa000 JavaThread "Unconstrained build operations Thread 78" [_thread_blocked, id=28888, stack(0x000000f1f8d00000,0x000000f1f8e00000)]
  0x0000028c100f9000 JavaThread "Unconstrained build operations Thread 79" [_thread_blocked, id=30852, stack(0x000000f1f8e00000,0x000000f1f8f00000)]
  0x0000028c100ff000 JavaThread "Unconstrained build operations Thread 80" [_thread_blocked, id=33236, stack(0x000000f1f8f00000,0x000000f1f9000000)]
  0x0000028c10100800 JavaThread "build event listener" [_thread_blocked, id=33604, stack(0x000000f1f9100000,0x000000f1f9200000)]
  0x0000028c100fc800 JavaThread "Execution worker for ':'" [_thread_blocked, id=5268, stack(0x000000f1f9200000,0x000000f1f9300000)]
  0x0000028c10101800 JavaThread "Execution worker for ':' Thread 2" [_thread_blocked, id=29488, stack(0x000000f1f9300000,0x000000f1f9400000)]
  0x0000028c100ff800 JavaThread "Execution worker for ':' Thread 3" [_thread_blocked, id=3044, stack(0x000000f1f9a00000,0x000000f1f9b00000)]
  0x0000028c10106000 JavaThread "Execution worker for ':' Thread 4" [_thread_blocked, id=17544, stack(0x000000f1f9b00000,0x000000f1f9c00000)]
  0x0000028c10108000 JavaThread "Execution worker for ':' Thread 5" [_thread_blocked, id=33684, stack(0x000000f1f9c00000,0x000000f1f9d00000)]
  0x0000028c10103000 JavaThread "Execution worker for ':' Thread 6" [_thread_blocked, id=29124, stack(0x000000f1f9d00000,0x000000f1f9e00000)]
  0x0000028c10104800 JavaThread "Execution worker for ':' Thread 7" [_thread_blocked, id=33688, stack(0x000000f1f9e00000,0x000000f1f9f00000)]
  0x0000028c10107000 JavaThread "Cache worker for execution history cache (C:\Users\Asus\AndroidStudioProjects\GiuaKyQLNT7\.gradle\7.2\executionHistory)" [_thread_blocked, id=17184, stack(0x000000f1f9f00000,0x000000f1fa000000)]
  0x0000028c10102000 JavaThread "WorkerExecutor Queue" [_thread_blocked, id=31252, stack(0x000000f1fa000000,0x000000f1fa100000)]
  0x0000028c10104000 JavaThread "WorkerExecutor Queue Thread 2" [_thread_blocked, id=27972, stack(0x000000f1fa100000,0x000000f1fa200000)]
  0x0000028c0baf3000 JavaThread "WorkerExecutor Queue Thread 3" [_thread_blocked, id=29884, stack(0x000000f1fa200000,0x000000f1fa300000)]
  0x0000028c0baf1800 JavaThread "C2 CompilerThread2" daemon [_thread_blocked, id=20396, stack(0x000000f1f9000000,0x000000f1f9100000)]
  0x0000028c0baf4800 JavaThread "WorkerExecutor Queue Thread 4" [_thread_blocked, id=28448, stack(0x000000f1fa400000,0x000000f1fa500000)]
  0x0000028c0baf3800 JavaThread "WorkerExecutor Queue Thread 5" [_thread_blocked, id=4396, stack(0x000000f1fa500000,0x000000f1fa600000)]
  0x0000028c0baef000 JavaThread "WorkerExecutor Queue Thread 6" [_thread_blocked, id=7660, stack(0x000000f1fa600000,0x000000f1fa700000)]
  0x0000028c0baf7000 JavaThread "WorkerExecutor Queue Thread 7" [_thread_blocked, id=31748, stack(0x000000f1fa700000,0x000000f1fa800000)]
  0x0000028c0bafb000 JavaThread "WorkerExecutor Queue Thread 8" [_thread_blocked, id=31136, stack(0x000000f1fa800000,0x000000f1fa900000)]

Other Threads:
=>0x0000028c07306800 VMThread "VM Thread" [stack: 0x000000f1f1500000,0x000000f1f1600000] [id=8704]
  0x0000028c07d23800 WatcherThread [stack: 0x000000f1f1f00000,0x000000f1f2000000] [id=8976]
  0x0000028c6af15800 GCTaskThread "GC Thread#0" [stack: 0x000000f1f1000000,0x000000f1f1100000] [id=24564]
  0x0000028c08259800 GCTaskThread "GC Thread#1" [stack: 0x000000f1f2200000,0x000000f1f2300000] [id=28036]
  0x0000028c08c58000 GCTaskThread "GC Thread#2" [stack: 0x000000f1f2300000,0x000000f1f2400000] [id=6292]
  0x0000028c08b8e800 GCTaskThread "GC Thread#3" [stack: 0x000000f1f2400000,0x000000f1f2500000] [id=26136]
  0x0000028c0aece000 GCTaskThread "GC Thread#4" [stack: 0x000000f1f3000000,0x000000f1f3100000] [id=28900]
  0x0000028c0aecf000 GCTaskThread "GC Thread#5" [stack: 0x000000f1f3100000,0x000000f1f3200000] [id=28856]
  0x0000028c0aecf800 GCTaskThread "GC Thread#6" [stack: 0x000000f1f3200000,0x000000f1f3300000] [id=23532]
  0x0000028c0aed1000 GCTaskThread "GC Thread#7" [stack: 0x000000f1f3300000,0x000000f1f3400000] [id=28748]
  0x0000028c6af47000 ConcurrentGCThread "G1 Main Marker" [stack: 0x000000f1f1100000,0x000000f1f1200000] [id=21116]
  0x0000028c6af49000 ConcurrentGCThread "G1 Conc#0" [stack: 0x000000f1f1200000,0x000000f1f1300000] [id=16592]
  0x0000028c0aed0800 ConcurrentGCThread "G1 Conc#1" [stack: 0x000000f1f3400000,0x000000f1f3500000] [id=27920]
  0x0000028c07192800 ConcurrentGCThread "G1 Refine#0" [stack: 0x000000f1f1300000,0x000000f1f1400000] [id=8216]
  0x0000028c6afce000 ConcurrentGCThread "G1 Young RemSet Sampling" [stack: 0x000000f1f1400000,0x000000f1f1500000] [id=27200]

Threads with active compile tasks:
C2 CompilerThread06909797 35274       4       com.ctc.wstx.sr.AttributeCollector::resolveNamespaces (370 bytes)
C1 CompilerThread06909797 35344       3       com.android.aapt.Resources$Style$Entry$Builder::setComment (23 bytes)
C2 CompilerThread16909797 34256       4       java.io.ObjectInputStream::readClassDesc (123 bytes)
C2 CompilerThread26909797 35257       4       com.ctc.wstx.sr.StreamScanner::parseLocalName (135 bytes)

VM state:at safepoint (normal execution)

VM Mutex/Monitor currently owned by a thread:  ([mutex/lock_event])
[0x0000028c6aefad10] Threads_lock - owner thread: 0x0000028c07306800
[0x0000028c6aef9840] Heap_lock - owner thread: 0x0000028c0baf3000

Heap address: 0x0000000080000000, size: 2048 MB, Compressed Oops mode: 32-bit
Narrow klass base: 0x0000000000000000, Narrow klass shift: 3
Compressed class space size: 1073741824 Address: 0x0000000100000000

Heap:
 garbage-first heap   total 387072K, used 159963K [0x0000000080000000, 0x0000000100000000)
  region size 1024K, 2 young (2048K), 2 survivors (2048K)
 Metaspace       used 156128K, capacity 161523K, committed 161868K, reserved 1189888K
  class space    used 19246K, capacity 21187K, committed 21324K, reserved 1048576K
Heap Regions: E=young(eden), S=young(survivor), O=old, HS=humongous(starts), HC=humongous(continues), CS=collection set, F=free, A=archive, TAMS=top-at-mark-start (previous, next)
|   0|0x0000000080000000, 0x0000000080100000, 0x0000000080100000|100%| O|  |TAMS 0x0000000080100000, 0x0000000080000000| Untracked 
|   1|0x0000000080100000, 0x0000000080200000, 0x0000000080200000|100%| O|  |TAMS 0x0000000080200000, 0x0000000080100000| Untracked 
|   2|0x0000000080200000, 0x0000000080300000, 0x0000000080300000|100%| O|  |TAMS 0x0000000080300000, 0x0000000080200000| Untracked 
|   3|0x0000000080300000, 0x0000000080400000, 0x0000000080400000|100%|HS|  |TAMS 0x0000000080400000, 0x0000000080300000| Complete 
|   4|0x0000000080400000, 0x0000000080500000, 0x0000000080500000|100%|HC|  |TAMS 0x0000000080500000, 0x0000000080400000| Complete 
|   5|0x0000000080500000, 0x0000000080600000, 0x0000000080600000|100%|HC|  |TAMS 0x0000000080600000, 0x0000000080500000| Complete 
|   6|0x0000000080600000, 0x0000000080700000, 0x0000000080700000|100%| O|  |TAMS 0x0000000080700000, 0x0000000080600000| Untracked 
|   7|0x0000000080700000, 0x0000000080800000, 0x0000000080800000|100%| O|  |TAMS 0x0000000080800000, 0x0000000080700000| Untracked 
|   8|0x0000000080800000, 0x0000000080900000, 0x0000000080900000|100%| O|  |TAMS 0x0000000080900000, 0x0000000080800000| Complete 
|   9|0x0000000080900000, 0x0000000080a00000, 0x0000000080a00000|100%| O|  |TAMS 0x0000000080a00000, 0x0000000080900000| Untracked 
|  10|0x0000000080a00000, 0x0000000080b00000, 0x0000000080b00000|100%| O|  |TAMS 0x0000000080b00000, 0x0000000080a00000| Untracked 
|  11|0x0000000080b00000, 0x0000000080c00000, 0x0000000080c00000|100%| O|  |TAMS 0x0000000080c00000, 0x0000000080b00000| Untracked 
|  12|0x0000000080c00000, 0x0000000080d00000, 0x0000000080d00000|100%| O|  |TAMS 0x0000000080d00000, 0x0000000080c00000| Untracked 
|  13|0x0000000080d00000, 0x0000000080e00000, 0x0000000080e00000|100%| O|  |TAMS 0x0000000080e00000, 0x0000000080d00000| Complete 
|  14|0x0000000080e00000, 0x0000000080f00000, 0x0000000080f00000|100%| O|  |TAMS 0x0000000080f00000, 0x0000000080e00000| Untracked 
|  15|0x0000000080f00000, 0x0000000081000000, 0x0000000081000000|100%| O|  |TAMS 0x0000000081000000, 0x0000000080f00000| Complete 
|  16|0x0000000081000000, 0x0000000081100000, 0x0000000081100000|100%| O|  |TAMS 0x0000000081100000, 0x0000000081000000| Complete 
|  17|0x0000000081100000, 0x0000000081200000, 0x0000000081200000|100%|HS|  |TAMS 0x0000000081200000, 0x0000000081100000| Complete 
|  18|0x0000000081200000, 0x0000000081300000, 0x0000000081300000|100%|HS|  |TAMS 0x0000000081300000, 0x0000000081200000| Complete 
|  19|0x0000000081300000, 0x0000000081400000, 0x0000000081400000|100%|HS|  |TAMS 0x0000000081400000, 0x0000000081300000| Complete 
|  20|0x0000000081400000, 0x0000000081500000, 0x0000000081500000|100%| O|  |TAMS 0x0000000081500000, 0x0000000081400000| Complete 
|  21|0x0000000081500000, 0x0000000081600000, 0x0000000081600000|100%| O|  |TAMS 0x0000000081600000, 0x0000000081500000| Complete 
|  22|0x0000000081600000, 0x0000000081700000, 0x0000000081700000|100%| O|  |TAMS 0x0000000081700000, 0x0000000081600000| Untracked 
|  23|0x0000000081700000, 0x0000000081800000, 0x0000000081800000|100%| O|  |TAMS 0x0000000081800000, 0x0000000081700000| Complete 
|  24|0x0000000081800000, 0x0000000081900000, 0x0000000081900000|100%| O|  |TAMS 0x0000000081900000, 0x0000000081800000| Complete 
|  25|0x0000000081900000, 0x0000000081a00000, 0x0000000081a00000|100%|HS|  |TAMS 0x0000000081a00000, 0x0000000081900000| Complete 
|  26|0x0000000081a00000, 0x0000000081b00000, 0x0000000081b00000|100%|HC|  |TAMS 0x0000000081b00000, 0x0000000081a00000| Complete 
|  27|0x0000000081b00000, 0x0000000081c00000, 0x0000000081c00000|100%| O|  |TAMS 0x0000000081c00000, 0x0000000081b00000| Complete 
|  28|0x0000000081c00000, 0x0000000081d00000, 0x0000000081d00000|100%| O|  |TAMS 0x0000000081d00000, 0x0000000081c00000| Complete 
|  29|0x0000000081d00000, 0x0000000081e00000, 0x0000000081e00000|100%| O|  |TAMS 0x0000000081e00000, 0x0000000081d00000| Untracked 
|  30|0x0000000081e00000, 0x0000000081f00000, 0x0000000081f00000|100%| O|  |TAMS 0x0000000081e00000, 0x0000000081e00000| Untracked 
|  31|0x0000000081f00000, 0x0000000082000000, 0x0000000082000000|100%| O|  |TAMS 0x0000000081f00000, 0x0000000081f00000| Untracked 
|  32|0x0000000082000000, 0x0000000082100000, 0x0000000082100000|100%| O|  |TAMS 0x0000000082000000, 0x0000000082000000| Untracked 
|  33|0x0000000082100000, 0x0000000082200000, 0x0000000082200000|100%| O|  |TAMS 0x0000000082200000, 0x0000000082100000| Complete 
|  34|0x0000000082200000, 0x0000000082300000, 0x0000000082300000|100%| O|  |TAMS 0x0000000082300000, 0x0000000082200000| Complete 
|  35|0x0000000082300000, 0x0000000082400000, 0x0000000082400000|100%| O|  |TAMS 0x0000000082400000, 0x0000000082300000| Complete 
|  36|0x0000000082400000, 0x0000000082500000, 0x0000000082500000|100%| O|  |TAMS 0x0000000082500000, 0x0000000082400000| Untracked 
|  37|0x0000000082500000, 0x0000000082600000, 0x0000000082600000|100%| O|  |TAMS 0x0000000082600000, 0x0000000082500000| Untracked 
|  38|0x0000000082600000, 0x0000000082700000, 0x0000000082700000|100%| O|  |TAMS 0x0000000082700000, 0x0000000082600000| Untracked 
|  39|0x0000000082700000, 0x0000000082700000, 0x0000000082800000|  0%| F|  |TAMS 0x0000000082700000, 0x0000000082700000| Untracked 
|  40|0x0000000082800000, 0x0000000082900000, 0x0000000082900000|100%| O|  |TAMS 0x0000000082900000, 0x0000000082800000| Untracked 
|  41|0x0000000082900000, 0x0000000082a00000, 0x0000000082a00000|100%| O|  |TAMS 0x0000000082a00000, 0x0000000082900000| Complete 
|  42|0x0000000082a00000, 0x0000000082b00000, 0x0000000082b00000|100%| O|  |TAMS 0x0000000082b00000, 0x0000000082a00000| Untracked 
|  43|0x0000000082b00000, 0x0000000082c00000, 0x0000000082c00000|100%| O|  |TAMS 0x0000000082c00000, 0x0000000082b00000| Complete 
|  44|0x0000000082c00000, 0x0000000082d00000, 0x0000000082d00000|100%| O|  |TAMS 0x0000000082c00000, 0x0000000082c00000| Untracked 
|  45|0x0000000082d00000, 0x0000000082e00000, 0x0000000082e00000|100%| O|  |TAMS 0x0000000082e00000, 0x0000000082d00000| Untracked 
|  46|0x0000000082e00000, 0x0000000082e00000, 0x0000000082f00000|  0%| F|  |TAMS 0x0000000082e00000, 0x0000000082e00000| Untracked 
|  47|0x0000000082f00000, 0x0000000083000000, 0x0000000083000000|100%| O|  |TAMS 0x0000000083000000, 0x0000000082f00000| Complete 
|  48|0x0000000083000000, 0x0000000083100000, 0x0000000083100000|100%| O|  |TAMS 0x0000000083000000, 0x0000000083000000| Untracked 
|  49|0x0000000083100000, 0x0000000083200000, 0x0000000083200000|100%| O|  |TAMS 0x0000000083200000, 0x0000000083100000| Complete 
|  50|0x0000000083200000, 0x0000000083200000, 0x0000000083300000|  0%| F|  |TAMS 0x0000000083200000, 0x0000000083200000| Untracked 
|  51|0x0000000083300000, 0x0000000083400000, 0x0000000083400000|100%| O|  |TAMS 0x0000000083400000, 0x0000000083300000| Untracked 
|  52|0x0000000083400000, 0x0000000083500000, 0x0000000083500000|100%| O|  |TAMS 0x0000000083500000, 0x0000000083400000| Complete 
|  53|0x0000000083500000, 0x0000000083600000, 0x0000000083600000|100%| O|  |TAMS 0x0000000083600000, 0x0000000083500000| Complete 
|  54|0x0000000083600000, 0x0000000083700000, 0x0000000083700000|100%| O|  |TAMS 0x0000000083700000, 0x0000000083600000| Untracked 
|  55|0x0000000083700000, 0x0000000083800000, 0x0000000083800000|100%| O|  |TAMS 0x0000000083800000, 0x0000000083700000| Untracked 
|  56|0x0000000083800000, 0x0000000083900000, 0x0000000083900000|100%| O|  |TAMS 0x0000000083900000, 0x0000000083800000| Untracked 
|  57|0x0000000083900000, 0x0000000083a00000, 0x0000000083a00000|100%|HS|  |TAMS 0x0000000083a00000, 0x0000000083900000| Complete 
|  58|0x0000000083a00000, 0x0000000083b00000, 0x0000000083b00000|100%|HC|  |TAMS 0x0000000083b00000, 0x0000000083a00000| Complete 
|  59|0x0000000083b00000, 0x0000000083c00000, 0x0000000083c00000|100%| O|  |TAMS 0x0000000083b00000, 0x0000000083b00000| Untracked 
|  60|0x0000000083c00000, 0x0000000083d00000, 0x0000000083d00000|100%| O|  |TAMS 0x0000000083d00000, 0x0000000083c00000| Complete 
|  61|0x0000000083d00000, 0x0000000083d00000, 0x0000000083e00000|  0%| F|  |TAMS 0x0000000083d00000, 0x0000000083d00000| Untracked 
|  62|0x0000000083e00000, 0x0000000083f00000, 0x0000000083f00000|100%| O|  |TAMS 0x0000000083f00000, 0x0000000083e00000| Complete 
|  63|0x0000000083f00000, 0x0000000084000000, 0x0000000084000000|100%| O|  |TAMS 0x0000000084000000, 0x0000000083f00000| Untracked 
|  64|0x0000000084000000, 0x0000000084100000, 0x0000000084100000|100%| O|  |TAMS 0x0000000084100000, 0x0000000084000000| Untracked 
|  65|0x0000000084100000, 0x0000000084200000, 0x0000000084200000|100%| O|  |TAMS 0x0000000084200000, 0x0000000084100000| Untracked 
|  66|0x0000000084200000, 0x0000000084300000, 0x0000000084300000|100%| O|  |TAMS 0x0000000084300000, 0x0000000084200000| Complete 
|  67|0x0000000084300000, 0x0000000084300000, 0x0000000084400000|  0%| F|  |TAMS 0x0000000084300000, 0x0000000084300000| Untracked 
|  68|0x0000000084400000, 0x0000000084400000, 0x0000000084500000|  0%| F|  |TAMS 0x0000000084400000, 0x0000000084400000| Untracked 
|  69|0x0000000084500000, 0x0000000084600000, 0x0000000084600000|100%| O|  |TAMS 0x0000000084600000, 0x0000000084500000| Complete 
|  70|0x0000000084600000, 0x0000000084700000, 0x0000000084700000|100%| O|  |TAMS 0x0000000084700000, 0x0000000084600000| Complete 
|  71|0x0000000084700000, 0x0000000084800000, 0x0000000084800000|100%| O|  |TAMS 0x0000000084800000, 0x0000000084700000| Complete 
|  72|0x0000000084800000, 0x0000000084900000, 0x0000000084900000|100%| O|  |TAMS 0x0000000084900000, 0x0000000084800000| Complete 
|  73|0x0000000084900000, 0x0000000084936e00, 0x0000000084a00000| 21%| O|  |TAMS 0x0000000084900000, 0x0000000084900000| Untracked 
|  74|0x0000000084a00000, 0x0000000084b00000, 0x0000000084b00000|100%| O|  |TAMS 0x0000000084b00000, 0x0000000084a00000| Complete 
|  75|0x0000000084b00000, 0x0000000084c00000, 0x0000000084c00000|100%| O|  |TAMS 0x0000000084c00000, 0x0000000084b00000| Untracked 
|  76|0x0000000084c00000, 0x0000000084d00000, 0x0000000084d00000|100%| O|  |TAMS 0x0000000084d00000, 0x0000000084c00000| Untracked 
|  77|0x0000000084d00000, 0x0000000084e00000, 0x0000000084e00000|100%| O|  |TAMS 0x0000000084e00000, 0x0000000084d00000| Untracked 
|  78|0x0000000084e00000, 0x0000000084f00000, 0x0000000084f00000|100%| O|  |TAMS 0x0000000084f00000, 0x0000000084e00000| Untracked 
|  79|0x0000000084f00000, 0x0000000085000000, 0x0000000085000000|100%| O|  |TAMS 0x0000000085000000, 0x0000000084f00000| Complete 
|  80|0x0000000085000000, 0x0000000085100000, 0x0000000085100000|100%| O|  |TAMS 0x0000000085100000, 0x0000000085000000| Complete 
|  81|0x0000000085100000, 0x0000000085200000, 0x0000000085200000|100%| O|  |TAMS 0x0000000085200000, 0x0000000085100000| Complete 
|  82|0x0000000085200000, 0x0000000085300000, 0x0000000085300000|100%| O|  |TAMS 0x0000000085300000, 0x0000000085200000| Complete 
|  83|0x0000000085300000, 0x0000000085400000, 0x0000000085400000|100%| O|  |TAMS 0x0000000085400000, 0x0000000085300000| Untracked 
|  84|0x0000000085400000, 0x0000000085400000, 0x0000000085500000|  0%| F|  |TAMS 0x0000000085400000, 0x0000000085400000| Untracked 
|  85|0x0000000085500000, 0x0000000085600000, 0x0000000085600000|100%| O|  |TAMS 0x0000000085600000, 0x0000000085500000| Untracked 
|  86|0x0000000085600000, 0x0000000085700000, 0x0000000085700000|100%| O|  |TAMS 0x0000000085700000, 0x0000000085600000| Untracked 
|  87|0x0000000085700000, 0x0000000085800000, 0x0000000085800000|100%| O|  |TAMS 0x0000000085800000, 0x0000000085700000| Complete 
|  88|0x0000000085800000, 0x0000000085900000, 0x0000000085900000|100%| O|  |TAMS 0x0000000085900000, 0x0000000085800000| Complete 
|  89|0x0000000085900000, 0x0000000085a00000, 0x0000000085a00000|100%| O|  |TAMS 0x0000000085a00000, 0x0000000085900000| Untracked 
|  90|0x0000000085a00000, 0x0000000085a00000, 0x0000000085b00000|  0%| F|  |TAMS 0x0000000085a00000, 0x0000000085a00000| Untracked 
|  91|0x0000000085b00000, 0x0000000085b00000, 0x0000000085c00000|  0%| F|  |TAMS 0x0000000085b00000, 0x0000000085b00000| Untracked 
|  92|0x0000000085c00000, 0x0000000085c00000, 0x0000000085d00000|  0%| F|  |TAMS 0x0000000085c00000, 0x0000000085c00000| Untracked 
|  93|0x0000000085d00000, 0x0000000085e00000, 0x0000000085e00000|100%| O|  |TAMS 0x0000000085e00000, 0x0000000085d00000| Untracked 
|  94|0x0000000085e00000, 0x0000000085f00000, 0x0000000085f00000|100%| O|  |TAMS 0x0000000085f00000, 0x0000000085e00000| Untracked 
|  95|0x0000000085f00000, 0x0000000086000000, 0x0000000086000000|100%| O|  |TAMS 0x0000000086000000, 0x0000000085f00000| Untracked 
|  96|0x0000000086000000, 0x0000000086000000, 0x0000000086100000|  0%| F|  |TAMS 0x0000000086000000, 0x0000000086000000| Untracked 
|  97|0x0000000086100000, 0x0000000086100000, 0x0000000086200000|  0%| F|  |TAMS 0x0000000086100000, 0x0000000086100000| Untracked 
|  98|0x0000000086200000, 0x0000000086200000, 0x0000000086300000|  0%| F|  |TAMS 0x0000000086200000, 0x0000000086200000| Untracked 
|  99|0x0000000086300000, 0x0000000086300000, 0x0000000086400000|  0%| F|  |TAMS 0x0000000086300000, 0x0000000086300000| Untracked 
| 100|0x0000000086400000, 0x0000000086400000, 0x0000000086500000|  0%| F|  |TAMS 0x0000000086400000, 0x0000000086400000| Untracked 
| 101|0x0000000086500000, 0x0000000086600000, 0x0000000086600000|100%| O|  |TAMS 0x0000000086600000, 0x0000000086500000| Complete 
| 102|0x0000000086600000, 0x0000000086700000, 0x0000000086700000|100%| O|  |TAMS 0x0000000086700000, 0x0000000086600000| Complete 
| 103|0x0000000086700000, 0x0000000086800000, 0x0000000086800000|100%|HS|  |TAMS 0x0000000086800000, 0x0000000086700000| Complete 
| 104|0x0000000086800000, 0x0000000086900000, 0x0000000086900000|100%|HC|  |TAMS 0x0000000086900000, 0x0000000086800000| Complete 
| 105|0x0000000086900000, 0x0000000086a00000, 0x0000000086a00000|100%| O|  |TAMS 0x0000000086a00000, 0x0000000086900000| Complete 
| 106|0x0000000086a00000, 0x0000000086a00000, 0x0000000086b00000|  0%| F|  |TAMS 0x0000000086a00000, 0x0000000086a00000| Untracked 
| 107|0x0000000086b00000, 0x0000000086c00000, 0x0000000086c00000|100%| O|  |TAMS 0x0000000086c00000, 0x0000000086b00000| Untracked 
| 108|0x0000000086c00000, 0x0000000086d00000, 0x0000000086d00000|100%|HS|  |TAMS 0x0000000086d00000, 0x0000000086c00000| Complete 
| 109|0x0000000086d00000, 0x0000000086e00000, 0x0000000086e00000|100%|HC|  |TAMS 0x0000000086e00000, 0x0000000086d00000| Complete 
| 110|0x0000000086e00000, 0x0000000086f00000, 0x0000000086f00000|100%|HC|  |TAMS 0x0000000086f00000, 0x0000000086e00000| Complete 
| 111|0x0000000086f00000, 0x0000000087000000, 0x0000000087000000|100%| O|  |TAMS 0x0000000087000000, 0x0000000086f00000| Untracked 
| 112|0x0000000087000000, 0x0000000087000000, 0x0000000087100000|  0%| F|  |TAMS 0x0000000087000000, 0x0000000087000000| Untracked 
| 113|0x0000000087100000, 0x0000000087200000, 0x0000000087200000|100%| O|  |TAMS 0x0000000087200000, 0x0000000087100000| Complete 
| 114|0x0000000087200000, 0x0000000087300000, 0x0000000087300000|100%| O|  |TAMS 0x0000000087300000, 0x0000000087200000| Untracked 
| 115|0x0000000087300000, 0x0000000087400000, 0x0000000087400000|100%| O|  |TAMS 0x0000000087400000, 0x0000000087300000| Untracked 
| 116|0x0000000087400000, 0x0000000087500000, 0x0000000087500000|100%| O|  |TAMS 0x0000000087500000, 0x0000000087400000| Untracked 
| 117|0x0000000087500000, 0x0000000087600000, 0x0000000087600000|100%| O|  |TAMS 0x0000000087600000, 0x0000000087500000| Untracked 
| 118|0x0000000087600000, 0x0000000087700000, 0x0000000087700000|100%| O|  |TAMS 0x0000000087700000, 0x0000000087600000| Untracked 
| 119|0x0000000087700000, 0x0000000087800000, 0x0000000087800000|100%| O|  |TAMS 0x0000000087800000, 0x0000000087700000| Complete 
| 120|0x0000000087800000, 0x0000000087900000, 0x0000000087900000|100%| O|  |TAMS 0x0000000087900000, 0x0000000087800000| Complete 
| 121|0x0000000087900000, 0x0000000087a00000, 0x0000000087a00000|100%| O|  |TAMS 0x0000000087a00000, 0x0000000087900000| Complete 
| 122|0x0000000087a00000, 0x0000000087b00000, 0x0000000087b00000|100%|HS|  |TAMS 0x0000000087b00000, 0x0000000087a00000| Complete 
| 123|0x0000000087b00000, 0x0000000087c00000, 0x0000000087c00000|100%|HC|  |TAMS 0x0000000087c00000, 0x0000000087b00000| Complete 
| 124|0x0000000087c00000, 0x0000000087d00000, 0x0000000087d00000|100%|HC|  |TAMS 0x0000000087d00000, 0x0000000087c00000| Complete 
| 125|0x0000000087d00000, 0x0000000087e00000, 0x0000000087e00000|100%|HC|  |TAMS 0x0000000087e00000, 0x0000000087d00000| Complete 
| 126|0x0000000087e00000, 0x0000000087f00000, 0x0000000087f00000|100%|HS|  |TAMS 0x0000000087f00000, 0x0000000087e00000| Complete 
| 127|0x0000000087f00000, 0x0000000088000000, 0x0000000088000000|100%|HC|  |TAMS 0x0000000088000000, 0x0000000087f00000| Complete 
| 128|0x0000000088000000, 0x0000000088100000, 0x0000000088100000|100%|HC|  |TAMS 0x0000000088100000, 0x0000000088000000| Complete 
| 129|0x0000000088100000, 0x0000000088200000, 0x0000000088200000|100%|HS|  |TAMS 0x0000000088200000, 0x0000000088100000| Complete 
| 130|0x0000000088200000, 0x0000000088300000, 0x0000000088300000|100%|HC|  |TAMS 0x0000000088300000, 0x0000000088200000| Complete 
| 131|0x0000000088300000, 0x0000000088400000, 0x0000000088400000|100%|HC|  |TAMS 0x0000000088400000, 0x0000000088300000| Complete 
| 132|0x0000000088400000, 0x0000000088500000, 0x0000000088500000|100%|HC|  |TAMS 0x0000000088500000, 0x0000000088400000| Complete 
| 133|0x0000000088500000, 0x0000000088600000, 0x0000000088600000|100%| O|  |TAMS 0x0000000088600000, 0x0000000088500000| Untracked 
| 134|0x0000000088600000, 0x0000000088700000, 0x0000000088700000|100%| O|  |TAMS 0x0000000088700000, 0x0000000088600000| Complete 
| 135|0x0000000088700000, 0x0000000088800000, 0x0000000088800000|100%| O|  |TAMS 0x0000000088800000, 0x0000000088700000| Untracked 
| 136|0x0000000088800000, 0x0000000088900000, 0x0000000088900000|100%| O|  |TAMS 0x0000000088900000, 0x0000000088800000| Untracked 
| 137|0x0000000088900000, 0x0000000088a00000, 0x0000000088a00000|100%| O|  |TAMS 0x0000000088a00000, 0x0000000088900000| Complete 
| 138|0x0000000088a00000, 0x0000000088b00000, 0x0000000088b00000|100%| O|  |TAMS 0x0000000088b00000, 0x0000000088a00000| Complete 
| 139|0x0000000088b00000, 0x0000000088c00000, 0x0000000088c00000|100%| O|  |TAMS 0x0000000088c00000, 0x0000000088b00000| Untracked 
| 140|0x0000000088c00000, 0x0000000088c00000, 0x0000000088d00000|  0%| F|  |TAMS 0x0000000088c00000, 0x0000000088c00000| Untracked 
| 141|0x0000000088d00000, 0x0000000088e00000, 0x0000000088e00000|100%|HS|  |TAMS 0x0000000088e00000, 0x0000000088d00000| Complete 
| 142|0x0000000088e00000, 0x0000000088f00000, 0x0000000088f00000|100%|HC|  |TAMS 0x0000000088f00000, 0x0000000088e00000| Complete 
| 143|0x0000000088f00000, 0x0000000089000000, 0x0000000089000000|100%|HC|  |TAMS 0x0000000089000000, 0x0000000088f00000| Complete 
| 144|0x0000000089000000, 0x0000000089100000, 0x0000000089100000|100%|HS|  |TAMS 0x0000000089100000, 0x0000000089000000| Complete 
| 145|0x0000000089100000, 0x0000000089200000, 0x0000000089200000|100%|HC|  |TAMS 0x0000000089200000, 0x0000000089100000| Complete 
| 146|0x0000000089200000, 0x0000000089300000, 0x0000000089300000|100%|HC|  |TAMS 0x0000000089300000, 0x0000000089200000| Complete 
| 147|0x0000000089300000, 0x0000000089400000, 0x0000000089400000|100%|HC|  |TAMS 0x0000000089400000, 0x0000000089300000| Complete 
| 148|0x0000000089400000, 0x0000000089400000, 0x0000000089500000|  0%| F|  |TAMS 0x0000000089400000, 0x0000000089400000| Untracked 
| 149|0x0000000089500000, 0x0000000089600000, 0x0000000089600000|100%| O|  |TAMS 0x0000000089600000, 0x0000000089500000| Complete 
| 150|0x0000000089600000, 0x0000000089700000, 0x0000000089700000|100%| O|  |TAMS 0x0000000089700000, 0x0000000089600000| Complete 
| 151|0x0000000089700000, 0x0000000089800000, 0x0000000089800000|100%| O|  |TAMS 0x0000000089800000, 0x0000000089700000| Untracked 
| 152|0x0000000089800000, 0x0000000089900000, 0x0000000089900000|100%| O|  |TAMS 0x0000000089900000, 0x0000000089800000| Untracked 
| 153|0x0000000089900000, 0x0000000089a00000, 0x0000000089a00000|100%| O|  |TAMS 0x0000000089a00000, 0x0000000089900000| Untracked 
| 154|0x0000000089a00000, 0x0000000089b00000, 0x0000000089b00000|100%| O|  |TAMS 0x0000000089b00000, 0x0000000089a00000| Untracked 
| 155|0x0000000089b00000, 0x0000000089c00000, 0x0000000089c00000|100%| O|  |TAMS 0x0000000089c00000, 0x0000000089b00000| Complete 
| 156|0x0000000089c00000, 0x0000000089c00000, 0x0000000089d00000|  0%| F|  |TAMS 0x0000000089c00000, 0x0000000089c00000| Untracked 
| 157|0x0000000089d00000, 0x0000000089e00000, 0x0000000089e00000|100%| O|  |TAMS 0x0000000089e00000, 0x0000000089d00000| Untracked 
| 158|0x0000000089e00000, 0x0000000089f00000, 0x0000000089f00000|100%| O|  |TAMS 0x0000000089f00000, 0x0000000089e00000| Untracked 
| 159|0x0000000089f00000, 0x000000008a000000, 0x000000008a000000|100%| O|  |TAMS 0x000000008a000000, 0x0000000089f00000| Untracked 
| 160|0x000000008a000000, 0x000000008a100000, 0x000000008a100000|100%| O|  |TAMS 0x000000008a100000, 0x000000008a000000| Complete 
| 161|0x000000008a100000, 0x000000008a200000, 0x000000008a200000|100%| O|  |TAMS 0x000000008a200000, 0x000000008a100000| Complete 
| 162|0x000000008a200000, 0x000000008a200000, 0x000000008a300000|  0%| F|  |TAMS 0x000000008a200000, 0x000000008a200000| Untracked 
| 163|0x000000008a300000, 0x000000008a400000, 0x000000008a400000|100%| O|  |TAMS 0x000000008a400000, 0x000000008a300000| Complete 
| 164|0x000000008a400000, 0x000000008a500000, 0x000000008a500000|100%| O|  |TAMS 0x000000008a500000, 0x000000008a400000| Untracked 
| 165|0x000000008a500000, 0x000000008a600000, 0x000000008a600000|100%| O|  |TAMS 0x000000008a600000, 0x000000008a500000| Untracked 
| 166|0x000000008a600000, 0x000000008a700000, 0x000000008a700000|100%| O|  |TAMS 0x000000008a700000, 0x000000008a600000| Untracked 
| 167|0x000000008a700000, 0x000000008a700000, 0x000000008a800000|  0%| F|  |TAMS 0x000000008a700000, 0x000000008a700000| Untracked 
| 168|0x000000008a800000, 0x000000008a900000, 0x000000008a900000|100%| O|  |TAMS 0x000000008a900000, 0x000000008a800000| Complete 
| 169|0x000000008a900000, 0x000000008aa00000, 0x000000008aa00000|100%| O|  |TAMS 0x000000008aa00000, 0x000000008a900000| Complete 
| 170|0x000000008aa00000, 0x000000008aa00000, 0x000000008ab00000|  0%| F|  |TAMS 0x000000008aa00000, 0x000000008aa00000| Untracked 
| 171|0x000000008ab00000, 0x000000008ab00000, 0x000000008ac00000|  0%| F|  |TAMS 0x000000008ab00000, 0x000000008ab00000| Untracked 
| 172|0x000000008ac00000, 0x000000008ac00000, 0x000000008ad00000|  0%| F|  |TAMS 0x000000008ac00000, 0x000000008ac00000| Untracked 
| 173|0x000000008ad00000, 0x000000008ad00000, 0x000000008ae00000|  0%| F|  |TAMS 0x000000008ad00000, 0x000000008ad00000| Untracked 
| 174|0x000000008ae00000, 0x000000008ae00000, 0x000000008af00000|  0%| F|  |TAMS 0x000000008ae00000, 0x000000008ae00000| Untracked 
| 175|0x000000008af00000, 0x000000008af00000, 0x000000008b000000|  0%| F|  |TAMS 0x000000008af00000, 0x000000008af00000| Untracked 
| 176|0x000000008b000000, 0x000000008b100000, 0x000000008b100000|100%| O|  |TAMS 0x000000008b100000, 0x000000008b000000| Untracked 
| 177|0x000000008b100000, 0x000000008b200000, 0x000000008b200000|100%| O|  |TAMS 0x000000008b200000, 0x000000008b100000| Untracked 
| 178|0x000000008b200000, 0x000000008b300000, 0x000000008b300000|100%| O|  |TAMS 0x000000008b300000, 0x000000008b200000| Untracked 
| 179|0x000000008b300000, 0x000000008b400000, 0x000000008b400000|100%| O|  |TAMS 0x000000008b400000, 0x000000008b300000| Untracked 
| 180|0x000000008b400000, 0x000000008b500000, 0x000000008b500000|100%| O|  |TAMS 0x000000008b500000, 0x000000008b400000| Untracked 
| 181|0x000000008b500000, 0x000000008b600000, 0x000000008b600000|100%| O|  |TAMS 0x000000008b600000, 0x000000008b500000| Untracked 
| 182|0x000000008b600000, 0x000000008b700000, 0x000000008b700000|100%| O|  |TAMS 0x000000008b6d1200, 0x000000008b600000| Untracked 
| 183|0x000000008b700000, 0x000000008b700000, 0x000000008b800000|  0%| F|  |TAMS 0x000000008b700000, 0x000000008b700000| Untracked 
| 184|0x000000008b800000, 0x000000008b800000, 0x000000008b900000|  0%| F|  |TAMS 0x000000008b800000, 0x000000008b800000| Untracked 
| 185|0x000000008b900000, 0x000000008b900000, 0x000000008ba00000|  0%| F|  |TAMS 0x000000008b900000, 0x000000008b900000| Untracked 
| 186|0x000000008ba00000, 0x000000008ba00000, 0x000000008bb00000|  0%| F|  |TAMS 0x000000008ba00000, 0x000000008ba00000| Untracked 
| 187|0x000000008bb00000, 0x000000008bb00000, 0x000000008bc00000|  0%| F|  |TAMS 0x000000008bb00000, 0x000000008bb00000| Untracked 
| 188|0x000000008bc00000, 0x000000008bc00000, 0x000000008bd00000|  0%| F|  |TAMS 0x000000008bc00000, 0x000000008bc00000| Untracked 
| 189|0x000000008bd00000, 0x000000008bd00000, 0x000000008be00000|  0%| F|  |TAMS 0x000000008bd00000, 0x000000008bd00000| Untracked 
| 190|0x000000008be00000, 0x000000008be00000, 0x000000008bf00000|  0%| F|  |TAMS 0x000000008be00000, 0x000000008be00000| Untracked 
| 191|0x000000008bf00000, 0x000000008bf00000, 0x000000008c000000|  0%| F|  |TAMS 0x000000008bf00000, 0x000000008bf00000| Untracked 
| 192|0x000000008c000000, 0x000000008c000000, 0x000000008c100000|  0%| F|  |TAMS 0x000000008c000000, 0x000000008c000000| Untracked 
| 193|0x000000008c100000, 0x000000008c100000, 0x000000008c200000|  0%| F|  |TAMS 0x000000008c100000, 0x000000008c100000| Untracked 
| 194|0x000000008c200000, 0x000000008c200000, 0x000000008c300000|  0%| F|  |TAMS 0x000000008c200000, 0x000000008c200000| Untracked 
| 195|0x000000008c300000, 0x000000008c300000, 0x000000008c400000|  0%| F|  |TAMS 0x000000008c300000, 0x000000008c300000| Untracked 
| 196|0x000000008c400000, 0x000000008c400000, 0x000000008c500000|  0%| F|  |TAMS 0x000000008c400000, 0x000000008c400000| Untracked 
| 197|0x000000008c500000, 0x000000008c500000, 0x000000008c600000|  0%| F|  |TAMS 0x000000008c500000, 0x000000008c500000| Untracked 
| 198|0x000000008c600000, 0x000000008c600000, 0x000000008c700000|  0%| F|  |TAMS 0x000000008c600000, 0x000000008c600000| Untracked 
| 199|0x000000008c700000, 0x000000008c700000, 0x000000008c800000|  0%| F|  |TAMS 0x000000008c700000, 0x000000008c700000| Untracked 
| 200|0x000000008c800000, 0x000000008c800000, 0x000000008c900000|  0%| F|  |TAMS 0x000000008c800000, 0x000000008c800000| Untracked 
| 201|0x000000008c900000, 0x000000008c900000, 0x000000008ca00000|  0%| F|  |TAMS 0x000000008c900000, 0x000000008c900000| Untracked 
| 202|0x000000008ca00000, 0x000000008ca00000, 0x000000008cb00000|  0%| F|  |TAMS 0x000000008ca00000, 0x000000008ca00000| Untracked 
| 203|0x000000008cb00000, 0x000000008cb00000, 0x000000008cc00000|  0%| F|  |TAMS 0x000000008cb00000, 0x000000008cb00000| Untracked 
| 204|0x000000008cc00000, 0x000000008cc00000, 0x000000008cd00000|  0%| F|  |TAMS 0x000000008cc00000, 0x000000008cc00000| Untracked 
| 205|0x000000008cd00000, 0x000000008cd00000, 0x000000008ce00000|  0%| F|  |TAMS 0x000000008cd00000, 0x000000008cd00000| Untracked 
| 206|0x000000008ce00000, 0x000000008ce00000, 0x000000008cf00000|  0%| F|  |TAMS 0x000000008ce00000, 0x000000008ce00000| Untracked 
| 207|0x000000008cf00000, 0x000000008cf00000, 0x000000008d000000|  0%| F|  |TAMS 0x000000008cf00000, 0x000000008cf00000| Untracked 
| 208|0x000000008d000000, 0x000000008d000000, 0x000000008d100000|  0%| F|  |TAMS 0x000000008d000000, 0x000000008d000000| Untracked 
| 209|0x000000008d100000, 0x000000008d100000, 0x000000008d200000|  0%| F|  |TAMS 0x000000008d100000, 0x000000008d100000| Untracked 
| 210|0x000000008d200000, 0x000000008d200000, 0x000000008d300000|  0%| F|  |TAMS 0x000000008d200000, 0x000000008d200000| Untracked 
| 211|0x000000008d300000, 0x000000008d300000, 0x000000008d400000|  0%| F|  |TAMS 0x000000008d300000, 0x000000008d300000| Untracked 
| 212|0x000000008d400000, 0x000000008d400000, 0x000000008d500000|  0%| F|  |TAMS 0x000000008d400000, 0x000000008d400000| Untracked 
| 213|0x000000008d500000, 0x000000008d500000, 0x000000008d600000|  0%| F|  |TAMS 0x000000008d500000, 0x000000008d500000| Untracked 
| 214|0x000000008d600000, 0x000000008d600000, 0x000000008d700000|  0%| F|  |TAMS 0x000000008d600000, 0x000000008d600000| Untracked 
| 215|0x000000008d700000, 0x000000008d700000, 0x000000008d800000|  0%| F|  |TAMS 0x000000008d700000, 0x000000008d700000| Untracked 
| 216|0x000000008d800000, 0x000000008d800000, 0x000000008d900000|  0%| F|  |TAMS 0x000000008d800000, 0x000000008d800000| Untracked 
| 217|0x000000008d900000, 0x000000008d900000, 0x000000008da00000|  0%| F|  |TAMS 0x000000008d900000, 0x000000008d900000| Untracked 
| 218|0x000000008da00000, 0x000000008da00000, 0x000000008db00000|  0%| F|  |TAMS 0x000000008da00000, 0x000000008da00000| Untracked 
| 219|0x000000008db00000, 0x000000008db00000, 0x000000008dc00000|  0%| F|  |TAMS 0x000000008db00000, 0x000000008db00000| Untracked 
| 220|0x000000008dc00000, 0x000000008dc00000, 0x000000008dd00000|  0%| F|  |TAMS 0x000000008dc00000, 0x000000008dc00000| Untracked 
| 221|0x000000008dd00000, 0x000000008dd00000, 0x000000008de00000|  0%| F|  |TAMS 0x000000008dd00000, 0x000000008dd00000| Untracked 
| 222|0x000000008de00000, 0x000000008de00000, 0x000000008df00000|  0%| F|  |TAMS 0x000000008de00000, 0x000000008de00000| Untracked 
| 223|0x000000008df00000, 0x000000008df00000, 0x000000008e000000|  0%| F|  |TAMS 0x000000008df00000, 0x000000008df00000| Untracked 
| 224|0x000000008e000000, 0x000000008e000000, 0x000000008e100000|  0%| F|  |TAMS 0x000000008e000000, 0x000000008e000000| Untracked 
| 225|0x000000008e100000, 0x000000008e100000, 0x000000008e200000|  0%| F|  |TAMS 0x000000008e100000, 0x000000008e100000| Untracked 
| 226|0x000000008e200000, 0x000000008e200000, 0x000000008e300000|  0%| F|  |TAMS 0x000000008e200000, 0x000000008e200000| Untracked 
| 227|0x000000008e300000, 0x000000008e300000, 0x000000008e400000|  0%| F|  |TAMS 0x000000008e300000, 0x000000008e300000| Untracked 
| 228|0x000000008e400000, 0x000000008e400000, 0x000000008e500000|  0%| F|  |TAMS 0x000000008e400000, 0x000000008e400000| Untracked 
| 229|0x000000008e500000, 0x000000008e500000, 0x000000008e600000|  0%| F|  |TAMS 0x000000008e500000, 0x000000008e500000| Untracked 
| 230|0x000000008e600000, 0x000000008e600000, 0x000000008e700000|  0%| F|  |TAMS 0x000000008e600000, 0x000000008e600000| Untracked 
| 231|0x000000008e700000, 0x000000008e700000, 0x000000008e800000|  0%| F|  |TAMS 0x000000008e700000, 0x000000008e700000| Untracked 
| 232|0x000000008e800000, 0x000000008e800000, 0x000000008e900000|  0%| F|  |TAMS 0x000000008e800000, 0x000000008e800000| Untracked 
| 233|0x000000008e900000, 0x000000008e900000, 0x000000008ea00000|  0%| F|  |TAMS 0x000000008e900000, 0x000000008e900000| Untracked 
| 234|0x000000008ea00000, 0x000000008ea00000, 0x000000008eb00000|  0%| F|  |TAMS 0x000000008ea00000, 0x000000008ea00000| Untracked 
| 235|0x000000008eb00000, 0x000000008eb00000, 0x000000008ec00000|  0%| F|  |TAMS 0x000000008eb00000, 0x000000008eb00000| Untracked 
| 236|0x000000008ec00000, 0x000000008ec00000, 0x000000008ed00000|  0%| F|  |TAMS 0x000000008ec00000, 0x000000008ec00000| Untracked 
| 237|0x000000008ed00000, 0x000000008ed00000, 0x000000008ee00000|  0%| F|  |TAMS 0x000000008ed00000, 0x000000008ed00000| Untracked 
| 238|0x000000008ee00000, 0x000000008ee00000, 0x000000008ef00000|  0%| F|  |TAMS 0x000000008ee00000, 0x000000008ee00000| Untracked 
| 239|0x000000008ef00000, 0x000000008ef00000, 0x000000008f000000|  0%| F|  |TAMS 0x000000008ef00000, 0x000000008ef00000| Untracked 
| 240|0x000000008f000000, 0x000000008f000000, 0x000000008f100000|  0%| F|  |TAMS 0x000000008f000000, 0x000000008f000000| Untracked 
| 241|0x000000008f100000, 0x000000008f100000, 0x000000008f200000|  0%| F|  |TAMS 0x000000008f100000, 0x000000008f100000| Untracked 
| 242|0x000000008f200000, 0x000000008f200000, 0x000000008f300000|  0%| F|  |TAMS 0x000000008f200000, 0x000000008f200000| Untracked 
| 243|0x000000008f300000, 0x000000008f300000, 0x000000008f400000|  0%| F|  |TAMS 0x000000008f300000, 0x000000008f300000| Untracked 
| 244|0x000000008f400000, 0x000000008f400000, 0x000000008f500000|  0%| F|  |TAMS 0x000000008f400000, 0x000000008f400000| Untracked 
| 245|0x000000008f500000, 0x000000008f500000, 0x000000008f600000|  0%| F|  |TAMS 0x000000008f500000, 0x000000008f500000| Untracked 
| 246|0x000000008f600000, 0x000000008f600000, 0x000000008f700000|  0%| F|  |TAMS 0x000000008f600000, 0x000000008f600000| Untracked 
| 247|0x000000008f700000, 0x000000008f700000, 0x000000008f800000|  0%| F|  |TAMS 0x000000008f700000, 0x000000008f700000| Untracked 
| 248|0x000000008f800000, 0x000000008f800000, 0x000000008f900000|  0%| F|  |TAMS 0x000000008f800000, 0x000000008f800000| Untracked 
| 249|0x000000008f900000, 0x000000008f900000, 0x000000008fa00000|  0%| F|  |TAMS 0x000000008f900000, 0x000000008f900000| Untracked 
| 250|0x000000008fa00000, 0x000000008fa00000, 0x000000008fb00000|  0%| F|  |TAMS 0x000000008fa00000, 0x000000008fa00000| Untracked 
| 251|0x000000008fb00000, 0x000000008fb00000, 0x000000008fc00000|  0%| F|  |TAMS 0x000000008fb00000, 0x000000008fb00000| Untracked 
| 252|0x000000008fc00000, 0x000000008fc00000, 0x000000008fd00000|  0%| F|  |TAMS 0x000000008fc00000, 0x000000008fc00000| Untracked 
| 253|0x000000008fd00000, 0x000000008fd00000, 0x000000008fe00000|  0%| F|  |TAMS 0x000000008fd00000, 0x000000008fd00000| Untracked 
| 254|0x000000008fe00000, 0x000000008fe00000, 0x000000008ff00000|  0%| F|  |TAMS 0x000000008fe00000, 0x000000008fe00000| Untracked 
| 255|0x000000008ff00000, 0x0000000090000000, 0x0000000090000000|100%| S|CS|TAMS 0x000000008ff00000, 0x000000008ff00000| Complete 
| 256|0x0000000090000000, 0x0000000090100000, 0x0000000090100000|100%| S|CS|TAMS 0x0000000090000000, 0x0000000090000000| Complete 
| 257|0x0000000090100000, 0x0000000090100000, 0x0000000090200000|  0%| F|  |TAMS 0x0000000090100000, 0x0000000090100000| Untracked 
| 258|0x0000000090200000, 0x0000000090200000, 0x0000000090300000|  0%| F|  |TAMS 0x0000000090200000, 0x0000000090200000| Untracked 
| 259|0x0000000090300000, 0x0000000090300000, 0x0000000090400000|  0%| F|  |TAMS 0x0000000090300000, 0x0000000090300000| Untracked 
| 260|0x0000000090400000, 0x0000000090400000, 0x0000000090500000|  0%| F|  |TAMS 0x0000000090400000, 0x0000000090400000| Untracked 
| 261|0x0000000090500000, 0x0000000090500000, 0x0000000090600000|  0%| F|  |TAMS 0x0000000090500000, 0x0000000090500000| Untracked 
| 262|0x0000000090600000, 0x0000000090600000, 0x0000000090700000|  0%| F|  |TAMS 0x0000000090600000, 0x0000000090600000| Untracked 
| 263|0x0000000090700000, 0x0000000090700000, 0x0000000090800000|  0%| F|  |TAMS 0x0000000090700000, 0x0000000090700000| Untracked 
| 264|0x0000000090800000, 0x0000000090800000, 0x0000000090900000|  0%| F|  |TAMS 0x0000000090800000, 0x0000000090800000| Untracked 
| 265|0x0000000090900000, 0x0000000090900000, 0x0000000090a00000|  0%| F|  |TAMS 0x0000000090900000, 0x0000000090900000| Untracked 

Card table byte_map: [0x0000028c00400000,0x0000028c00800000] _byte_map_base: 0x0000028c00000000

Marking Bits (Prev, Next): (CMBitMap*) 0x0000028c6af3e6c8, (CMBitMap*) 0x0000028c6af3e700
 Prev Bits: [0x0000028c00c00000, 0x0000028c02c00000)
 Next Bits: [0x0000028c02c00000, 0x0000028c04c00000)

Polling page: 0x0000028c6afd0000

Metaspace:

Usage:
  Non-class:    137.05 MB capacity,   133.67 MB ( 98%) used,     2.76 MB (  2%) free+waste,   630.19 KB ( <1%) overhead. 
      Class:     20.69 MB capacity,    18.80 MB ( 91%) used,     1.63 MB (  8%) free+waste,   276.00 KB (  1%) overhead. 
       Both:    157.74 MB capacity,   152.47 MB ( 97%) used,     4.38 MB (  3%) free+waste,   906.19 KB ( <1%) overhead. 

Virtual space:
  Non-class space:      138.00 MB reserved,     137.25 MB (>99%) committed 
      Class space:        1.00 GB reserved,      20.82 MB (  2%) committed 
             Both:        1.13 GB reserved,     158.07 MB ( 14%) committed 

Chunk freelists:
   Non-Class:  80.00 KB
       Class:  29.00 KB
        Both:  109.00 KB

MaxMetaspaceSize: 17179869184.00 GB
CompressedClassSpaceSize: 1.00 GB

CodeHeap 'non-profiled nmethods': size=120000Kb used=25893Kb max_used=25893Kb free=94106Kb
 bounds [0x0000028c77ca0000, 0x0000028c79640000, 0x0000028c7f1d0000]
CodeHeap 'profiled nmethods': size=120000Kb used=61794Kb max_used=61794Kb free=58205Kb
 bounds [0x0000028c70770000, 0x0000028c74410000, 0x0000028c77ca0000]
CodeHeap 'non-nmethods': size=5760Kb used=2419Kb max_used=2522Kb free=3340Kb
 bounds [0x0000028c701d0000, 0x0000028c70460000, 0x0000028c70770000]
 total_blobs=29021 nmethods=27961 adapters=969
 compilation: enabled
              stopped_count=0, restarted_count=0
 full_count=0

Compilation events (20 events):
Event: 6909.380 Thread 0x0000028c07bbc800 nmethod 35336 0x0000028c74409d90 code [0x0000028c74409fa0, 0x0000028c7440a638]
Event: 6909.380 Thread 0x0000028c07bbc800 35337       3       com.android.aapt.Resources$Style$Entry::toBuilder (31 bytes)
Event: 6909.381 Thread 0x0000028c07bbc800 nmethod 35337 0x0000028c7440a890 code [0x0000028c7440ab20, 0x0000028c7440b728]
Event: 6909.381 Thread 0x0000028c07bbc800 35338       3       com.android.aapt.Resources$Style$Entry$Builder::<init> (5 bytes)
Event: 6909.382 Thread 0x0000028c07bbc800 nmethod 35338 0x0000028c7440ba90 code [0x0000028c7440bca0, 0x0000028c7440c238]
Event: 6909.382 Thread 0x0000028c07bbc800 35339       3       com.android.aapt.Resources$Style$Entry$Builder::<init> (15 bytes)
Event: 6909.382 Thread 0x0000028c07bbc800 nmethod 35339 0x0000028c7440c410 code [0x0000028c7440c620, 0x0000028c7440cb58]
Event: 6909.382 Thread 0x0000028c07bbc800 35340       3       com.android.aapt.Resources$Style$Entry$Builder::maybeForceBuilderInitialization (7 bytes)
Event: 6909.383 Thread 0x0000028c07bbc800 nmethod 35340 0x0000028c7440cd10 code [0x0000028c7440cec0, 0x0000028c7440d058]
Event: 6909.383 Thread 0x0000028c07bbc800 35341       3       com.android.aapt.Resources$Style$Entry::access$41100 (4 bytes)
Event: 6909.383 Thread 0x0000028c07bbc800 nmethod 35341 0x0000028c7440d110 code [0x0000028c7440d2c0, 0x0000028c7440d3b8]
Event: 6909.383 Thread 0x0000028c07bbc800 35342       3       com.android.aapt.Resources$Style$Entry$Builder::setSource (42 bytes)
Event: 6909.383 Thread 0x0000028c07bbc800 nmethod 35342 0x0000028c7440d490 code [0x0000028c7440d680, 0x0000028c7440db08]
Event: 6909.383 Thread 0x0000028c07bbc800 35352       3       com.android.aapt.Resources$Style$Entry::access$41402 (7 bytes)
Event: 6909.384 Thread 0x0000028c07bbc800 nmethod 35352 0x0000028c7440dc90 code [0x0000028c7440de40, 0x0000028c7440df78]
Event: 6909.384 Thread 0x0000028c07bbc800 35353       3       com.android.aapt.Resources$Style$Entry::access$41502 (7 bytes)
Event: 6909.384 Thread 0x0000028c07bbc800 nmethod 35353 0x0000028c7440e090 code [0x0000028c7440e240, 0x0000028c7440e378]
Event: 6909.384 Thread 0x0000028c07bbc800 35343       3       com.android.aapt.Resources$Style$Entry$Builder::setKey (42 bytes)
Event: 6909.384 Thread 0x0000028c07bbc800 nmethod 35343 0x0000028c7440e490 code [0x0000028c7440e680, 0x0000028c7440eb08]
Event: 6909.385 Thread 0x0000028c07bbc800 35344       3       com.android.aapt.Resources$Style$Entry$Builder::setComment (23 bytes)

GC Heap History (20 events):
Event: 6907.013 GC heap after
{Heap after GC invocations=261 (full 0):
 garbage-first heap   total 226304K, used 178959K [0x0000000080000000, 0x0000000100000000)
  region size 1024K, 1 young (1024K), 1 survivors (1024K)
 Metaspace       used 153099K, capacity 158513K, committed 159692K, reserved 1187840K
  class space    used 19045K, capacity 20985K, committed 21196K, reserved 1048576K
}
Event: 6907.260 GC heap before
{Heap before GC invocations=261 (full 0):
 garbage-first heap   total 226304K, used 194319K [0x0000000080000000, 0x0000000100000000)
  region size 1024K, 16 young (16384K), 1 survivors (1024K)
 Metaspace       used 153105K, capacity 158513K, committed 159692K, reserved 1187840K
  class space    used 19045K, capacity 20985K, committed 21196K, reserved 1048576K
}
Event: 6907.264 GC heap after
{Heap after GC invocations=262 (full 0):
 garbage-first heap   total 226304K, used 178838K [0x0000000080000000, 0x0000000100000000)
  region size 1024K, 1 young (1024K), 1 survivors (1024K)
 Metaspace       used 153105K, capacity 158513K, committed 159692K, reserved 1187840K
  class space    used 19045K, capacity 20985K, committed 21196K, reserved 1048576K
}
Event: 6907.662 GC heap before
{Heap before GC invocations=263 (full 0):
 garbage-first heap   total 226304K, used 195222K [0x0000000080000000, 0x0000000100000000)
  region size 1024K, 17 young (17408K), 1 survivors (1024K)
 Metaspace       used 153110K, capacity 158513K, committed 159692K, reserved 1187840K
  class space    used 19045K, capacity 20985K, committed 21196K, reserved 1048576K
}
Event: 6907.665 GC heap after
{Heap after GC invocations=264 (full 0):
 garbage-first heap   total 226304K, used 178794K [0x0000000080000000, 0x0000000100000000)
  region size 1024K, 1 young (1024K), 1 survivors (1024K)
 Metaspace       used 153110K, capacity 158513K, committed 159692K, reserved 1187840K
  class space    used 19045K, capacity 20985K, committed 21196K, reserved 1048576K
}
Event: 6907.696 GC heap before
{Heap before GC invocations=264 (full 0):
 garbage-first heap   total 226304K, used 189034K [0x0000000080000000, 0x0000000100000000)
  region size 1024K, 11 young (11264K), 1 survivors (1024K)
 Metaspace       used 153110K, capacity 158513K, committed 159692K, reserved 1187840K
  class space    used 19045K, capacity 20985K, committed 21196K, reserved 1048576K
}
Event: 6907.701 GC heap after
{Heap after GC invocations=265 (full 0):
 garbage-first heap   total 226304K, used 177992K [0x0000000080000000, 0x0000000100000000)
  region size 1024K, 1 young (1024K), 1 survivors (1024K)
 Metaspace       used 153110K, capacity 158513K, committed 159692K, reserved 1187840K
  class space    used 19045K, capacity 20985K, committed 21196K, reserved 1048576K
}
Event: 6907.766 GC heap before
{Heap before GC invocations=265 (full 0):
 garbage-first heap   total 226304K, used 194376K [0x0000000080000000, 0x0000000100000000)
  region size 1024K, 17 young (17408K), 1 survivors (1024K)
 Metaspace       used 153110K, capacity 158513K, committed 159692K, reserved 1187840K
  class space    used 19045K, capacity 20985K, committed 21196K, reserved 1048576K
}
Event: 6907.770 GC heap after
{Heap after GC invocations=266 (full 0):
 garbage-first heap   total 226304K, used 177736K [0x0000000080000000, 0x0000000100000000)
  region size 1024K, 1 young (1024K), 1 survivors (1024K)
 Metaspace       used 153110K, capacity 158513K, committed 159692K, reserved 1187840K
  class space    used 19045K, capacity 20985K, committed 21196K, reserved 1048576K
}
Event: 6908.018 GC heap before
{Heap before GC invocations=266 (full 0):
 garbage-first heap   total 226304K, used 202312K [0x0000000080000000, 0x0000000100000000)
  region size 1024K, 18 young (18432K), 1 survivors (1024K)
 Metaspace       used 153115K, capacity 158519K, committed 159692K, reserved 1187840K
  class space    used 19046K, capacity 20987K, committed 21196K, reserved 1048576K
}
Event: 6908.026 GC heap after
{Heap after GC invocations=267 (full 0):
 garbage-first heap   total 226304K, used 186936K [0x0000000080000000, 0x0000000100000000)
  region size 1024K, 3 young (3072K), 3 survivors (3072K)
 Metaspace       used 153115K, capacity 158519K, committed 159692K, reserved 1187840K
  class space    used 19046K, capacity 20987K, committed 21196K, reserved 1048576K
}
Event: 6908.179 GC heap before
{Heap before GC invocations=267 (full 0):
 garbage-first heap   total 226304K, used 204344K [0x0000000080000000, 0x0000000100000000)
  region size 1024K, 11 young (11264K), 3 survivors (3072K)
 Metaspace       used 153156K, capacity 158543K, committed 159692K, reserved 1187840K
  class space    used 19049K, capacity 20992K, committed 21196K, reserved 1048576K
}
Event: 6908.191 GC heap after
{Heap after GC invocations=268 (full 0):
 garbage-first heap   total 272384K, used 184229K [0x0000000080000000, 0x0000000100000000)
  region size 1024K, 2 young (2048K), 2 survivors (2048K)
 Metaspace       used 153156K, capacity 158543K, committed 159692K, reserved 1187840K
  class space    used 19049K, capacity 20992K, committed 21196K, reserved 1048576K
}
Event: 6908.563 GC heap before
{Heap before GC invocations=269 (full 0):
 garbage-first heap   total 272384K, used 214949K [0x0000000080000000, 0x0000000100000000)
  region size 1024K, 33 young (33792K), 2 survivors (2048K)
 Metaspace       used 155479K, capacity 160882K, committed 161100K, reserved 1189888K
  class space    used 19230K, capacity 21187K, committed 21324K, reserved 1048576K
}
Event: 6908.572 GC heap after
{Heap after GC invocations=270 (full 0):
 garbage-first heap   total 272384K, used 188486K [0x0000000080000000, 0x0000000100000000)
  region size 1024K, 5 young (5120K), 5 survivors (5120K)
 Metaspace       used 155479K, capacity 160882K, committed 161100K, reserved 1189888K
  class space    used 19230K, capacity 21187K, committed 21324K, reserved 1048576K
}
Event: 6908.874 GC heap before
{Heap before GC invocations=270 (full 0):
 garbage-first heap   total 272384K, used 220230K [0x0000000080000000, 0x0000000100000000)
  region size 1024K, 36 young (36864K), 5 survivors (5120K)
 Metaspace       used 155739K, capacity 161138K, committed 161356K, reserved 1189888K
  class space    used 19230K, capacity 21187K, committed 21324K, reserved 1048576K
}
Event: 6908.892 GC heap after
{Heap after GC invocations=271 (full 0):
 garbage-first heap   total 272384K, used 189824K [0x0000000080000000, 0x0000000100000000)
  region size 1024K, 2 young (2048K), 2 survivors (2048K)
 Metaspace       used 155739K, capacity 161138K, committed 161356K, reserved 1189888K
  class space    used 19230K, capacity 21187K, committed 21324K, reserved 1048576K
}
Event: 6909.310 GC heap before
{Heap before GC invocations=272 (full 0):
 garbage-first heap   total 272384K, used 210304K [0x0000000080000000, 0x0000000100000000)
  region size 1024K, 34 young (34816K), 2 survivors (2048K)
 Metaspace       used 155982K, capacity 161394K, committed 161612K, reserved 1189888K
  class space    used 19238K, capacity 21187K, committed 21324K, reserved 1048576K
}
Event: 6909.317 GC heap after
{Heap after GC invocations=273 (full 0):
 garbage-first heap   total 272384K, used 179780K [0x0000000080000000, 0x0000000100000000)
  region size 1024K, 4 young (4096K), 4 survivors (4096K)
 Metaspace       used 155982K, capacity 161394K, committed 161612K, reserved 1189888K
  class space    used 19238K, capacity 21187K, committed 21324K, reserved 1048576K
}
Event: 6909.385 GC heap before
{Heap before GC invocations=273 (full 0):
 garbage-first heap   total 272384K, used 187972K [0x0000000080000000, 0x0000000100000000)
  region size 1024K, 13 young (13312K), 4 survivors (4096K)
 Metaspace       used 156128K, capacity 161523K, committed 161868K, reserved 1189888K
  class space    used 19246K, capacity 21187K, committed 21324K, reserved 1048576K
}

Deoptimization events (20 events):
Event: 6909.291 Thread 0x0000028c0baf4800 DEOPT PACKING pc=0x0000028c74345648 sp=0x000000f1fa4fd880
Event: 6909.291 Thread 0x0000028c0baf4800 DEOPT UNPACKING pc=0x0000028c701f6dde sp=0x000000f1fa4fcd88 mode 0
Event: 6909.297 Thread 0x0000028c0baf3000 DEOPT PACKING pc=0x0000028c74345648 sp=0x000000f1fa2fce20
Event: 6909.297 Thread 0x0000028c0baf3000 DEOPT UNPACKING pc=0x0000028c701f6dde sp=0x000000f1fa2fc328 mode 0
Event: 6909.298 Thread 0x0000028c0baf7000 DEOPT PACKING pc=0x0000028c74345648 sp=0x000000f1fa7fd780
Event: 6909.298 Thread 0x0000028c0baf7000 DEOPT UNPACKING pc=0x0000028c701f6dde sp=0x000000f1fa7fcc88 mode 0
Event: 6909.322 Thread 0x0000028c0baef000 DEOPT PACKING pc=0x0000028c74345648 sp=0x000000f1fa6fceb0
Event: 6909.322 Thread 0x0000028c0baef000 DEOPT UNPACKING pc=0x0000028c701f6dde sp=0x000000f1fa6fc3b8 mode 0
Event: 6909.327 Thread 0x0000028c0baef000 DEOPT PACKING pc=0x0000028c74345648 sp=0x000000f1fa6fceb0
Event: 6909.327 Thread 0x0000028c0baef000 DEOPT UNPACKING pc=0x0000028c701f6dde sp=0x000000f1fa6fc3b8 mode 0
Event: 6909.341 Thread 0x0000028c10102000 DEOPT PACKING pc=0x0000028c74345648 sp=0x000000f1fa0fd060
Event: 6909.342 Thread 0x0000028c10102000 DEOPT UNPACKING pc=0x0000028c701f6dde sp=0x000000f1fa0fc568 mode 0
Event: 6909.367 Thread 0x0000028c100ff800 Uncommon trap: trap_request=0xffffffc6 fr.pc=0x0000028c78737c10 relative=0x00000000000007f0
Event: 6909.367 Thread 0x0000028c100ff800 Uncommon trap: reason=bimorphic_or_optimized_type_check action=maybe_recompile pc=0x0000028c78737c10 method=org.apache.xerces.dom.CoreDocumentImpl.isKidOK(Lorg/w3c/dom/Node;Lorg/w3c/dom/Node;)Z @ 39 c2
Event: 6909.367 Thread 0x0000028c100ff800 DEOPT PACKING pc=0x0000028c78737c10 sp=0x000000f1f9af99d0
Event: 6909.367 Thread 0x0000028c100ff800 DEOPT UNPACKING pc=0x0000028c701f662f sp=0x000000f1f9af98f8 mode 2
Event: 6909.371 Thread 0x0000028c100ff800 Uncommon trap: trap_request=0xffffffc6 fr.pc=0x0000028c78737c10 relative=0x00000000000007f0
Event: 6909.371 Thread 0x0000028c100ff800 Uncommon trap: reason=bimorphic_or_optimized_type_check action=maybe_recompile pc=0x0000028c78737c10 method=org.apache.xerces.dom.CoreDocumentImpl.isKidOK(Lorg/w3c/dom/Node;Lorg/w3c/dom/Node;)Z @ 39 c2
Event: 6909.371 Thread 0x0000028c100ff800 DEOPT PACKING pc=0x0000028c78737c10 sp=0x000000f1f9af99d0
Event: 6909.371 Thread 0x0000028c100ff800 DEOPT UNPACKING pc=0x0000028c701f662f sp=0x000000f1f9af98f8 mode 2

Classes redefined (0 events):
No events

Internal exceptions (20 events):
Event: 6903.597 Thread 0x0000028c10106000 Exception <a 'sun/nio/fs/WindowsException'{0x000000008da789e0}> (0x000000008da789e0) thrown at [./src/hotspot/share/prims/jni.cpp, line 615]
Event: 6903.598 Thread 0x0000028c10106000 Exception <a 'sun/nio/fs/WindowsException'{0x000000008da798a0}> (0x000000008da798a0) thrown at [./src/hotspot/share/prims/jni.cpp, line 615]
Event: 6903.616 Thread 0x0000028c10102000 Exception <a 'sun/nio/fs/WindowsException'{0x000000008d923b90}> (0x000000008d923b90) thrown at [./src/hotspot/share/prims/jni.cpp, line 615]
Event: 6903.827 Thread 0x0000028c100ff800 Exception <a 'java/lang/NoSuchMethodError'{0x000000008ce34d98}: <clinit>> (0x000000008ce34d98) thrown at [./src/hotspot/share/prims/jni.cpp, line 1362]
Event: 6906.150 Thread 0x0000028c10106000 Exception <a 'java/lang/NoSuchMethodError'{0x000000008d71f098}: <clinit>> (0x000000008d71f098) thrown at [./src/hotspot/share/prims/jni.cpp, line 1362]
Event: 6906.152 Thread 0x0000028c10106000 Exception <a 'java/lang/NoSuchMethodError'{0x000000008d72f358}: <clinit>> (0x000000008d72f358) thrown at [./src/hotspot/share/prims/jni.cpp, line 1362]
Event: 6906.171 Thread 0x0000028c10106000 Exception <a 'java/lang/NoSuchMethodError'{0x000000008d7a1408}: <clinit>> (0x000000008d7a1408) thrown at [./src/hotspot/share/prims/jni.cpp, line 1362]
Event: 6906.171 Thread 0x0000028c10106000 Exception <a 'java/lang/NoSuchMethodError'{0x000000008d7a3fd0}: <clinit>> (0x000000008d7a3fd0) thrown at [./src/hotspot/share/prims/jni.cpp, line 1362]
Event: 6906.171 Thread 0x0000028c10106000 Exception <a 'java/lang/NoSuchMethodError'{0x000000008d7a89b0}: <clinit>> (0x000000008d7a89b0) thrown at [./src/hotspot/share/prims/jni.cpp, line 1362]
Event: 6906.172 Thread 0x0000028c10106000 Exception <a 'java/lang/NoSuchMethodError'{0x000000008d7b4150}: <clinit>> (0x000000008d7b4150) thrown at [./src/hotspot/share/prims/jni.cpp, line 1362]
Event: 6906.180 Thread 0x0000028c10106000 Exception <a 'java/lang/NoSuchMethodError'{0x000000008d60bc20}: <clinit>> (0x000000008d60bc20) thrown at [./src/hotspot/share/prims/jni.cpp, line 1362]
Event: 6906.184 Thread 0x0000028c10106000 Exception <a 'java/lang/NoSuchMethodError'{0x000000008d63d840}: <clinit>> (0x000000008d63d840) thrown at [./src/hotspot/share/prims/jni.cpp, line 1362]
Event: 6906.184 Thread 0x0000028c10106000 Exception <a 'java/lang/NoSuchMethodError'{0x000000008d640ca8}: <clinit>> (0x000000008d640ca8) thrown at [./src/hotspot/share/prims/jni.cpp, line 1362]
Event: 6906.184 Thread 0x0000028c10106000 Exception <a 'java/lang/NoSuchMethodError'{0x000000008d643918}: <clinit>> (0x000000008d643918) thrown at [./src/hotspot/share/prims/jni.cpp, line 1362]
Event: 6906.186 Thread 0x0000028c10106000 Exception <a 'java/lang/NoSuchMethodError'{0x000000008d65bb98}: <clinit>> (0x000000008d65bb98) thrown at [./src/hotspot/share/prims/jni.cpp, line 1362]
Event: 6906.188 Thread 0x0000028c10106000 Exception <a 'java/lang/NoSuchMethodError'{0x000000008d672eb8}: <clinit>> (0x000000008d672eb8) thrown at [./src/hotspot/share/prims/jni.cpp, line 1362]
Event: 6906.190 Thread 0x0000028c10106000 Exception <a 'java/lang/NoSuchMethodError'{0x000000008d687938}: <clinit>> (0x000000008d687938) thrown at [./src/hotspot/share/prims/jni.cpp, line 1362]
Event: 6906.194 Thread 0x0000028c10106000 Exception <a 'java/lang/NoSuchMethodError'{0x000000008d6aa7d0}: <clinit>> (0x000000008d6aa7d0) thrown at [./src/hotspot/share/prims/jni.cpp, line 1362]
Event: 6906.197 Thread 0x0000028c10106000 Exception <a 'java/lang/NoSuchMethodError'{0x000000008d6cfb98}: <clinit>> (0x000000008d6cfb98) thrown at [./src/hotspot/share/prims/jni.cpp, line 1362]
Event: 6906.198 Thread 0x0000028c10106000 Exception <a 'java/lang/NoSuchMethodError'{0x000000008d6e4a70}: <clinit>> (0x000000008d6e4a70) thrown at [./src/hotspot/share/prims/jni.cpp, line 1362]

Events (20 events):
Event: 6909.281 loading class com/android/aaptcompiler/XmlProcessorKt done
Event: 6909.306 loading class com/android/aapt/Resources$Attribute$1
Event: 6909.306 loading class com/android/aapt/Resources$Attribute$1 done
Event: 6909.307 loading class com/android/aapt/Resources$Attribute$Builder
Event: 6909.307 loading class com/android/aapt/Resources$Attribute$Builder done
Event: 6909.308 Executing VM operation: G1CollectForAllocation
Event: 6909.317 Executing VM operation: G1CollectForAllocation done
Event: 6909.317 loading class com/android/aapt/Resources$Attribute$Symbol
Event: 6909.317 loading class com/android/aapt/Resources$Attribute$Symbol done
Event: 6909.319 loading class com/android/aapt/Resources$Attribute$SymbolOrBuilder
Event: 6909.319 loading class com/android/aapt/Resources$Attribute$SymbolOrBuilder done
Event: 6909.323 loading class com/android/aapt/Resources$Attribute$Symbol$1
Event: 6909.323 loading class com/android/aapt/Resources$Attribute$Symbol$1 done
Event: 6909.324 loading class com/android/aapt/Resources$Attribute$Symbol$Builder
Event: 6909.324 loading class com/android/aapt/Resources$Attribute$Symbol$Builder done
Event: 6909.372 loading class com/android/aapt/Resources$Id$1
Event: 6909.372 loading class com/android/aapt/Resources$Id$1 done
Event: 6909.373 loading class com/android/aapt/Resources$Id$Builder
Event: 6909.373 loading class com/android/aapt/Resources$Id$Builder done
Event: 6909.385 Executing VM operation: G1CollectForAllocation


Dynamic libraries:
0x00007ff793990000 - 0x00007ff79399a000 	E:\Program Files\Android\Android Studio\jre\bin\java.exe
0x00007ffcf3210000 - 0x00007ffcf3424000 	C:\WINDOWS\SYSTEM32\ntdll.dll
0x00007ffcf2a90000 - 0x00007ffcf2b52000 	C:\WINDOWS\System32\KERNEL32.DLL
0x00007ffcf09a0000 - 0x00007ffcf0d3c000 	C:\WINDOWS\System32\KERNELBASE.dll
0x00007ffcf0d40000 - 0x00007ffcf0e51000 	C:\WINDOWS\System32\ucrtbase.dll
0x00007ffce2a50000 - 0x00007ffce2a67000 	E:\Program Files\Android\Android Studio\jre\bin\VCRUNTIME140.dll
0x00007ffce1190000 - 0x00007ffce11a9000 	E:\Program Files\Android\Android Studio\jre\bin\jli.dll
0x00007ffcf3010000 - 0x00007ffcf31bb000 	C:\WINDOWS\System32\USER32.dll
0x00007ffcdd300000 - 0x00007ffcdd58e000 	C:\WINDOWS\WinSxS\amd64_microsoft.windows.common-controls_6595b64144ccf1df_6.0.22616.1_none_60ea04539af13d52\COMCTL32.dll
0x00007ffcf0970000 - 0x00007ffcf0996000 	C:\WINDOWS\System32\win32u.dll
0x00007ffcf2d80000 - 0x00007ffcf2e27000 	C:\WINDOWS\System32\msvcrt.dll
0x00007ffcf2a60000 - 0x00007ffcf2a89000 	C:\WINDOWS\System32\GDI32.dll
0x00007ffcf0850000 - 0x00007ffcf0962000 	C:\WINDOWS\System32\gdi32full.dll
0x00007ffcf0e60000 - 0x00007ffcf0efa000 	C:\WINDOWS\System32\msvcp_win.dll
0x00007ffcf2fb0000 - 0x00007ffcf2fe1000 	C:\WINDOWS\System32\IMM32.DLL
0x00007ffcc4380000 - 0x00007ffcc441d000 	E:\Program Files\Android\Android Studio\jre\bin\msvcp140.dll
0x00007ffc9ada0000 - 0x00007ffc9b875000 	E:\Program Files\Android\Android Studio\jre\bin\server\jvm.dll
0x00007ffcf1270000 - 0x00007ffcf131e000 	C:\WINDOWS\System32\ADVAPI32.dll
0x00007ffcf2cb0000 - 0x00007ffcf2d54000 	C:\WINDOWS\System32\sechost.dll
0x00007ffcf1050000 - 0x00007ffcf1165000 	C:\WINDOWS\System32\RPCRT4.dll
0x00007ffcf31c0000 - 0x00007ffcf31c8000 	C:\WINDOWS\System32\PSAPI.DLL
0x00007ffcebdf0000 - 0x00007ffcebdf9000 	C:\WINDOWS\SYSTEM32\WSOCK32.dll
0x00007ffce8c20000 - 0x00007ffce8c54000 	C:\WINDOWS\SYSTEM32\WINMM.dll
0x00007ffcf2350000 - 0x00007ffcf23c1000 	C:\WINDOWS\System32\WS2_32.dll
0x00007ffce9000000 - 0x00007ffce900a000 	C:\WINDOWS\SYSTEM32\VERSION.dll
0x00007ffcef690000 - 0x00007ffcef6a8000 	C:\WINDOWS\SYSTEM32\kernel.appcore.dll
0x00007ffceb010000 - 0x00007ffceb021000 	E:\Program Files\Android\Android Studio\jre\bin\verify.dll
0x00007ffcee130000 - 0x00007ffcee35e000 	C:\WINDOWS\SYSTEM32\DBGHELP.DLL
0x00007ffcf1c80000 - 0x00007ffcf2009000 	C:\WINDOWS\System32\combase.dll
0x00007ffcf2b60000 - 0x00007ffcf2c37000 	C:\WINDOWS\System32\OLEAUT32.dll
0x00007ffcc9760000 - 0x00007ffcc9792000 	C:\WINDOWS\SYSTEM32\dbgcore.DLL
0x00007ffcf07d0000 - 0x00007ffcf084b000 	C:\WINDOWS\System32\bcryptPrimitives.dll
0x00007ffce2b70000 - 0x00007ffce2b99000 	E:\Program Files\Android\Android Studio\jre\bin\java.dll
0x00007ffcebdc0000 - 0x00007ffcebdcb000 	E:\Program Files\Android\Android Studio\jre\bin\jimage.dll
0x00007ffce33b0000 - 0x00007ffce33c8000 	E:\Program Files\Android\Android Studio\jre\bin\zip.dll
0x00007ffcf14a0000 - 0x00007ffcf1c78000 	C:\WINDOWS\System32\SHELL32.dll
0x00007ffcee650000 - 0x00007ffceef08000 	C:\WINDOWS\SYSTEM32\windows.storage.dll
0x00007ffcee510000 - 0x00007ffcee64d000 	C:\WINDOWS\SYSTEM32\wintypes.dll
0x00007ffcf13a0000 - 0x00007ffcf1491000 	C:\WINDOWS\System32\SHCORE.dll
0x00007ffcf2c50000 - 0x00007ffcf2cae000 	C:\WINDOWS\System32\shlwapi.dll
0x00007ffcf0590000 - 0x00007ffcf05b1000 	C:\WINDOWS\SYSTEM32\profapi.dll
0x00007ffce3160000 - 0x00007ffce317a000 	E:\Program Files\Android\Android Studio\jre\bin\net.dll
0x00007ffce8c60000 - 0x00007ffce8d8f000 	C:\WINDOWS\SYSTEM32\WINHTTP.dll
0x00007ffcefaf0000 - 0x00007ffcefb59000 	C:\WINDOWS\system32\mswsock.dll
0x00007ffce2a90000 - 0x00007ffce2aa4000 	E:\Program Files\Android\Android Studio\jre\bin\nio.dll
0x00007ffcdb930000 - 0x00007ffcdb957000 	C:\Users\Asus\.gradle\native\e1d6ef7f7dcc3fd88c89a11ec53ec762bb8ba0a96d01ffa2cd45eb1d1d8dd5c5\windows-amd64\native-platform.dll
0x00007ffca8aa0000 - 0x00007ffca8be4000 	C:\Users\Asus\.gradle\native\5664cfc778a61ccfe75a443a1ab52a65af34e5dc3c78e0209fed803814484fcb\windows-amd64\native-platform-file-events.dll
0x00007ffceb6e0000 - 0x00007ffceb6ea000 	E:\Program Files\Android\Android Studio\jre\bin\management.dll
0x00007ffceb000000 - 0x00007ffceb00d000 	E:\Program Files\Android\Android Studio\jre\bin\management_ext.dll
0x00007ffcefd10000 - 0x00007ffcefd2b000 	C:\WINDOWS\SYSTEM32\CRYPTSP.dll
0x00007ffcef600000 - 0x00007ffcef635000 	C:\WINDOWS\system32\rsaenh.dll
0x00007ffcefbb0000 - 0x00007ffcefbd8000 	C:\WINDOWS\SYSTEM32\USERENV.dll
0x00007ffceff20000 - 0x00007ffceff48000 	C:\WINDOWS\SYSTEM32\bcrypt.dll
0x00007ffcefd00000 - 0x00007ffcefd0c000 	C:\WINDOWS\SYSTEM32\CRYPTBASE.dll
0x00007ffcef160000 - 0x00007ffcef18d000 	C:\WINDOWS\SYSTEM32\IPHLPAPI.DLL
0x00007ffcf3000000 - 0x00007ffcf3009000 	C:\WINDOWS\System32\NSI.dll
0x00007ffce9010000 - 0x00007ffce9029000 	C:\WINDOWS\SYSTEM32\dhcpcsvc6.DLL
0x00007ffce8a70000 - 0x00007ffce8a8f000 	C:\WINDOWS\SYSTEM32\dhcpcsvc.DLL
0x00007ffcef1d0000 - 0x00007ffcef2c2000 	C:\WINDOWS\SYSTEM32\DNSAPI.dll
0x00007ffcdf6f0000 - 0x00007ffcdf717000 	E:\Program Files\Android\Android Studio\jre\bin\sunec.dll
0x00007ffcef6b0000 - 0x00007ffcef6e4000 	C:\WINDOWS\SYSTEM32\ntmarta.dll
0x00007ffce5410000 - 0x00007ffce541a000 	C:\Windows\System32\rasadhlp.dll
0x00007ffce8400000 - 0x00007ffce8483000 	C:\WINDOWS\System32\fwpuclnt.dll

dbghelp: loaded successfully - version: 4.0.5 - missing functions: none
symbol engine: initialized successfully - sym options: 0x614 - pdb path: .;E:\Program Files\Android\Android Studio\jre\bin;C:\WINDOWS\SYSTEM32;C:\WINDOWS\WinSxS\amd64_microsoft.windows.common-controls_6595b64144ccf1df_6.0.22616.1_none_60ea04539af13d52;E:\Program Files\Android\Android Studio\jre\bin\server;C:\Users\Asus\.gradle\native\e1d6ef7f7dcc3fd88c89a11ec53ec762bb8ba0a96d01ffa2cd45eb1d1d8dd5c5\windows-amd64;C:\Users\Asus\.gradle\native\5664cfc778a61ccfe75a443a1ab52a65af34e5dc3c78e0209fed803814484fcb\windows-amd64

VM Arguments:
jvm_args: --add-opens=java.base/java.util=ALL-UNNAMED --add-opens=java.base/java.lang=ALL-UNNAMED --add-opens=java.base/java.lang.invoke=ALL-UNNAMED --add-opens=java.base/java.util=ALL-UNNAMED --add-opens=java.prefs/java.util.prefs=ALL-UNNAMED --add-opens=java.prefs/java.util.prefs=ALL-UNNAMED --add-opens=java.base/java.nio.charset=ALL-UNNAMED --add-opens=java.base/java.net=ALL-UNNAMED --add-opens=java.base/java.util.concurrent.atomic=ALL-UNNAMED -Xmx2048m -Dfile.encoding=UTF-8 -Duser.country=US -Duser.language=en -Duser.variant 
java_command: org.gradle.launcher.daemon.bootstrap.GradleDaemon 7.2
java_class_path (initial): C:\Users\Asus\.gradle\wrapper\dists\gradle-7.2-bin\2dnblmf4td7x66yl1d74lt32g\gradle-7.2\lib\gradle-launcher-7.2.jar
Launcher Type: SUN_STANDARD

[Global flags]
     intx CICompilerCount                          = 4                                         {product} {ergonomic}
     uint ConcGCThreads                            = 2                                         {product} {ergonomic}
     uint G1ConcRefinementThreads                  = 8                                         {product} {ergonomic}
   size_t G1HeapRegionSize                         = 1048576                                   {product} {ergonomic}
    uintx GCDrainStackTargetSize                   = 64                                        {product} {ergonomic}
   size_t InitialHeapSize                          = 184549376                                 {product} {ergonomic}
   size_t MarkStackSize                            = 4194304                                   {product} {ergonomic}
   size_t MaxHeapSize                              = 2147483648                                {product} {command line}
   size_t MaxNewSize                               = 1287651328                                {product} {ergonomic}
   size_t MinHeapDeltaBytes                        = 1048576                                   {product} {ergonomic}
    uintx NonNMethodCodeHeapSize                   = 5836300                                {pd product} {ergonomic}
    uintx NonProfiledCodeHeapSize                  = 122910970                              {pd product} {ergonomic}
    uintx ProfiledCodeHeapSize                     = 122910970                              {pd product} {ergonomic}
    uintx ReservedCodeCacheSize                    = 251658240                              {pd product} {ergonomic}
     bool SegmentedCodeCache                       = true                                      {product} {ergonomic}
     bool UseCompressedClassPointers               = true                                 {lp64_product} {ergonomic}
     bool UseCompressedOops                        = true                                 {lp64_product} {ergonomic}
     bool UseG1GC                                  = true                                      {product} {ergonomic}
     bool UseLargePagesIndividualAllocation        = false                                  {pd product} {ergonomic}

Logging:
Log output configuration:
 #0: stdout all=warning uptime,level,tags
 #1: stderr all=off uptime,level,tags

Environment Variables:
PATH=D:\Program Files (x86)\VMware\VMware Workstation\bin\;C:\Program Files\Common Files\Oracle\Java\javapath;C:\Windows\system32;C:\Windows;C:\Windows\System32\Wbem;C:\Windows\System32\WindowsPowerShell\v1.0\;C:\Windows\System32\OpenSSH\;C:\Program Files (x86)\NVIDIA Corporation\PhysX\Common;C:\WINDOWS\system32;C:\WINDOWS;C:\WINDOWS\System32\Wbem;C:\WINDOWS\System32\WindowsPowerShell\v1.0\;C:\WINDOWS\System32\OpenSSH\;C:\Program Files\Microsoft SQL Server\Client SDK\ODBC\110\Tools\Binn\;C:\Program Files (x86)\Microsoft SQL Server\120\Tools\Binn\;C:\Program Files\Microsoft SQL Server\120\Tools\Binn\;C:\Program Files\Microsoft SQL Server\120\DTS\Binn\;C:\Program Files (x86)\Microsoft SQL Server\120\Tools\Binn\ManagementStudio\;C:\Program Files (x86)\Microsoft SQL Server\120\DTS\Binn\;C:\Program Files\Microsoft SQL Server\Client SDK\ODBC\170\Tools\Binn\;C:\Program Files (x86)\Microsoft SQL Server\150\Tools\Binn\;C:\Program Files\Microsoft SQL Server\150\Tools\Binn\;C:\Program Files\Microsoft SQL Server\150\DTS\Binn\;C:\Program Files\dotnet\;C:\Program Files\Microsoft SQL Server\130\Tools\Binn\;C:\Program Files (x86)\dotnet\;E:\Program Files\PuTTY\;C:\Program Files\Git\cmd;C:\Program Files\MySQL\MySQL Shell 8.0\bin\;C:\Users\Asus\AppData\Local\Microsoft\WindowsApps;;D:\Microsoft VS Code\bin;C:\Program Files\Azure Data Studio\bin;C:\Users\Asus\.dotnet\tools
USERNAME=Asus
OS=Windows_NT
PROCESSOR_IDENTIFIER=AMD64 Family 23 Model 17 Stepping 0, AuthenticAMD



---------------  S Y S T E M  ---------------

OS: Windows 10 , 64 bit Build 22616 (10.0.22616.1)
OS uptime: 1 days 7:59 hours
Hyper-V role detected

CPU:total 8 (initial active 8) (8 cores per cpu, 2 threads per core) family 23 model 17 stepping 0 microcode 0x0, cmov, cx8, fxsr, mmx, sse, sse2, sse3, ssse3, sse4.1, sse4.2, popcnt, avx, avx2, aes, clmul, mmxext, 3dnowpref, lzcnt, sse4a, ht, tsc, tscinvbit, tscinv, bmi1, bmi2, adx, s

Memory: 4k page, system-wide physical 11212M (1881M free)
TotalPageFile size 17765M (AvailPageFile size 106M)
current process WorkingSet (physical memory assigned to process): 680M, peak: 684M
current process commit charge ("private bytes"): 761M, peak: 873M

vm_info: OpenJDK 64-Bit Server VM (11.0.11+9-b60-7590822) for windows-amd64 JRE (11.0.11+9-b60-7590822), built on Jul 29 2021 21:43:44 by "builder" with MS VC++ 14.0 (VS2015)

END.
